{"/Users/saiusa/Notely/resources/js/app.jsx": {"path":"/Users/saiusa/Notely/resources/js/app.jsx","statementMap":{"0":{"start":{"line":21,"column":20},"end":{"line":21,"column":51}},"1":{"start":{"line":23,"column":0},"end":{"line":57,"column":1}},"2":{"start":{"line":24,"column":4},"end":{"line":56,"column":6}}},"fnMap":{},"branchMap":{"0":{"loc":{"start":{"line":23,"column":0},"end":{"line":57,"column":1}},"type":"if","locations":[{"start":{"line":23,"column":0},"end":{"line":57,"column":1}},{"start":{},"end":{}}],"line":23}},"s":{"0":0,"1":0,"2":0},"f":{},"b":{"0":[0,0]}}
,"/Users/saiusa/Notely/resources/js/bootstrap.js": {"path":"/Users/saiusa/Notely/resources/js/bootstrap.js","statementMap":{"0":{"start":{"line":10,"column":0},"end":{"line":10,"column":21}},"1":{"start":{"line":12,"column":0},"end":{"line":12,"column":76}},"2":{"start":{"line":13,"column":0},"end":{"line":13,"column":45}}},"fnMap":{},"branchMap":{},"s":{"0":0,"1":0,"2":0},"f":{},"b":{}}
,"/Users/saiusa/Notely/resources/js/components/Example.jsx": {"path":"/Users/saiusa/Notely/resources/js/components/Example.jsx","statementMap":{"0":{"start":{"line":5,"column":4},"end":{"line":17,"column":6}},"1":{"start":{"line":22,"column":0},"end":{"line":30,"column":1}},"2":{"start":{"line":23,"column":18},"end":{"line":23,"column":73}},"3":{"start":{"line":25,"column":4},"end":{"line":29,"column":5}}},"fnMap":{"0":{"name":"Example","decl":{"start":{"line":4,"column":9},"end":{"line":4,"column":16}},"loc":{"start":{"line":4,"column":19},"end":{"line":18,"column":1}},"line":4}},"branchMap":{"0":{"loc":{"start":{"line":22,"column":0},"end":{"line":30,"column":1}},"type":"if","locations":[{"start":{"line":22,"column":0},"end":{"line":30,"column":1}},{"start":{},"end":{}}],"line":22}},"s":{"0":0,"1":0,"2":0,"3":0},"f":{"0":0},"b":{"0":[0,0]}}
,"/Users/saiusa/Notely/resources/js/components/PostComposerModal.jsx": {"path":"/Users/saiusa/Notely/resources/js/components/PostComposerModal.jsx","statementMap":{"0":{"start":{"line":5,"column":19},"end":{"line":18,"column":1}},"1":{"start":{"line":47,"column":22},"end":{"line":47,"column":34}},"2":{"start":{"line":48,"column":24},"end":{"line":48,"column":58}},"3":{"start":{"line":49,"column":19},"end":{"line":49,"column":61}},"4":{"start":{"line":54,"column":30},"end":{"line":54,"column":42}},"5":{"start":{"line":55,"column":34},"end":{"line":55,"column":46}},"6":{"start":{"line":56,"column":48},"end":{"line":56,"column":62}},"7":{"start":{"line":57,"column":34},"end":{"line":57,"column":52}},"8":{"start":{"line":58,"column":46},"end":{"line":58,"column":60}},"9":{"start":{"line":59,"column":42},"end":{"line":59,"column":57}},"10":{"start":{"line":60,"column":28},"end":{"line":60,"column":40}},"11":{"start":{"line":63,"column":36},"end":{"line":63,"column":50}},"12":{"start":{"line":64,"column":44},"end":{"line":64,"column":58}},"13":{"start":{"line":65,"column":25},"end":{"line":65,"column":37}},"14":{"start":{"line":68,"column":40},"end":{"line":68,"column":55}},"15":{"start":{"line":69,"column":48},"end":{"line":69,"column":63}},"16":{"start":{"line":70,"column":46},"end":{"line":70,"column":61}},"17":{"start":{"line":71,"column":34},"end":{"line":71,"column":49}},"18":{"start":{"line":72,"column":30},"end":{"line":72,"column":42}},"19":{"start":{"line":77,"column":25},"end":{"line":79,"column":24}},"20":{"start":{"line":78,"column":8},"end":{"line":78,"column":82}},"21":{"start":{"line":78,"column":44},"end":{"line":78,"column":72}},"22":{"start":{"line":81,"column":29},"end":{"line":85,"column":66}},"23":{"start":{"line":87,"column":29},"end":{"line":91,"column":66}},"24":{"start":{"line":96,"column":4},"end":{"line":149,"column":40}},"25":{"start":{"line":97,"column":8},"end":{"line":97,"column":28}},"26":{"start":{"line":97,"column":21},"end":{"line":97,"column":28}},"27":{"start":{"line":99,"column":8},"end":{"line":143,"column":9}},"28":{"start":{"line":101,"column":12},"end":{"line":101,"column":45}},"29":{"start":{"line":102,"column":12},"end":{"line":102,"column":49}},"30":{"start":{"line":103,"column":12},"end":{"line":103,"column":58}},"31":{"start":{"line":104,"column":12},"end":{"line":104,"column":55}},"32":{"start":{"line":105,"column":12},"end":{"line":107,"column":14}},"33":{"start":{"line":108,"column":12},"end":{"line":108,"column":61}},"34":{"start":{"line":109,"column":12},"end":{"line":115,"column":14}},"35":{"start":{"line":112,"column":37},"end":{"line":112,"column":77}},"36":{"start":{"line":118,"column":12},"end":{"line":127,"column":13}},"37":{"start":{"line":119,"column":33},"end":{"line":123,"column":52}},"38":{"start":{"line":124,"column":16},"end":{"line":124,"column":42}},"39":{"start":{"line":126,"column":16},"end":{"line":126,"column":38}},"40":{"start":{"line":129,"column":12},"end":{"line":129,"column":30}},"41":{"start":{"line":130,"column":12},"end":{"line":130,"column":25}},"42":{"start":{"line":133,"column":12},"end":{"line":133,"column":25}},"43":{"start":{"line":134,"column":12},"end":{"line":134,"column":27}},"44":{"start":{"line":135,"column":12},"end":{"line":135,"column":36}},"45":{"start":{"line":136,"column":12},"end":{"line":136,"column":33}},"46":{"start":{"line":137,"column":12},"end":{"line":137,"column":35}},"47":{"start":{"line":138,"column":12},"end":{"line":138,"column":34}},"48":{"start":{"line":139,"column":12},"end":{"line":139,"column":24}},"49":{"start":{"line":140,"column":12},"end":{"line":140,"column":34}},"50":{"start":{"line":141,"column":12},"end":{"line":141,"column":30}},"51":{"start":{"line":142,"column":12},"end":{"line":142,"column":25}},"52":{"start":{"line":146,"column":8},"end":{"line":146,"column":29}},"53":{"start":{"line":147,"column":8},"end":{"line":147,"column":33}},"54":{"start":{"line":148,"column":8},"end":{"line":148,"column":32}},"55":{"start":{"line":152,"column":4},"end":{"line":161,"column":27}},"56":{"start":{"line":153,"column":8},"end":{"line":160,"column":9}},"57":{"start":{"line":154,"column":37},"end":{"line":154,"column":65}},"58":{"start":{"line":155,"column":12},"end":{"line":155,"column":52}},"59":{"start":{"line":157,"column":12},"end":{"line":159,"column":14}},"60":{"start":{"line":158,"column":16},"end":{"line":158,"column":64}},"61":{"start":{"line":166,"column":25},"end":{"line":188,"column":5}},"62":{"start":{"line":167,"column":8},"end":{"line":170,"column":9}},"63":{"start":{"line":168,"column":12},"end":{"line":168,"column":46}},"64":{"start":{"line":169,"column":12},"end":{"line":169,"column":25}},"65":{"start":{"line":172,"column":8},"end":{"line":175,"column":9}},"66":{"start":{"line":173,"column":12},"end":{"line":173,"column":63}},"67":{"start":{"line":174,"column":12},"end":{"line":174,"column":25}},"68":{"start":{"line":177,"column":8},"end":{"line":180,"column":9}},"69":{"start":{"line":178,"column":12},"end":{"line":178,"column":48}},"70":{"start":{"line":179,"column":12},"end":{"line":179,"column":25}},"71":{"start":{"line":182,"column":8},"end":{"line":185,"column":9}},"72":{"start":{"line":183,"column":12},"end":{"line":183,"column":49}},"73":{"start":{"line":184,"column":12},"end":{"line":184,"column":25}},"74":{"start":{"line":187,"column":8},"end":{"line":187,"column":20}},"75":{"start":{"line":190,"column":25},"end":{"line":261,"column":5}},"76":{"start":{"line":191,"column":8},"end":{"line":191,"column":36}},"77":{"start":{"line":191,"column":29},"end":{"line":191,"column":36}},"78":{"start":{"line":193,"column":8},"end":{"line":193,"column":25}},"79":{"start":{"line":194,"column":8},"end":{"line":194,"column":21}},"80":{"start":{"line":196,"column":8},"end":{"line":260,"column":9}},"81":{"start":{"line":198,"column":29},"end":{"line":201,"column":32}},"82":{"start":{"line":200,"column":28},"end":{"line":200,"column":54}},"83":{"start":{"line":204,"column":29},"end":{"line":204,"column":43}},"84":{"start":{"line":207,"column":12},"end":{"line":207,"column":49}},"85":{"start":{"line":209,"column":12},"end":{"line":211,"column":13}},"86":{"start":{"line":210,"column":16},"end":{"line":210,"column":48}},"87":{"start":{"line":213,"column":12},"end":{"line":213,"column":48}},"88":{"start":{"line":214,"column":12},"end":{"line":214,"column":61}},"89":{"start":{"line":215,"column":12},"end":{"line":215,"column":48}},"90":{"start":{"line":216,"column":12},"end":{"line":216,"column":69}},"91":{"start":{"line":217,"column":12},"end":{"line":217,"column":65}},"92":{"start":{"line":219,"column":12},"end":{"line":221,"column":13}},"93":{"start":{"line":220,"column":16},"end":{"line":220,"column":67}},"94":{"start":{"line":224,"column":12},"end":{"line":228,"column":13}},"95":{"start":{"line":225,"column":16},"end":{"line":227,"column":19}},"96":{"start":{"line":226,"column":20},"end":{"line":226,"column":61}},"97":{"start":{"line":231,"column":12},"end":{"line":233,"column":13}},"98":{"start":{"line":232,"column":16},"end":{"line":232,"column":51}},"99":{"start":{"line":237,"column":12},"end":{"line":246,"column":13}},"100":{"start":{"line":239,"column":16},"end":{"line":242,"column":18}},"101":{"start":{"line":245,"column":16},"end":{"line":245,"column":64}},"102":{"start":{"line":249,"column":12},"end":{"line":251,"column":13}},"103":{"start":{"line":250,"column":16},"end":{"line":250,"column":38}},"104":{"start":{"line":253,"column":12},"end":{"line":253,"column":22}},"105":{"start":{"line":255,"column":24},"end":{"line":256,"column":81}},"106":{"start":{"line":257,"column":12},"end":{"line":257,"column":26}},"107":{"start":{"line":259,"column":12},"end":{"line":259,"column":30}},"108":{"start":{"line":266,"column":29},"end":{"line":288,"column":5}},"109":{"start":{"line":267,"column":21},"end":{"line":267,"column":40}},"110":{"start":{"line":268,"column":8},"end":{"line":268,"column":26}},"111":{"start":{"line":268,"column":19},"end":{"line":268,"column":26}},"112":{"start":{"line":270,"column":8},"end":{"line":273,"column":9}},"113":{"start":{"line":271,"column":12},"end":{"line":271,"column":57}},"114":{"start":{"line":272,"column":12},"end":{"line":272,"column":19}},"115":{"start":{"line":275,"column":8},"end":{"line":278,"column":9}},"116":{"start":{"line":276,"column":12},"end":{"line":276,"column":55}},"117":{"start":{"line":277,"column":12},"end":{"line":277,"column":19}},"118":{"start":{"line":280,"column":8},"end":{"line":280,"column":26}},"119":{"start":{"line":281,"column":8},"end":{"line":281,"column":21}},"120":{"start":{"line":283,"column":23},"end":{"line":283,"column":39}},"121":{"start":{"line":284,"column":8},"end":{"line":286,"column":10}},"122":{"start":{"line":285,"column":12},"end":{"line":285,"column":50}},"123":{"start":{"line":287,"column":8},"end":{"line":287,"column":35}},"124":{"start":{"line":290,"column":35},"end":{"line":292,"column":5}},"125":{"start":{"line":291,"column":8},"end":{"line":291,"column":38}},"126":{"start":{"line":294,"column":30},"end":{"line":310,"column":5}},"127":{"start":{"line":295,"column":8},"end":{"line":295,"column":26}},"128":{"start":{"line":296,"column":8},"end":{"line":306,"column":9}},"129":{"start":{"line":298,"column":29},"end":{"line":302,"column":48}},"130":{"start":{"line":303,"column":12},"end":{"line":303,"column":38}},"131":{"start":{"line":305,"column":12},"end":{"line":305,"column":34}},"132":{"start":{"line":307,"column":8},"end":{"line":309,"column":9}},"133":{"start":{"line":308,"column":12},"end":{"line":308,"column":44}},"134":{"start":{"line":315,"column":4},"end":{"line":668,"column":6}},"135":{"start":{"line":363,"column":53},"end":{"line":363,"column":77}},"136":{"start":{"line":370,"column":53},"end":{"line":370,"column":79}},"137":{"start":{"line":382,"column":49},"end":{"line":382,"column":75}},"138":{"start":{"line":395,"column":53},"end":{"line":395,"column":79}},"139":{"start":{"line":466,"column":28},"end":{"line":466,"column":63}},"140":{"start":{"line":466,"column":56},"end":{"line":466,"column":61}},"141":{"start":{"line":467,"column":28},"end":{"line":467,"column":49}},"142":{"start":{"line":481,"column":47},"end":{"line":481,"column":80}},"143":{"start":{"line":481,"column":74},"end":{"line":481,"column":79}},"144":{"start":{"line":496,"column":40},"end":{"line":515,"column":49}},"145":{"start":{"line":500,"column":48},"end":{"line":500,"column":67}},"146":{"start":{"line":501,"column":48},"end":{"line":501,"column":72}},"147":{"start":{"line":523,"column":47},"end":{"line":523,"column":80}},"148":{"start":{"line":523,"column":74},"end":{"line":523,"column":79}},"149":{"start":{"line":547,"column":47},"end":{"line":547,"column":78}},"150":{"start":{"line":547,"column":72},"end":{"line":547,"column":77}},"151":{"start":{"line":591,"column":28},"end":{"line":591,"column":59}},"152":{"start":{"line":591,"column":52},"end":{"line":591,"column":57}},"153":{"start":{"line":592,"column":28},"end":{"line":592,"column":53}},"154":{"start":{"line":612,"column":41},"end":{"line":612,"column":64}},"155":{"start":{"line":619,"column":36},"end":{"line":634,"column":45}},"156":{"start":{"line":623,"column":44},"end":{"line":623,"column":73}},"157":{"start":{"line":624,"column":44},"end":{"line":624,"column":65}}},"fnMap":{"0":{"name":"PostComposerModal","decl":{"start":{"line":34,"column":24},"end":{"line":34,"column":41}},"loc":{"start":{"line":43,"column":3},"end":{"line":669,"column":1}},"line":43},"1":{"name":"(anonymous_1)","decl":{"start":{"line":77,"column":33},"end":{"line":77,"column":34}},"loc":{"start":{"line":77,"column":39},"end":{"line":79,"column":5}},"line":77},"2":{"name":"(anonymous_2)","decl":{"start":{"line":78,"column":32},"end":{"line":78,"column":33}},"loc":{"start":{"line":78,"column":44},"end":{"line":78,"column":72}},"line":78},"3":{"name":"(anonymous_3)","decl":{"start":{"line":96,"column":14},"end":{"line":96,"column":15}},"loc":{"start":{"line":96,"column":20},"end":{"line":149,"column":5}},"line":96},"4":{"name":"(anonymous_4)","decl":{"start":{"line":112,"column":29},"end":{"line":112,"column":30}},"loc":{"start":{"line":112,"column":37},"end":{"line":112,"column":77}},"line":112},"5":{"name":"(anonymous_5)","decl":{"start":{"line":152,"column":14},"end":{"line":152,"column":15}},"loc":{"start":{"line":152,"column":20},"end":{"line":161,"column":5}},"line":152},"6":{"name":"(anonymous_6)","decl":{"start":{"line":157,"column":19},"end":{"line":157,"column":20}},"loc":{"start":{"line":157,"column":25},"end":{"line":159,"column":13}},"line":157},"7":{"name":"(anonymous_7)","decl":{"start":{"line":166,"column":25},"end":{"line":166,"column":26}},"loc":{"start":{"line":166,"column":31},"end":{"line":188,"column":5}},"line":166},"8":{"name":"(anonymous_8)","decl":{"start":{"line":190,"column":25},"end":{"line":190,"column":26}},"loc":{"start":{"line":190,"column":37},"end":{"line":261,"column":5}},"line":190},"9":{"name":"(anonymous_9)","decl":{"start":{"line":200,"column":21},"end":{"line":200,"column":22}},"loc":{"start":{"line":200,"column":28},"end":{"line":200,"column":54}},"line":200},"10":{"name":"(anonymous_10)","decl":{"start":{"line":225,"column":33},"end":{"line":225,"column":34}},"loc":{"start":{"line":225,"column":47},"end":{"line":227,"column":17}},"line":225},"11":{"name":"(anonymous_11)","decl":{"start":{"line":266,"column":29},"end":{"line":266,"column":30}},"loc":{"start":{"line":266,"column":36},"end":{"line":288,"column":5}},"line":266},"12":{"name":"(anonymous_12)","decl":{"start":{"line":284,"column":24},"end":{"line":284,"column":25}},"loc":{"start":{"line":284,"column":35},"end":{"line":286,"column":9}},"line":284},"13":{"name":"(anonymous_13)","decl":{"start":{"line":290,"column":35},"end":{"line":290,"column":36}},"loc":{"start":{"line":290,"column":41},"end":{"line":292,"column":5}},"line":290},"14":{"name":"(anonymous_14)","decl":{"start":{"line":294,"column":30},"end":{"line":294,"column":31}},"loc":{"start":{"line":294,"column":36},"end":{"line":310,"column":5}},"line":294},"15":{"name":"(anonymous_15)","decl":{"start":{"line":363,"column":46},"end":{"line":363,"column":47}},"loc":{"start":{"line":363,"column":53},"end":{"line":363,"column":77}},"line":363},"16":{"name":"(anonymous_16)","decl":{"start":{"line":370,"column":46},"end":{"line":370,"column":47}},"loc":{"start":{"line":370,"column":53},"end":{"line":370,"column":79}},"line":370},"17":{"name":"(anonymous_17)","decl":{"start":{"line":382,"column":42},"end":{"line":382,"column":43}},"loc":{"start":{"line":382,"column":49},"end":{"line":382,"column":75}},"line":382},"18":{"name":"(anonymous_18)","decl":{"start":{"line":395,"column":46},"end":{"line":395,"column":47}},"loc":{"start":{"line":395,"column":53},"end":{"line":395,"column":79}},"line":395},"19":{"name":"(anonymous_19)","decl":{"start":{"line":465,"column":33},"end":{"line":465,"column":34}},"loc":{"start":{"line":465,"column":39},"end":{"line":468,"column":25}},"line":465},"20":{"name":"(anonymous_20)","decl":{"start":{"line":466,"column":46},"end":{"line":466,"column":47}},"loc":{"start":{"line":466,"column":56},"end":{"line":466,"column":61}},"line":466},"21":{"name":"(anonymous_21)","decl":{"start":{"line":481,"column":41},"end":{"line":481,"column":42}},"loc":{"start":{"line":481,"column":47},"end":{"line":481,"column":80}},"line":481},"22":{"name":"(anonymous_22)","decl":{"start":{"line":481,"column":64},"end":{"line":481,"column":65}},"loc":{"start":{"line":481,"column":74},"end":{"line":481,"column":79}},"line":481},"23":{"name":"(anonymous_23)","decl":{"start":{"line":495,"column":63},"end":{"line":495,"column":64}},"loc":{"start":{"line":496,"column":40},"end":{"line":515,"column":49}},"line":496},"24":{"name":"(anonymous_24)","decl":{"start":{"line":499,"column":53},"end":{"line":499,"column":54}},"loc":{"start":{"line":499,"column":59},"end":{"line":502,"column":45}},"line":499},"25":{"name":"(anonymous_25)","decl":{"start":{"line":523,"column":41},"end":{"line":523,"column":42}},"loc":{"start":{"line":523,"column":47},"end":{"line":523,"column":80}},"line":523},"26":{"name":"(anonymous_26)","decl":{"start":{"line":523,"column":64},"end":{"line":523,"column":65}},"loc":{"start":{"line":523,"column":74},"end":{"line":523,"column":79}},"line":523},"27":{"name":"(anonymous_27)","decl":{"start":{"line":547,"column":41},"end":{"line":547,"column":42}},"loc":{"start":{"line":547,"column":47},"end":{"line":547,"column":78}},"line":547},"28":{"name":"(anonymous_28)","decl":{"start":{"line":547,"column":62},"end":{"line":547,"column":63}},"loc":{"start":{"line":547,"column":72},"end":{"line":547,"column":77}},"line":547},"29":{"name":"(anonymous_29)","decl":{"start":{"line":590,"column":33},"end":{"line":590,"column":34}},"loc":{"start":{"line":590,"column":39},"end":{"line":593,"column":25}},"line":590},"30":{"name":"(anonymous_30)","decl":{"start":{"line":591,"column":42},"end":{"line":591,"column":43}},"loc":{"start":{"line":591,"column":52},"end":{"line":591,"column":57}},"line":591},"31":{"name":"(anonymous_31)","decl":{"start":{"line":612,"column":34},"end":{"line":612,"column":35}},"loc":{"start":{"line":612,"column":41},"end":{"line":612,"column":64}},"line":612},"32":{"name":"(anonymous_32)","decl":{"start":{"line":618,"column":49},"end":{"line":618,"column":50}},"loc":{"start":{"line":619,"column":36},"end":{"line":634,"column":45}},"line":619},"33":{"name":"(anonymous_33)","decl":{"start":{"line":622,"column":49},"end":{"line":622,"column":50}},"loc":{"start":{"line":622,"column":55},"end":{"line":625,"column":41}},"line":622}},"branchMap":{"0":{"loc":{"start":{"line":35,"column":4},"end":{"line":35,"column":17}},"type":"default-arg","locations":[{"start":{"line":35,"column":11},"end":{"line":35,"column":17}}],"line":35},"1":{"loc":{"start":{"line":36,"column":4},"end":{"line":36,"column":21}},"type":"default-arg","locations":[{"start":{"line":36,"column":17},"end":{"line":36,"column":21}}],"line":36},"2":{"loc":{"start":{"line":39,"column":4},"end":{"line":39,"column":22}},"type":"default-arg","locations":[{"start":{"line":39,"column":18},"end":{"line":39,"column":22}}],"line":39},"3":{"loc":{"start":{"line":40,"column":4},"end":{"line":40,"column":20}},"type":"default-arg","locations":[{"start":{"line":40,"column":16},"end":{"line":40,"column":20}}],"line":40},"4":{"loc":{"start":{"line":41,"column":4},"end":{"line":41,"column":20}},"type":"default-arg","locations":[{"start":{"line":41,"column":15},"end":{"line":41,"column":20}}],"line":41},"5":{"loc":{"start":{"line":42,"column":4},"end":{"line":42,"column":17}},"type":"default-arg","locations":[{"start":{"line":42,"column":13},"end":{"line":42,"column":17}}],"line":42},"6":{"loc":{"start":{"line":48,"column":24},"end":{"line":48,"column":58}},"type":"cond-expr","locations":[{"start":{"line":48,"column":36},"end":{"line":48,"column":51}},{"start":{"line":48,"column":54},"end":{"line":48,"column":58}}],"line":48},"7":{"loc":{"start":{"line":49,"column":19},"end":{"line":49,"column":61}},"type":"binary-expr","locations":[{"start":{"line":49,"column":19},"end":{"line":49,"column":42}},{"start":{"line":49,"column":46},"end":{"line":49,"column":61}}],"line":49},"8":{"loc":{"start":{"line":78,"column":15},"end":{"line":78,"column":81}},"type":"binary-expr","locations":[{"start":{"line":78,"column":15},"end":{"line":78,"column":73}},{"start":{"line":78,"column":77},"end":{"line":78,"column":81}}],"line":78},"9":{"loc":{"start":{"line":81,"column":29},"end":{"line":85,"column":66}},"type":"cond-expr","locations":[{"start":{"line":82,"column":10},"end":{"line":82,"column":69}},{"start":{"line":83,"column":10},"end":{"line":85,"column":66}}],"line":81},"10":{"loc":{"start":{"line":83,"column":10},"end":{"line":85,"column":66}},"type":"cond-expr","locations":[{"start":{"line":84,"column":10},"end":{"line":84,"column":71}},{"start":{"line":85,"column":10},"end":{"line":85,"column":66}}],"line":83},"11":{"loc":{"start":{"line":87,"column":29},"end":{"line":91,"column":66}},"type":"cond-expr","locations":[{"start":{"line":88,"column":10},"end":{"line":88,"column":69}},{"start":{"line":89,"column":10},"end":{"line":91,"column":66}}],"line":87},"12":{"loc":{"start":{"line":89,"column":10},"end":{"line":91,"column":66}},"type":"cond-expr","locations":[{"start":{"line":90,"column":10},"end":{"line":90,"column":71}},{"start":{"line":91,"column":10},"end":{"line":91,"column":66}}],"line":89},"13":{"loc":{"start":{"line":97,"column":8},"end":{"line":97,"column":28}},"type":"if","locations":[{"start":{"line":97,"column":8},"end":{"line":97,"column":28}},{"start":{},"end":{}}],"line":97},"14":{"loc":{"start":{"line":99,"column":8},"end":{"line":143,"column":9}},"type":"if","locations":[{"start":{"line":99,"column":8},"end":{"line":143,"column":9}},{"start":{"line":131,"column":15},"end":{"line":143,"column":9}}],"line":99},"15":{"loc":{"start":{"line":99,"column":12},"end":{"line":99,"column":35}},"type":"binary-expr","locations":[{"start":{"line":99,"column":12},"end":{"line":99,"column":21}},{"start":{"line":99,"column":25},"end":{"line":99,"column":35}}],"line":99},"16":{"loc":{"start":{"line":101,"column":21},"end":{"line":101,"column":43}},"type":"binary-expr","locations":[{"start":{"line":101,"column":21},"end":{"line":101,"column":37}},{"start":{"line":101,"column":41},"end":{"line":101,"column":43}}],"line":101},"17":{"loc":{"start":{"line":102,"column":23},"end":{"line":102,"column":47}},"type":"binary-expr","locations":[{"start":{"line":102,"column":23},"end":{"line":102,"column":41}},{"start":{"line":102,"column":45},"end":{"line":102,"column":47}}],"line":102},"18":{"loc":{"start":{"line":103,"column":30},"end":{"line":103,"column":56}},"type":"binary-expr","locations":[{"start":{"line":103,"column":30},"end":{"line":103,"column":48}},{"start":{"line":103,"column":52},"end":{"line":103,"column":56}}],"line":103},"19":{"loc":{"start":{"line":104,"column":23},"end":{"line":104,"column":53}},"type":"binary-expr","locations":[{"start":{"line":104,"column":23},"end":{"line":104,"column":41}},{"start":{"line":104,"column":45},"end":{"line":104,"column":53}}],"line":104},"20":{"loc":{"start":{"line":106,"column":16},"end":{"line":106,"column":90}},"type":"cond-expr","locations":[{"start":{"line":106,"column":58},"end":{"line":106,"column":83}},{"start":{"line":106,"column":86},"end":{"line":106,"column":90}}],"line":106},"21":{"loc":{"start":{"line":108,"column":27},"end":{"line":108,"column":59}},"type":"binary-expr","locations":[{"start":{"line":108,"column":27},"end":{"line":108,"column":50}},{"start":{"line":108,"column":54},"end":{"line":108,"column":59}}],"line":108},"22":{"loc":{"start":{"line":110,"column":16},"end":{"line":114,"column":24}},"type":"cond-expr","locations":[{"start":{"line":111,"column":22},"end":{"line":113,"column":35}},{"start":{"line":114,"column":22},"end":{"line":114,"column":24}}],"line":110},"23":{"loc":{"start":{"line":112,"column":37},"end":{"line":112,"column":77}},"type":"cond-expr","locations":[{"start":{"line":112,"column":61},"end":{"line":112,"column":62}},{"start":{"line":112,"column":65},"end":{"line":112,"column":77}}],"line":112},"24":{"loc":{"start":{"line":118,"column":12},"end":{"line":127,"column":13}},"type":"if","locations":[{"start":{"line":118,"column":12},"end":{"line":127,"column":13}},{"start":{"line":125,"column":19},"end":{"line":127,"column":13}}],"line":118},"25":{"loc":{"start":{"line":119,"column":33},"end":{"line":123,"column":52}},"type":"cond-expr","locations":[{"start":{"line":120,"column":22},"end":{"line":120,"column":38}},{"start":{"line":121,"column":22},"end":{"line":123,"column":52}}],"line":119},"26":{"loc":{"start":{"line":121,"column":22},"end":{"line":123,"column":52}},"type":"cond-expr","locations":[{"start":{"line":122,"column":22},"end":{"line":122,"column":38}},{"start":{"line":123,"column":22},"end":{"line":123,"column":52}}],"line":121},"27":{"loc":{"start":{"line":153,"column":8},"end":{"line":160,"column":9}},"type":"if","locations":[{"start":{"line":153,"column":8},"end":{"line":160,"column":9}},{"start":{},"end":{}}],"line":153},"28":{"loc":{"start":{"line":153,"column":12},"end":{"line":153,"column":31}},"type":"binary-expr","locations":[{"start":{"line":153,"column":12},"end":{"line":153,"column":18}},{"start":{"line":153,"column":22},"end":{"line":153,"column":31}}],"line":153},"29":{"loc":{"start":{"line":167,"column":8},"end":{"line":170,"column":9}},"type":"if","locations":[{"start":{"line":167,"column":8},"end":{"line":170,"column":9}},{"start":{},"end":{}}],"line":167},"30":{"loc":{"start":{"line":172,"column":8},"end":{"line":175,"column":9}},"type":"if","locations":[{"start":{"line":172,"column":8},"end":{"line":175,"column":9}},{"start":{},"end":{}}],"line":172},"31":{"loc":{"start":{"line":172,"column":12},"end":{"line":172,"column":51}},"type":"binary-expr","locations":[{"start":{"line":172,"column":12},"end":{"line":172,"column":34}},{"start":{"line":172,"column":38},"end":{"line":172,"column":51}}],"line":172},"32":{"loc":{"start":{"line":177,"column":8},"end":{"line":180,"column":9}},"type":"if","locations":[{"start":{"line":177,"column":8},"end":{"line":180,"column":9}},{"start":{},"end":{}}],"line":177},"33":{"loc":{"start":{"line":182,"column":8},"end":{"line":185,"column":9}},"type":"if","locations":[{"start":{"line":182,"column":8},"end":{"line":185,"column":9}},{"start":{},"end":{}}],"line":182},"34":{"loc":{"start":{"line":182,"column":12},"end":{"line":182,"column":52}},"type":"binary-expr","locations":[{"start":{"line":182,"column":12},"end":{"line":182,"column":35}},{"start":{"line":182,"column":39},"end":{"line":182,"column":52}}],"line":182},"35":{"loc":{"start":{"line":191,"column":8},"end":{"line":191,"column":36}},"type":"if","locations":[{"start":{"line":191,"column":8},"end":{"line":191,"column":36}},{"start":{},"end":{}}],"line":191},"36":{"loc":{"start":{"line":209,"column":12},"end":{"line":211,"column":13}},"type":"if","locations":[{"start":{"line":209,"column":12},"end":{"line":211,"column":13}},{"start":{},"end":{}}],"line":209},"37":{"loc":{"start":{"line":209,"column":16},"end":{"line":209,"column":90}},"type":"binary-expr","locations":[{"start":{"line":209,"column":16},"end":{"line":209,"column":38}},{"start":{"line":209,"column":42},"end":{"line":209,"column":47}},{"start":{"line":209,"column":51},"end":{"line":209,"column":70}},{"start":{"line":209,"column":74},"end":{"line":209,"column":90}}],"line":209},"38":{"loc":{"start":{"line":216,"column":46},"end":{"line":216,"column":67}},"type":"cond-expr","locations":[{"start":{"line":216,"column":62},"end":{"line":216,"column":63}},{"start":{"line":216,"column":66},"end":{"line":216,"column":67}}],"line":216},"39":{"loc":{"start":{"line":217,"column":44},"end":{"line":217,"column":63}},"type":"cond-expr","locations":[{"start":{"line":217,"column":58},"end":{"line":217,"column":59}},{"start":{"line":217,"column":62},"end":{"line":217,"column":63}}],"line":217},"40":{"loc":{"start":{"line":219,"column":12},"end":{"line":221,"column":13}},"type":"if","locations":[{"start":{"line":219,"column":12},"end":{"line":221,"column":13}},{"start":{},"end":{}}],"line":219},"41":{"loc":{"start":{"line":220,"column":48},"end":{"line":220,"column":65}},"type":"binary-expr","locations":[{"start":{"line":220,"column":48},"end":{"line":220,"column":59}},{"start":{"line":220,"column":63},"end":{"line":220,"column":65}}],"line":220},"42":{"loc":{"start":{"line":224,"column":12},"end":{"line":228,"column":13}},"type":"if","locations":[{"start":{"line":224,"column":12},"end":{"line":228,"column":13}},{"start":{},"end":{}}],"line":224},"43":{"loc":{"start":{"line":231,"column":12},"end":{"line":233,"column":13}},"type":"if","locations":[{"start":{"line":231,"column":12},"end":{"line":233,"column":13}},{"start":{},"end":{}}],"line":231},"44":{"loc":{"start":{"line":231,"column":16},"end":{"line":231,"column":51}},"type":"binary-expr","locations":[{"start":{"line":231,"column":16},"end":{"line":231,"column":39}},{"start":{"line":231,"column":43},"end":{"line":231,"column":51}}],"line":231},"45":{"loc":{"start":{"line":237,"column":12},"end":{"line":246,"column":13}},"type":"if","locations":[{"start":{"line":237,"column":12},"end":{"line":246,"column":13}},{"start":{"line":243,"column":19},"end":{"line":246,"column":13}}],"line":237},"46":{"loc":{"start":{"line":240,"column":20},"end":{"line":240,"column":55}},"type":"binary-expr","locations":[{"start":{"line":240,"column":20},"end":{"line":240,"column":38}},{"start":{"line":240,"column":42},"end":{"line":240,"column":55}}],"line":240},"47":{"loc":{"start":{"line":249,"column":12},"end":{"line":251,"column":13}},"type":"if","locations":[{"start":{"line":249,"column":12},"end":{"line":251,"column":13}},{"start":{},"end":{}}],"line":249},"48":{"loc":{"start":{"line":255,"column":24},"end":{"line":256,"column":81}},"type":"binary-expr","locations":[{"start":{"line":255,"column":24},"end":{"line":255,"column":51}},{"start":{"line":256,"column":17},"end":{"line":256,"column":80}}],"line":255},"49":{"loc":{"start":{"line":256,"column":17},"end":{"line":256,"column":80}},"type":"cond-expr","locations":[{"start":{"line":256,"column":29},"end":{"line":256,"column":53}},{"start":{"line":256,"column":56},"end":{"line":256,"column":80}}],"line":256},"50":{"loc":{"start":{"line":268,"column":8},"end":{"line":268,"column":26}},"type":"if","locations":[{"start":{"line":268,"column":8},"end":{"line":268,"column":26}},{"start":{},"end":{}}],"line":268},"51":{"loc":{"start":{"line":270,"column":8},"end":{"line":273,"column":9}},"type":"if","locations":[{"start":{"line":270,"column":8},"end":{"line":273,"column":9}},{"start":{},"end":{}}],"line":270},"52":{"loc":{"start":{"line":275,"column":8},"end":{"line":278,"column":9}},"type":"if","locations":[{"start":{"line":275,"column":8},"end":{"line":278,"column":9}},{"start":{},"end":{}}],"line":275},"53":{"loc":{"start":{"line":296,"column":8},"end":{"line":306,"column":9}},"type":"if","locations":[{"start":{"line":296,"column":8},"end":{"line":306,"column":9}},{"start":{"line":304,"column":15},"end":{"line":306,"column":9}}],"line":296},"54":{"loc":{"start":{"line":296,"column":12},"end":{"line":296,"column":42}},"type":"binary-expr","locations":[{"start":{"line":296,"column":12},"end":{"line":296,"column":21}},{"start":{"line":296,"column":25},"end":{"line":296,"column":42}}],"line":296},"55":{"loc":{"start":{"line":298,"column":29},"end":{"line":302,"column":48}},"type":"cond-expr","locations":[{"start":{"line":299,"column":18},"end":{"line":299,"column":34}},{"start":{"line":300,"column":18},"end":{"line":302,"column":48}}],"line":298},"56":{"loc":{"start":{"line":300,"column":18},"end":{"line":302,"column":48}},"type":"cond-expr","locations":[{"start":{"line":301,"column":18},"end":{"line":301,"column":34}},{"start":{"line":302,"column":18},"end":{"line":302,"column":48}}],"line":300},"57":{"loc":{"start":{"line":307,"column":8},"end":{"line":309,"column":9}},"type":"if","locations":[{"start":{"line":307,"column":8},"end":{"line":309,"column":9}},{"start":{},"end":{}}],"line":307},"58":{"loc":{"start":{"line":319,"column":17},"end":{"line":341,"column":17}},"type":"binary-expr","locations":[{"start":{"line":319,"column":17},"end":{"line":319,"column":26}},{"start":{"line":320,"column":20},"end":{"line":340,"column":26}}],"line":319},"59":{"loc":{"start":{"line":323,"column":33},"end":{"line":327,"column":45}},"type":"cond-expr","locations":[{"start":{"line":324,"column":38},"end":{"line":324,"column":51}},{"start":{"line":325,"column":38},"end":{"line":327,"column":45}}],"line":323},"60":{"loc":{"start":{"line":325,"column":38},"end":{"line":327,"column":45}},"type":"cond-expr","locations":[{"start":{"line":326,"column":38},"end":{"line":326,"column":52}},{"start":{"line":327,"column":38},"end":{"line":327,"column":45}}],"line":325},"61":{"loc":{"start":{"line":334,"column":25},"end":{"line":339,"column":25}},"type":"binary-expr","locations":[{"start":{"line":334,"column":25},"end":{"line":334,"column":34}},{"start":{"line":335,"column":28},"end":{"line":338,"column":34}}],"line":334},"62":{"loc":{"start":{"line":344,"column":17},"end":{"line":349,"column":17}},"type":"binary-expr","locations":[{"start":{"line":344,"column":17},"end":{"line":344,"column":27}},{"start":{"line":344,"column":31},"end":{"line":344,"column":40}},{"start":{"line":345,"column":20},"end":{"line":348,"column":26}}],"line":344},"63":{"loc":{"start":{"line":355,"column":25},"end":{"line":373,"column":25}},"type":"binary-expr","locations":[{"start":{"line":355,"column":25},"end":{"line":355,"column":47}},{"start":{"line":356,"column":28},"end":{"line":372,"column":31}}],"line":355},"64":{"loc":{"start":{"line":376,"column":25},"end":{"line":384,"column":25}},"type":"binary-expr","locations":[{"start":{"line":376,"column":25},"end":{"line":376,"column":48}},{"start":{"line":377,"column":28},"end":{"line":383,"column":30}}],"line":376},"65":{"loc":{"start":{"line":387,"column":25},"end":{"line":459,"column":25}},"type":"binary-expr","locations":[{"start":{"line":387,"column":25},"end":{"line":387,"column":48}},{"start":{"line":388,"column":28},"end":{"line":458,"column":31}}],"line":387},"66":{"loc":{"start":{"line":407,"column":33},"end":{"line":457,"column":33}},"type":"cond-expr","locations":[{"start":{"line":408,"column":36},"end":{"line":438,"column":42}},{"start":{"line":440,"column":36},"end":{"line":456,"column":45}}],"line":407},"67":{"loc":{"start":{"line":419,"column":51},"end":{"line":419,"column":95}},"type":"cond-expr","locations":[{"start":{"line":419,"column":63},"end":{"line":419,"column":78}},{"start":{"line":419,"column":81},"end":{"line":419,"column":95}}],"line":419},"68":{"loc":{"start":{"line":422,"column":49},"end":{"line":422,"column":84}},"type":"cond-expr","locations":[{"start":{"line":422,"column":61},"end":{"line":422,"column":74}},{"start":{"line":422,"column":77},"end":{"line":422,"column":84}}],"line":422},"69":{"loc":{"start":{"line":425,"column":41},"end":{"line":437,"column":41}},"type":"binary-expr","locations":[{"start":{"line":425,"column":41},"end":{"line":425,"column":49}},{"start":{"line":426,"column":44},"end":{"line":436,"column":53}}],"line":425},"70":{"loc":{"start":{"line":431,"column":55},"end":{"line":431,"column":104}},"type":"cond-expr","locations":[{"start":{"line":431,"column":67},"end":{"line":431,"column":87}},{"start":{"line":431,"column":90},"end":{"line":431,"column":104}}],"line":431},"71":{"loc":{"start":{"line":434,"column":53},"end":{"line":434,"column":81}},"type":"cond-expr","locations":[{"start":{"line":434,"column":65},"end":{"line":434,"column":71}},{"start":{"line":434,"column":74},"end":{"line":434,"column":81}}],"line":434},"72":{"loc":{"start":{"line":447,"column":45},"end":{"line":447,"column":82}},"type":"cond-expr","locations":[{"start":{"line":447,"column":55},"end":{"line":447,"column":72}},{"start":{"line":447,"column":75},"end":{"line":447,"column":82}}],"line":447},"73":{"loc":{"start":{"line":450,"column":45},"end":{"line":454,"column":64}},"type":"cond-expr","locations":[{"start":{"line":451,"column":50},"end":{"line":451,"column":64}},{"start":{"line":452,"column":50},"end":{"line":454,"column":64}}],"line":450},"74":{"loc":{"start":{"line":452,"column":50},"end":{"line":454,"column":64}},"type":"cond-expr","locations":[{"start":{"line":453,"column":50},"end":{"line":453,"column":68}},{"start":{"line":454,"column":50},"end":{"line":454,"column":64}}],"line":452},"75":{"loc":{"start":{"line":476,"column":21},"end":{"line":568,"column":21}},"type":"binary-expr","locations":[{"start":{"line":476,"column":21},"end":{"line":476,"column":35}},{"start":{"line":477,"column":24},"end":{"line":567,"column":30}}],"line":476},"76":{"loc":{"start":{"line":485,"column":37},"end":{"line":485,"column":77}},"type":"cond-expr","locations":[{"start":{"line":485,"column":49},"end":{"line":485,"column":58}},{"start":{"line":485,"column":61},"end":{"line":485,"column":77}}],"line":485},"77":{"loc":{"start":{"line":493,"column":29},"end":{"line":518,"column":29}},"type":"binary-expr","locations":[{"start":{"line":493,"column":29},"end":{"line":493,"column":42}},{"start":{"line":494,"column":32},"end":{"line":517,"column":38}}],"line":493},"78":{"loc":{"start":{"line":504,"column":48},"end":{"line":506,"column":93}},"type":"cond-expr","locations":[{"start":{"line":505,"column":54},"end":{"line":505,"column":91}},{"start":{"line":506,"column":54},"end":{"line":506,"column":93}}],"line":504},"79":{"loc":{"start":{"line":510,"column":49},"end":{"line":510,"column":88}},"type":"cond-expr","locations":[{"start":{"line":510,"column":71},"end":{"line":510,"column":79}},{"start":{"line":510,"column":82},"end":{"line":510,"column":88}}],"line":510},"80":{"loc":{"start":{"line":513,"column":49},"end":{"line":513,"column":91}},"type":"cond-expr","locations":[{"start":{"line":513,"column":71},"end":{"line":513,"column":79}},{"start":{"line":513,"column":82},"end":{"line":513,"column":91}}],"line":513},"81":{"loc":{"start":{"line":529,"column":40},"end":{"line":531,"column":75}},"type":"cond-expr","locations":[{"start":{"line":530,"column":46},"end":{"line":530,"column":74}},{"start":{"line":531,"column":46},"end":{"line":531,"column":75}}],"line":529},"82":{"loc":{"start":{"line":536,"column":44},"end":{"line":538,"column":84}},"type":"cond-expr","locations":[{"start":{"line":537,"column":50},"end":{"line":537,"column":83}},{"start":{"line":538,"column":50},"end":{"line":538,"column":84}}],"line":536},"83":{"loc":{"start":{"line":553,"column":40},"end":{"line":555,"column":75}},"type":"cond-expr","locations":[{"start":{"line":554,"column":46},"end":{"line":554,"column":74}},{"start":{"line":555,"column":46},"end":{"line":555,"column":75}}],"line":553},"84":{"loc":{"start":{"line":560,"column":44},"end":{"line":562,"column":84}},"type":"cond-expr","locations":[{"start":{"line":561,"column":50},"end":{"line":561,"column":83}},{"start":{"line":562,"column":50},"end":{"line":562,"column":84}}],"line":560},"85":{"loc":{"start":{"line":572,"column":17},"end":{"line":576,"column":17}},"type":"binary-expr","locations":[{"start":{"line":572,"column":17},"end":{"line":572,"column":22}},{"start":{"line":573,"column":20},"end":{"line":575,"column":26}}],"line":572},"86":{"loc":{"start":{"line":579,"column":17},"end":{"line":584,"column":17}},"type":"binary-expr","locations":[{"start":{"line":579,"column":17},"end":{"line":579,"column":27}},{"start":{"line":579,"column":31},"end":{"line":579,"column":47}},{"start":{"line":579,"column":51},"end":{"line":579,"column":77}},{"start":{"line":580,"column":20},"end":{"line":583,"column":26}}],"line":579},"87":{"loc":{"start":{"line":596,"column":45},"end":{"line":598,"column":43}},"type":"cond-expr","locations":[{"start":{"line":597,"column":34},"end":{"line":597,"column":62}},{"start":{"line":598,"column":34},"end":{"line":598,"column":43}}],"line":596},"88":{"loc":{"start":{"line":599,"column":35},"end":{"line":599,"column":84}},"type":"cond-expr","locations":[{"start":{"line":599,"column":50},"end":{"line":599,"column":72}},{"start":{"line":599,"column":75},"end":{"line":599,"column":84}}],"line":599},"89":{"loc":{"start":{"line":602,"column":25},"end":{"line":602,"column":67}},"type":"cond-expr","locations":[{"start":{"line":602,"column":40},"end":{"line":602,"column":58}},{"start":{"line":602,"column":61},"end":{"line":602,"column":67}}],"line":602},"90":{"loc":{"start":{"line":615,"column":21},"end":{"line":638,"column":21}},"type":"binary-expr","locations":[{"start":{"line":615,"column":21},"end":{"line":615,"column":31}},{"start":{"line":616,"column":24},"end":{"line":637,"column":30}}],"line":615},"91":{"loc":{"start":{"line":627,"column":44},"end":{"line":629,"column":52}},"type":"cond-expr","locations":[{"start":{"line":628,"column":50},"end":{"line":628,"column":87}},{"start":{"line":629,"column":50},"end":{"line":629,"column":52}}],"line":627},"92":{"loc":{"start":{"line":657,"column":25},"end":{"line":663,"column":36}},"type":"cond-expr","locations":[{"start":{"line":658,"column":30},"end":{"line":660,"column":46}},{"start":{"line":661,"column":30},"end":{"line":663,"column":36}}],"line":657},"93":{"loc":{"start":{"line":658,"column":30},"end":{"line":660,"column":46}},"type":"cond-expr","locations":[{"start":{"line":659,"column":34},"end":{"line":659,"column":45}},{"start":{"line":660,"column":34},"end":{"line":660,"column":46}}],"line":658},"94":{"loc":{"start":{"line":661,"column":30},"end":{"line":663,"column":36}},"type":"cond-expr","locations":[{"start":{"line":662,"column":30},"end":{"line":662,"column":44}},{"start":{"line":663,"column":30},"end":{"line":663,"column":36}}],"line":661}},"s":{"0":0,"1":0,"2":0,"3":0,"4":0,"5":0,"6":0,"7":0,"8":0,"9":0,"10":0,"11":0,"12":0,"13":0,"14":0,"15":0,"16":0,"17":0,"18":0,"19":0,"20":0,"21":0,"22":0,"23":0,"24":0,"25":0,"26":0,"27":0,"28":0,"29":0,"30":0,"31":0,"32":0,"33":0,"34":0,"35":0,"36":0,"37":0,"38":0,"39":0,"40":0,"41":0,"42":0,"43":0,"44":0,"45":0,"46":0,"47":0,"48":0,"49":0,"50":0,"51":0,"52":0,"53":0,"54":0,"55":0,"56":0,"57":0,"58":0,"59":0,"60":0,"61":0,"62":0,"63":0,"64":0,"65":0,"66":0,"67":0,"68":0,"69":0,"70":0,"71":0,"72":0,"73":0,"74":0,"75":0,"76":0,"77":0,"78":0,"79":0,"80":0,"81":0,"82":0,"83":0,"84":0,"85":0,"86":0,"87":0,"88":0,"89":0,"90":0,"91":0,"92":0,"93":0,"94":0,"95":0,"96":0,"97":0,"98":0,"99":0,"100":0,"101":0,"102":0,"103":0,"104":0,"105":0,"106":0,"107":0,"108":0,"109":0,"110":0,"111":0,"112":0,"113":0,"114":0,"115":0,"116":0,"117":0,"118":0,"119":0,"120":0,"121":0,"122":0,"123":0,"124":0,"125":0,"126":0,"127":0,"128":0,"129":0,"130":0,"131":0,"132":0,"133":0,"134":0,"135":0,"136":0,"137":0,"138":0,"139":0,"140":0,"141":0,"142":0,"143":0,"144":0,"145":0,"146":0,"147":0,"148":0,"149":0,"150":0,"151":0,"152":0,"153":0,"154":0,"155":0,"156":0,"157":0},"f":{"0":0,"1":0,"2":0,"3":0,"4":0,"5":0,"6":0,"7":0,"8":0,"9":0,"10":0,"11":0,"12":0,"13":0,"14":0,"15":0,"16":0,"17":0,"18":0,"19":0,"20":0,"21":0,"22":0,"23":0,"24":0,"25":0,"26":0,"27":0,"28":0,"29":0,"30":0,"31":0,"32":0,"33":0},"b":{"0":[0],"1":[0],"2":[0],"3":[0],"4":[0],"5":[0],"6":[0,0],"7":[0,0],"8":[0,0],"9":[0,0],"10":[0,0],"11":[0,0],"12":[0,0],"13":[0,0],"14":[0,0],"15":[0,0],"16":[0,0],"17":[0,0],"18":[0,0],"19":[0,0],"20":[0,0],"21":[0,0],"22":[0,0],"23":[0,0],"24":[0,0],"25":[0,0],"26":[0,0],"27":[0,0],"28":[0,0],"29":[0,0],"30":[0,0],"31":[0,0],"32":[0,0],"33":[0,0],"34":[0,0],"35":[0,0],"36":[0,0],"37":[0,0,0,0],"38":[0,0],"39":[0,0],"40":[0,0],"41":[0,0],"42":[0,0],"43":[0,0],"44":[0,0],"45":[0,0],"46":[0,0],"47":[0,0],"48":[0,0],"49":[0,0],"50":[0,0],"51":[0,0],"52":[0,0],"53":[0,0],"54":[0,0],"55":[0,0],"56":[0,0],"57":[0,0],"58":[0,0],"59":[0,0],"60":[0,0],"61":[0,0],"62":[0,0,0],"63":[0,0],"64":[0,0],"65":[0,0],"66":[0,0],"67":[0,0],"68":[0,0],"69":[0,0],"70":[0,0],"71":[0,0],"72":[0,0],"73":[0,0],"74":[0,0],"75":[0,0],"76":[0,0],"77":[0,0],"78":[0,0],"79":[0,0],"80":[0,0],"81":[0,0],"82":[0,0],"83":[0,0],"84":[0,0],"85":[0,0],"86":[0,0,0,0],"87":[0,0],"88":[0,0],"89":[0,0],"90":[0,0],"91":[0,0],"92":[0,0],"93":[0,0],"94":[0,0]}}
,"/Users/saiusa/Notely/resources/js/components/common/CustomDropdown.jsx": {"path":"/Users/saiusa/Notely/resources/js/components/common/CustomDropdown.jsx","statementMap":{"0":{"start":{"line":14,"column":32},"end":{"line":14,"column":47}},"1":{"start":{"line":15,"column":52},"end":{"line":15,"column":64}},"2":{"start":{"line":16,"column":24},"end":{"line":16,"column":36}},"3":{"start":{"line":17,"column":27},"end":{"line":17,"column":39}},"4":{"start":{"line":20,"column":27},"end":{"line":20,"column":79}},"5":{"start":{"line":23,"column":30},"end":{"line":27,"column":5}},"6":{"start":{"line":24,"column":8},"end":{"line":24,"column":56}},"7":{"start":{"line":24,"column":41},"end":{"line":24,"column":56}},"8":{"start":{"line":25,"column":8},"end":{"line":25,"column":60}},"9":{"start":{"line":25,"column":43},"end":{"line":25,"column":60}},"10":{"start":{"line":26,"column":8},"end":{"line":26,"column":24}},"11":{"start":{"line":30,"column":4},"end":{"line":42,"column":17}},"12":{"start":{"line":31,"column":35},"end":{"line":36,"column":9}},"13":{"start":{"line":32,"column":12},"end":{"line":35,"column":13}},"14":{"start":{"line":33,"column":16},"end":{"line":33,"column":33}},"15":{"start":{"line":34,"column":16},"end":{"line":34,"column":40}},"16":{"start":{"line":38,"column":8},"end":{"line":41,"column":9}},"17":{"start":{"line":39,"column":12},"end":{"line":39,"column":71}},"18":{"start":{"line":40,"column":12},"end":{"line":40,"column":87}},"19":{"start":{"line":40,"column":25},"end":{"line":40,"column":86}},"20":{"start":{"line":45,"column":4},"end":{"line":49,"column":29}},"21":{"start":{"line":46,"column":8},"end":{"line":48,"column":9}},"22":{"start":{"line":47,"column":12},"end":{"line":47,"column":65}},"23":{"start":{"line":47,"column":29},"end":{"line":47,"column":60}},"24":{"start":{"line":51,"column":30},"end":{"line":55,"column":5}},"25":{"start":{"line":52,"column":8},"end":{"line":52,"column":30}},"26":{"start":{"line":53,"column":8},"end":{"line":53,"column":25}},"27":{"start":{"line":54,"column":8},"end":{"line":54,"column":32}},"28":{"start":{"line":57,"column":31},"end":{"line":63,"column":5}},"29":{"start":{"line":58,"column":27},"end":{"line":58,"column":41}},"30":{"start":{"line":59,"column":8},"end":{"line":59,"column":40}},"31":{"start":{"line":60,"column":8},"end":{"line":62,"column":9}},"32":{"start":{"line":61,"column":12},"end":{"line":61,"column":33}},"33":{"start":{"line":65,"column":4},"end":{"line":122,"column":6}},"34":{"start":{"line":71,"column":31},"end":{"line":71,"column":49}},"35":{"start":{"line":102,"column":32},"end":{"line":115,"column":37}},"36":{"start":{"line":107,"column":51},"end":{"line":107,"column":82}}},"fnMap":{"0":{"name":"CustomDropdown","decl":{"start":{"line":4,"column":24},"end":{"line":4,"column":38}},"loc":{"start":{"line":13,"column":3},"end":{"line":123,"column":1}},"line":13},"1":{"name":"(anonymous_1)","decl":{"start":{"line":23,"column":30},"end":{"line":23,"column":31}},"loc":{"start":{"line":23,"column":36},"end":{"line":27,"column":5}},"line":23},"2":{"name":"(anonymous_2)","decl":{"start":{"line":30,"column":14},"end":{"line":30,"column":15}},"loc":{"start":{"line":30,"column":20},"end":{"line":42,"column":5}},"line":30},"3":{"name":"(anonymous_3)","decl":{"start":{"line":31,"column":35},"end":{"line":31,"column":36}},"loc":{"start":{"line":31,"column":46},"end":{"line":36,"column":9}},"line":31},"4":{"name":"(anonymous_4)","decl":{"start":{"line":40,"column":19},"end":{"line":40,"column":20}},"loc":{"start":{"line":40,"column":25},"end":{"line":40,"column":86}},"line":40},"5":{"name":"(anonymous_5)","decl":{"start":{"line":45,"column":14},"end":{"line":45,"column":15}},"loc":{"start":{"line":45,"column":20},"end":{"line":49,"column":5}},"line":45},"6":{"name":"(anonymous_6)","decl":{"start":{"line":47,"column":23},"end":{"line":47,"column":24}},"loc":{"start":{"line":47,"column":29},"end":{"line":47,"column":60}},"line":47},"7":{"name":"(anonymous_7)","decl":{"start":{"line":51,"column":30},"end":{"line":51,"column":31}},"loc":{"start":{"line":51,"column":47},"end":{"line":55,"column":5}},"line":51},"8":{"name":"(anonymous_8)","decl":{"start":{"line":57,"column":31},"end":{"line":57,"column":32}},"loc":{"start":{"line":57,"column":38},"end":{"line":63,"column":5}},"line":57},"9":{"name":"(anonymous_9)","decl":{"start":{"line":71,"column":25},"end":{"line":71,"column":26}},"loc":{"start":{"line":71,"column":31},"end":{"line":71,"column":49}},"line":71},"10":{"name":"(anonymous_10)","decl":{"start":{"line":101,"column":47},"end":{"line":101,"column":48}},"loc":{"start":{"line":102,"column":32},"end":{"line":115,"column":37}},"line":102},"11":{"name":"(anonymous_11)","decl":{"start":{"line":107,"column":45},"end":{"line":107,"column":46}},"loc":{"start":{"line":107,"column":51},"end":{"line":107,"column":82}},"line":107}},"branchMap":{"0":{"loc":{"start":{"line":8,"column":4},"end":{"line":8,"column":16}},"type":"default-arg","locations":[{"start":{"line":8,"column":14},"end":{"line":8,"column":16}}],"line":8},"1":{"loc":{"start":{"line":9,"column":4},"end":{"line":9,"column":22}},"type":"default-arg","locations":[{"start":{"line":9,"column":17},"end":{"line":9,"column":22}}],"line":9},"2":{"loc":{"start":{"line":10,"column":4},"end":{"line":10,"column":19}},"type":"default-arg","locations":[{"start":{"line":10,"column":15},"end":{"line":10,"column":19}}],"line":10},"3":{"loc":{"start":{"line":11,"column":4},"end":{"line":11,"column":20}},"type":"default-arg","locations":[{"start":{"line":11,"column":18},"end":{"line":11,"column":20}}],"line":11},"4":{"loc":{"start":{"line":12,"column":4},"end":{"line":12,"column":26}},"type":"default-arg","locations":[{"start":{"line":12,"column":22},"end":{"line":12,"column":26}}],"line":12},"5":{"loc":{"start":{"line":20,"column":27},"end":{"line":20,"column":79}},"type":"cond-expr","locations":[{"start":{"line":20,"column":54},"end":{"line":20,"column":69}},{"start":{"line":20,"column":72},"end":{"line":20,"column":79}}],"line":20},"6":{"loc":{"start":{"line":24,"column":8},"end":{"line":24,"column":56}},"type":"if","locations":[{"start":{"line":24,"column":8},"end":{"line":24,"column":56}},{"start":{},"end":{}}],"line":24},"7":{"loc":{"start":{"line":25,"column":8},"end":{"line":25,"column":60}},"type":"if","locations":[{"start":{"line":25,"column":8},"end":{"line":25,"column":60}},{"start":{},"end":{}}],"line":25},"8":{"loc":{"start":{"line":32,"column":12},"end":{"line":35,"column":13}},"type":"if","locations":[{"start":{"line":32,"column":12},"end":{"line":35,"column":13}},{"start":{},"end":{}}],"line":32},"9":{"loc":{"start":{"line":32,"column":16},"end":{"line":32,"column":82}},"type":"binary-expr","locations":[{"start":{"line":32,"column":16},"end":{"line":32,"column":35}},{"start":{"line":32,"column":39},"end":{"line":32,"column":82}}],"line":32},"10":{"loc":{"start":{"line":38,"column":8},"end":{"line":41,"column":9}},"type":"if","locations":[{"start":{"line":38,"column":8},"end":{"line":41,"column":9}},{"start":{},"end":{}}],"line":38},"11":{"loc":{"start":{"line":46,"column":8},"end":{"line":48,"column":9}},"type":"if","locations":[{"start":{"line":46,"column":8},"end":{"line":48,"column":9}},{"start":{},"end":{}}],"line":46},"12":{"loc":{"start":{"line":46,"column":12},"end":{"line":46,"column":58}},"type":"binary-expr","locations":[{"start":{"line":46,"column":12},"end":{"line":46,"column":18}},{"start":{"line":46,"column":22},"end":{"line":46,"column":32}},{"start":{"line":46,"column":36},"end":{"line":46,"column":58}}],"line":46},"13":{"loc":{"start":{"line":60,"column":8},"end":{"line":62,"column":9}},"type":"if","locations":[{"start":{"line":60,"column":8},"end":{"line":62,"column":9}},{"start":{},"end":{}}],"line":60},"14":{"loc":{"start":{"line":70,"column":55},"end":{"line":70,"column":103}},"type":"cond-expr","locations":[{"start":{"line":70,"column":64},"end":{"line":70,"column":98}},{"start":{"line":70,"column":101},"end":{"line":70,"column":103}}],"line":70},"15":{"loc":{"start":{"line":80,"column":13},"end":{"line":120,"column":13}},"type":"binary-expr","locations":[{"start":{"line":80,"column":13},"end":{"line":80,"column":19}},{"start":{"line":81,"column":16},"end":{"line":119,"column":22}}],"line":80},"16":{"loc":{"start":{"line":83,"column":21},"end":{"line":94,"column":21}},"type":"binary-expr","locations":[{"start":{"line":83,"column":21},"end":{"line":83,"column":31}},{"start":{"line":84,"column":24},"end":{"line":93,"column":30}}],"line":83},"17":{"loc":{"start":{"line":98,"column":25},"end":{"line":117,"column":25}},"type":"cond-expr","locations":[{"start":{"line":99,"column":28},"end":{"line":99,"column":88}},{"start":{"line":101,"column":28},"end":{"line":116,"column":30}}],"line":98},"18":{"loc":{"start":{"line":105,"column":40},"end":{"line":105,"column":103}},"type":"cond-expr","locations":[{"start":{"line":105,"column":65},"end":{"line":105,"column":98}},{"start":{"line":105,"column":101},"end":{"line":105,"column":103}}],"line":105},"19":{"loc":{"start":{"line":112,"column":37},"end":{"line":114,"column":37}},"type":"binary-expr","locations":[{"start":{"line":112,"column":37},"end":{"line":112,"column":59}},{"start":{"line":113,"column":40},"end":{"line":113,"column":123}}],"line":112}},"s":{"0":0,"1":0,"2":0,"3":0,"4":0,"5":0,"6":0,"7":0,"8":0,"9":0,"10":0,"11":0,"12":0,"13":0,"14":0,"15":0,"16":0,"17":0,"18":0,"19":0,"20":0,"21":0,"22":0,"23":0,"24":0,"25":0,"26":0,"27":0,"28":0,"29":0,"30":0,"31":0,"32":0,"33":0,"34":0,"35":0,"36":0},"f":{"0":0,"1":0,"2":0,"3":0,"4":0,"5":0,"6":0,"7":0,"8":0,"9":0,"10":0,"11":0},"b":{"0":[0],"1":[0],"2":[0],"3":[0],"4":[0],"5":[0,0],"6":[0,0],"7":[0,0],"8":[0,0],"9":[0,0],"10":[0,0],"11":[0,0],"12":[0,0,0],"13":[0,0],"14":[0,0],"15":[0,0],"16":[0,0],"17":[0,0],"18":[0,0],"19":[0,0]}}
,"/Users/saiusa/Notely/resources/js/components/common/Loader.jsx": {"path":"/Users/saiusa/Notely/resources/js/components/common/Loader.jsx","statementMap":{"0":{"start":{"line":4,"column":15},"end":{"line":13,"column":1}},"1":{"start":{"line":5,"column":2},"end":{"line":12,"column":4}},"2":{"start":{"line":15,"column":22},"end":{"line":135,"column":1}}},"fnMap":{"0":{"name":"(anonymous_0)","decl":{"start":{"line":4,"column":15},"end":{"line":4,"column":16}},"loc":{"start":{"line":4,"column":21},"end":{"line":13,"column":1}},"line":4}},"branchMap":{},"s":{"0":0,"1":0,"2":0},"f":{"0":0},"b":{}}
,"/Users/saiusa/Notely/resources/js/components/community/CategoryBentoCard.jsx": {"path":"/Users/saiusa/Notely/resources/js/components/community/CategoryBentoCard.jsx","statementMap":{"0":{"start":{"line":8,"column":23},"end":{"line":8,"column":51}},"1":{"start":{"line":9,"column":21},"end":{"line":9,"column":121}},"2":{"start":{"line":11,"column":4},"end":{"line":25,"column":6}}},"fnMap":{"0":{"name":"CategoryBentoCard","decl":{"start":{"line":6,"column":24},"end":{"line":6,"column":41}},"loc":{"start":{"line":6,"column":56},"end":{"line":26,"column":1}},"line":6}},"branchMap":{"0":{"loc":{"start":{"line":8,"column":23},"end":{"line":8,"column":51}},"type":"binary-expr","locations":[{"start":{"line":8,"column":23},"end":{"line":8,"column":34}},{"start":{"line":8,"column":38},"end":{"line":8,"column":51}}],"line":8},"1":{"loc":{"start":{"line":9,"column":21},"end":{"line":9,"column":121}},"type":"binary-expr","locations":[{"start":{"line":9,"column":21},"end":{"line":9,"column":35}},{"start":{"line":9,"column":39},"end":{"line":9,"column":121}}],"line":9},"2":{"loc":{"start":{"line":9,"column":72},"end":{"line":9,"column":115}},"type":"binary-expr","locations":[{"start":{"line":9,"column":72},"end":{"line":9,"column":85}},{"start":{"line":9,"column":89},"end":{"line":9,"column":102}},{"start":{"line":9,"column":106},"end":{"line":9,"column":115}}],"line":9}},"s":{"0":0,"1":0,"2":0},"f":{"0":0},"b":{"0":[0,0],"1":[0,0],"2":[0,0,0]}}
,"/Users/saiusa/Notely/resources/js/components/community/CommunityAboutPanel.jsx": {"path":"/Users/saiusa/Notely/resources/js/components/community/CommunityAboutPanel.jsx","statementMap":{"0":{"start":{"line":7,"column":31},"end":{"line":7,"column":312}},"1":{"start":{"line":12,"column":27},"end":{"line":16,"column":1}},"2":{"start":{"line":13,"column":4},"end":{"line":13,"column":32}},"3":{"start":{"line":13,"column":20},"end":{"line":13,"column":32}},"4":{"start":{"line":14,"column":4},"end":{"line":14,"column":52}},"5":{"start":{"line":14,"column":35},"end":{"line":14,"column":52}},"6":{"start":{"line":15,"column":4},"end":{"line":15,"column":27}},"7":{"start":{"line":18,"column":25},"end":{"line":20,"column":1}},"8":{"start":{"line":19,"column":4},"end":{"line":19,"column":42}},"9":{"start":{"line":24,"column":25},"end":{"line":28,"column":5}},"10":{"start":{"line":30,"column":18},"end":{"line":30,"column":50}},"11":{"start":{"line":33,"column":30},"end":{"line":41,"column":5}},"12":{"start":{"line":34,"column":8},"end":{"line":34,"column":42}},"13":{"start":{"line":34,"column":25},"end":{"line":34,"column":42}},"14":{"start":{"line":35,"column":8},"end":{"line":40,"column":9}},"15":{"start":{"line":36,"column":25},"end":{"line":36,"column":45}},"16":{"start":{"line":37,"column":12},"end":{"line":37,"column":88}},"17":{"start":{"line":39,"column":12},"end":{"line":39,"column":30}},"18":{"start":{"line":43,"column":4},"end":{"line":121,"column":6}},"19":{"start":{"line":104,"column":43},"end":{"line":104,"column":58}},"20":{"start":{"line":114,"column":24},"end":{"line":116,"column":29}}},"fnMap":{"0":{"name":"(anonymous_0)","decl":{"start":{"line":12,"column":27},"end":{"line":12,"column":28}},"loc":{"start":{"line":12,"column":42},"end":{"line":16,"column":1}},"line":12},"1":{"name":"(anonymous_1)","decl":{"start":{"line":18,"column":25},"end":{"line":18,"column":26}},"loc":{"start":{"line":18,"column":32},"end":{"line":20,"column":1}},"line":18},"2":{"name":"CommunityAboutPanel","decl":{"start":{"line":22,"column":24},"end":{"line":22,"column":43}},"loc":{"start":{"line":22,"column":96},"end":{"line":122,"column":1}},"line":22},"3":{"name":"(anonymous_3)","decl":{"start":{"line":33,"column":30},"end":{"line":33,"column":31}},"loc":{"start":{"line":33,"column":46},"end":{"line":41,"column":5}},"line":33},"4":{"name":"(anonymous_4)","decl":{"start":{"line":104,"column":37},"end":{"line":104,"column":38}},"loc":{"start":{"line":104,"column":43},"end":{"line":104,"column":58}},"line":104},"5":{"name":"(anonymous_5)","decl":{"start":{"line":113,"column":31},"end":{"line":113,"column":32}},"loc":{"start":{"line":114,"column":24},"end":{"line":116,"column":29}},"line":114}},"branchMap":{"0":{"loc":{"start":{"line":13,"column":4},"end":{"line":13,"column":32}},"type":"if","locations":[{"start":{"line":13,"column":4},"end":{"line":13,"column":32}},{"start":{},"end":{}}],"line":13},"1":{"loc":{"start":{"line":14,"column":4},"end":{"line":14,"column":52}},"type":"if","locations":[{"start":{"line":14,"column":4},"end":{"line":14,"column":52}},{"start":{},"end":{}}],"line":14},"2":{"loc":{"start":{"line":30,"column":18},"end":{"line":30,"column":50}},"type":"binary-expr","locations":[{"start":{"line":30,"column":18},"end":{"line":30,"column":34}},{"start":{"line":30,"column":38},"end":{"line":30,"column":50}}],"line":30},"3":{"loc":{"start":{"line":34,"column":8},"end":{"line":34,"column":42}},"type":"if","locations":[{"start":{"line":34,"column":8},"end":{"line":34,"column":42}},{"start":{},"end":{}}],"line":34},"4":{"loc":{"start":{"line":58,"column":29},"end":{"line":58,"column":73}},"type":"binary-expr","locations":[{"start":{"line":58,"column":29},"end":{"line":58,"column":54}},{"start":{"line":58,"column":58},"end":{"line":58,"column":73}}],"line":58},"5":{"loc":{"start":{"line":67,"column":17},"end":{"line":74,"column":17}},"type":"binary-expr","locations":[{"start":{"line":67,"column":17},"end":{"line":67,"column":39}},{"start":{"line":68,"column":20},"end":{"line":73,"column":26}}],"line":67},"6":{"loc":{"start":{"line":77,"column":17},"end":{"line":94,"column":17}},"type":"binary-expr","locations":[{"start":{"line":77,"column":17},"end":{"line":77,"column":35}},{"start":{"line":78,"column":20},"end":{"line":93,"column":26}}],"line":77},"7":{"loc":{"start":{"line":82,"column":37},"end":{"line":82,"column":116}},"type":"binary-expr","locations":[{"start":{"line":82,"column":37},"end":{"line":82,"column":90}},{"start":{"line":82,"column":94},"end":{"line":82,"column":116}}],"line":82},"8":{"loc":{"start":{"line":89,"column":37},"end":{"line":89,"column":89}},"type":"binary-expr","locations":[{"start":{"line":89,"column":37},"end":{"line":89,"column":63}},{"start":{"line":89,"column":67},"end":{"line":89,"column":89}}],"line":89},"9":{"loc":{"start":{"line":101,"column":21},"end":{"line":109,"column":21}},"type":"binary-expr","locations":[{"start":{"line":101,"column":21},"end":{"line":101,"column":30}},{"start":{"line":102,"column":24},"end":{"line":108,"column":33}}],"line":101}},"s":{"0":0,"1":0,"2":0,"3":0,"4":0,"5":0,"6":0,"7":0,"8":0,"9":0,"10":0,"11":0,"12":0,"13":0,"14":0,"15":0,"16":0,"17":0,"18":0,"19":0,"20":0},"f":{"0":0,"1":0,"2":0,"3":0,"4":0,"5":0},"b":{"0":[0,0],"1":[0,0],"2":[0,0],"3":[0,0],"4":[0,0],"5":[0,0],"6":[0,0],"7":[0,0],"8":[0,0],"9":[0,0]}}
,"/Users/saiusa/Notely/resources/js/components/community/CommunityDetailHeader.jsx": {"path":"/Users/saiusa/Notely/resources/js/components/community/CommunityDetailHeader.jsx","statementMap":{"0":{"start":{"line":7,"column":24},"end":{"line":7,"column":316}},"1":{"start":{"line":12,"column":27},"end":{"line":18,"column":1}},"2":{"start":{"line":13,"column":4},"end":{"line":13,"column":43}},"3":{"start":{"line":13,"column":20},"end":{"line":13,"column":43}},"4":{"start":{"line":15,"column":4},"end":{"line":15,"column":52}},"5":{"start":{"line":15,"column":35},"end":{"line":15,"column":52}},"6":{"start":{"line":17,"column":4},"end":{"line":17,"column":27}},"7":{"start":{"line":20,"column":25},"end":{"line":23,"column":1}},"8":{"start":{"line":21,"column":4},"end":{"line":21,"column":35}},"9":{"start":{"line":22,"column":4},"end":{"line":22,"column":28}},"10":{"start":{"line":37,"column":36},"end":{"line":37,"column":51}},"11":{"start":{"line":38,"column":20},"end":{"line":38,"column":32}},"12":{"start":{"line":41,"column":4},"end":{"line":50,"column":11}},"13":{"start":{"line":43,"column":12},"end":{"line":45,"column":13}},"14":{"start":{"line":44,"column":16},"end":{"line":44,"column":35}},"15":{"start":{"line":48,"column":8},"end":{"line":48,"column":67}},"16":{"start":{"line":49,"column":8},"end":{"line":49,"column":83}},"17":{"start":{"line":49,"column":21},"end":{"line":49,"column":82}},"18":{"start":{"line":53,"column":22},"end":{"line":53,"column":100}},"19":{"start":{"line":54,"column":25},"end":{"line":54,"column":46}},"20":{"start":{"line":56,"column":28},"end":{"line":61,"column":5}},"21":{"start":{"line":57,"column":8},"end":{"line":57,"column":27}},"22":{"start":{"line":58,"column":8},"end":{"line":60,"column":9}},"23":{"start":{"line":59,"column":12},"end":{"line":59,"column":30}},"24":{"start":{"line":63,"column":32},"end":{"line":68,"column":5}},"25":{"start":{"line":64,"column":8},"end":{"line":64,"column":27}},"26":{"start":{"line":65,"column":8},"end":{"line":67,"column":9}},"27":{"start":{"line":66,"column":12},"end":{"line":66,"column":25}},"28":{"start":{"line":70,"column":30},"end":{"line":75,"column":5}},"29":{"start":{"line":71,"column":8},"end":{"line":71,"column":27}},"30":{"start":{"line":72,"column":8},"end":{"line":74,"column":9}},"31":{"start":{"line":73,"column":12},"end":{"line":73,"column":23}},"32":{"start":{"line":77,"column":29},"end":{"line":82,"column":5}},"33":{"start":{"line":78,"column":8},"end":{"line":78,"column":27}},"34":{"start":{"line":79,"column":8},"end":{"line":81,"column":9}},"35":{"start":{"line":80,"column":12},"end":{"line":80,"column":30}},"36":{"start":{"line":83,"column":4},"end":{"line":209,"column":6}},"37":{"start":{"line":96,"column":39},"end":{"line":96,"column":61}}},"fnMap":{"0":{"name":"(anonymous_0)","decl":{"start":{"line":12,"column":27},"end":{"line":12,"column":28}},"loc":{"start":{"line":12,"column":42},"end":{"line":18,"column":1}},"line":12},"1":{"name":"(anonymous_1)","decl":{"start":{"line":20,"column":25},"end":{"line":20,"column":26}},"loc":{"start":{"line":20,"column":32},"end":{"line":23,"column":1}},"line":20},"2":{"name":"CommunityDetailHeader","decl":{"start":{"line":25,"column":24},"end":{"line":25,"column":45}},"loc":{"start":{"line":36,"column":3},"end":{"line":210,"column":1}},"line":36},"3":{"name":"(anonymous_3)","decl":{"start":{"line":41,"column":14},"end":{"line":41,"column":15}},"loc":{"start":{"line":41,"column":20},"end":{"line":50,"column":5}},"line":41},"4":{"name":"handleClickOutside","decl":{"start":{"line":42,"column":17},"end":{"line":42,"column":35}},"loc":{"start":{"line":42,"column":43},"end":{"line":46,"column":9}},"line":42},"5":{"name":"(anonymous_5)","decl":{"start":{"line":49,"column":15},"end":{"line":49,"column":16}},"loc":{"start":{"line":49,"column":21},"end":{"line":49,"column":82}},"line":49},"6":{"name":"(anonymous_6)","decl":{"start":{"line":56,"column":28},"end":{"line":56,"column":29}},"loc":{"start":{"line":56,"column":34},"end":{"line":61,"column":5}},"line":56},"7":{"name":"(anonymous_7)","decl":{"start":{"line":63,"column":32},"end":{"line":63,"column":33}},"loc":{"start":{"line":63,"column":38},"end":{"line":68,"column":5}},"line":63},"8":{"name":"(anonymous_8)","decl":{"start":{"line":70,"column":30},"end":{"line":70,"column":31}},"loc":{"start":{"line":70,"column":36},"end":{"line":75,"column":5}},"line":70},"9":{"name":"(anonymous_9)","decl":{"start":{"line":77,"column":29},"end":{"line":77,"column":30}},"loc":{"start":{"line":77,"column":35},"end":{"line":82,"column":5}},"line":77},"10":{"name":"(anonymous_10)","decl":{"start":{"line":96,"column":33},"end":{"line":96,"column":34}},"loc":{"start":{"line":96,"column":39},"end":{"line":96,"column":61}},"line":96}},"branchMap":{"0":{"loc":{"start":{"line":13,"column":4},"end":{"line":13,"column":43}},"type":"if","locations":[{"start":{"line":13,"column":4},"end":{"line":13,"column":43}},{"start":{},"end":{}}],"line":13},"1":{"loc":{"start":{"line":15,"column":4},"end":{"line":15,"column":52}},"type":"if","locations":[{"start":{"line":15,"column":4},"end":{"line":15,"column":52}},{"start":{},"end":{}}],"line":15},"2":{"loc":{"start":{"line":43,"column":12},"end":{"line":45,"column":13}},"type":"if","locations":[{"start":{"line":43,"column":12},"end":{"line":45,"column":13}},{"start":{},"end":{}}],"line":43},"3":{"loc":{"start":{"line":43,"column":16},"end":{"line":43,"column":74}},"type":"binary-expr","locations":[{"start":{"line":43,"column":16},"end":{"line":43,"column":31}},{"start":{"line":43,"column":35},"end":{"line":43,"column":74}}],"line":43},"4":{"loc":{"start":{"line":53,"column":22},"end":{"line":53,"column":100}},"type":"binary-expr","locations":[{"start":{"line":53,"column":22},"end":{"line":53,"column":33}},{"start":{"line":53,"column":37},"end":{"line":53,"column":55}},{"start":{"line":53,"column":59},"end":{"line":53,"column":100}}],"line":53},"5":{"loc":{"start":{"line":54,"column":25},"end":{"line":54,"column":46}},"type":"binary-expr","locations":[{"start":{"line":54,"column":25},"end":{"line":54,"column":33}},{"start":{"line":54,"column":37},"end":{"line":54,"column":46}}],"line":54},"6":{"loc":{"start":{"line":58,"column":8},"end":{"line":60,"column":9}},"type":"if","locations":[{"start":{"line":58,"column":8},"end":{"line":60,"column":9}},{"start":{},"end":{}}],"line":58},"7":{"loc":{"start":{"line":65,"column":8},"end":{"line":67,"column":9}},"type":"if","locations":[{"start":{"line":65,"column":8},"end":{"line":67,"column":9}},{"start":{},"end":{}}],"line":65},"8":{"loc":{"start":{"line":72,"column":8},"end":{"line":74,"column":9}},"type":"if","locations":[{"start":{"line":72,"column":8},"end":{"line":74,"column":9}},{"start":{},"end":{}}],"line":72},"9":{"loc":{"start":{"line":79,"column":8},"end":{"line":81,"column":9}},"type":"if","locations":[{"start":{"line":79,"column":8},"end":{"line":81,"column":9}},{"start":{},"end":{}}],"line":79},"10":{"loc":{"start":{"line":103,"column":21},"end":{"line":180,"column":21}},"type":"binary-expr","locations":[{"start":{"line":103,"column":21},"end":{"line":103,"column":29}},{"start":{"line":104,"column":24},"end":{"line":179,"column":30}}],"line":103},"11":{"loc":{"start":{"line":105,"column":29},"end":{"line":178,"column":29}},"type":"cond-expr","locations":[{"start":{"line":107,"column":32},"end":{"line":128,"column":35}},{"start":{"line":129,"column":32},"end":{"line":178,"column":29}}],"line":105},"12":{"loc":{"start":{"line":121,"column":89},"end":{"line":121,"column":150}},"type":"cond-expr","locations":[{"start":{"line":121,"column":100},"end":{"line":121,"column":145}},{"start":{"line":121,"column":148},"end":{"line":121,"column":150}}],"line":121},"13":{"loc":{"start":{"line":124,"column":45},"end":{"line":124,"column":80}},"type":"cond-expr","locations":[{"start":{"line":124,"column":56},"end":{"line":124,"column":63}},{"start":{"line":124,"column":66},"end":{"line":124,"column":80}}],"line":124},"14":{"loc":{"start":{"line":126,"column":47},"end":{"line":126,"column":81}},"type":"cond-expr","locations":[{"start":{"line":126,"column":58},"end":{"line":126,"column":67}},{"start":{"line":126,"column":70},"end":{"line":126,"column":81}}],"line":126},"15":{"loc":{"start":{"line":129,"column":32},"end":{"line":178,"column":29}},"type":"cond-expr","locations":[{"start":{"line":131,"column":32},"end":{"line":156,"column":35}},{"start":{"line":159,"column":32},"end":{"line":177,"column":35}}],"line":129},"16":{"loc":{"start":{"line":142,"column":89},"end":{"line":142,"column":150}},"type":"cond-expr","locations":[{"start":{"line":142,"column":100},"end":{"line":142,"column":145}},{"start":{"line":142,"column":148},"end":{"line":142,"column":150}}],"line":142},"17":{"loc":{"start":{"line":145,"column":45},"end":{"line":145,"column":80}},"type":"cond-expr","locations":[{"start":{"line":145,"column":56},"end":{"line":145,"column":63}},{"start":{"line":145,"column":66},"end":{"line":145,"column":80}}],"line":145},"18":{"loc":{"start":{"line":147,"column":47},"end":{"line":147,"column":81}},"type":"cond-expr","locations":[{"start":{"line":147,"column":58},"end":{"line":147,"column":67}},{"start":{"line":147,"column":70},"end":{"line":147,"column":81}}],"line":147},"19":{"loc":{"start":{"line":163,"column":89},"end":{"line":163,"column":150}},"type":"cond-expr","locations":[{"start":{"line":163,"column":100},"end":{"line":163,"column":145}},{"start":{"line":163,"column":148},"end":{"line":163,"column":150}}],"line":163},"20":{"loc":{"start":{"line":166,"column":45},"end":{"line":166,"column":80}},"type":"cond-expr","locations":[{"start":{"line":166,"column":56},"end":{"line":166,"column":63}},{"start":{"line":166,"column":66},"end":{"line":166,"column":80}}],"line":166},"21":{"loc":{"start":{"line":168,"column":47},"end":{"line":168,"column":81}},"type":"cond-expr","locations":[{"start":{"line":168,"column":58},"end":{"line":168,"column":67}},{"start":{"line":168,"column":70},"end":{"line":168,"column":81}}],"line":168},"22":{"loc":{"start":{"line":194,"column":33},"end":{"line":194,"column":72}},"type":"cond-expr","locations":[{"start":{"line":194,"column":45},"end":{"line":194,"column":54}},{"start":{"line":194,"column":57},"end":{"line":194,"column":72}}],"line":194},"23":{"loc":{"start":{"line":197,"column":28},"end":{"line":201,"column":78}},"type":"cond-expr","locations":[{"start":{"line":198,"column":34},"end":{"line":198,"column":76}},{"start":{"line":199,"column":34},"end":{"line":201,"column":78}}],"line":197},"24":{"loc":{"start":{"line":199,"column":34},"end":{"line":201,"column":78}},"type":"cond-expr","locations":[{"start":{"line":200,"column":34},"end":{"line":200,"column":77}},{"start":{"line":201,"column":34},"end":{"line":201,"column":78}}],"line":199},"25":{"loc":{"start":{"line":204,"column":25},"end":{"line":204,"column":89}},"type":"cond-expr","locations":[{"start":{"line":204,"column":37},"end":{"line":204,"column":44}},{"start":{"line":204,"column":47},"end":{"line":204,"column":89}}],"line":204},"26":{"loc":{"start":{"line":204,"column":47},"end":{"line":204,"column":89}},"type":"cond-expr","locations":[{"start":{"line":204,"column":62},"end":{"line":204,"column":70}},{"start":{"line":204,"column":73},"end":{"line":204,"column":89}}],"line":204}},"s":{"0":0,"1":0,"2":0,"3":0,"4":0,"5":0,"6":0,"7":0,"8":0,"9":0,"10":0,"11":0,"12":0,"13":0,"14":0,"15":0,"16":0,"17":0,"18":0,"19":0,"20":0,"21":0,"22":0,"23":0,"24":0,"25":0,"26":0,"27":0,"28":0,"29":0,"30":0,"31":0,"32":0,"33":0,"34":0,"35":0,"36":0,"37":0},"f":{"0":0,"1":0,"2":0,"3":0,"4":0,"5":0,"6":0,"7":0,"8":0,"9":0,"10":0},"b":{"0":[0,0],"1":[0,0],"2":[0,0],"3":[0,0],"4":[0,0,0],"5":[0,0],"6":[0,0],"7":[0,0],"8":[0,0],"9":[0,0],"10":[0,0],"11":[0,0],"12":[0,0],"13":[0,0],"14":[0,0],"15":[0,0],"16":[0,0],"17":[0,0],"18":[0,0],"19":[0,0],"20":[0,0],"21":[0,0],"22":[0,0],"23":[0,0],"24":[0,0],"25":[0,0],"26":[0,0]}}
,"/Users/saiusa/Notely/resources/js/components/community/CommunityListCard.jsx": {"path":"/Users/saiusa/Notely/resources/js/components/community/CommunityListCard.jsx","statementMap":{"0":{"start":{"line":9,"column":24},"end":{"line":9,"column":318}},"1":{"start":{"line":14,"column":27},"end":{"line":18,"column":1}},"2":{"start":{"line":15,"column":4},"end":{"line":15,"column":43}},"3":{"start":{"line":15,"column":20},"end":{"line":15,"column":43}},"4":{"start":{"line":16,"column":4},"end":{"line":16,"column":52}},"5":{"start":{"line":16,"column":35},"end":{"line":16,"column":52}},"6":{"start":{"line":17,"column":4},"end":{"line":17,"column":27}},"7":{"start":{"line":20,"column":25},"end":{"line":23,"column":1}},"8":{"start":{"line":21,"column":4},"end":{"line":21,"column":35}},"9":{"start":{"line":22,"column":4},"end":{"line":22,"column":28}},"10":{"start":{"line":28,"column":20},"end":{"line":28,"column":22}},"11":{"start":{"line":29,"column":4},"end":{"line":50,"column":5}},"12":{"start":{"line":31,"column":29},"end":{"line":33,"column":82}},"13":{"start":{"line":35,"column":28},"end":{"line":35,"column":40}},"14":{"start":{"line":37,"column":8},"end":{"line":49,"column":9}},"15":{"start":{"line":39,"column":16},"end":{"line":39,"column":79}},"16":{"start":{"line":40,"column":16},"end":{"line":40,"column":22}},"17":{"start":{"line":42,"column":16},"end":{"line":42,"column":93}},"18":{"start":{"line":43,"column":16},"end":{"line":43,"column":22}},"19":{"start":{"line":45,"column":16},"end":{"line":45,"column":92}},"20":{"start":{"line":46,"column":16},"end":{"line":46,"column":22}},"21":{"start":{"line":48,"column":16},"end":{"line":48,"column":38}},"22":{"start":{"line":52,"column":4},"end":{"line":75,"column":6}}},"fnMap":{"0":{"name":"(anonymous_0)","decl":{"start":{"line":14,"column":27},"end":{"line":14,"column":28}},"loc":{"start":{"line":14,"column":42},"end":{"line":18,"column":1}},"line":14},"1":{"name":"(anonymous_1)","decl":{"start":{"line":20,"column":25},"end":{"line":20,"column":26}},"loc":{"start":{"line":20,"column":32},"end":{"line":23,"column":1}},"line":20},"2":{"name":"CommunityListCard","decl":{"start":{"line":26,"column":24},"end":{"line":26,"column":41}},"loc":{"start":{"line":26,"column":100},"end":{"line":76,"column":1}},"line":26}},"branchMap":{"0":{"loc":{"start":{"line":15,"column":4},"end":{"line":15,"column":43}},"type":"if","locations":[{"start":{"line":15,"column":4},"end":{"line":15,"column":43}},{"start":{},"end":{}}],"line":15},"1":{"loc":{"start":{"line":16,"column":4},"end":{"line":16,"column":52}},"type":"if","locations":[{"start":{"line":16,"column":4},"end":{"line":16,"column":52}},{"start":{},"end":{}}],"line":16},"2":{"loc":{"start":{"line":29,"column":4},"end":{"line":50,"column":5}},"type":"if","locations":[{"start":{"line":29,"column":4},"end":{"line":50,"column":5}},{"start":{},"end":{}}],"line":29},"3":{"loc":{"start":{"line":29,"column":8},"end":{"line":29,"column":34}},"type":"binary-expr","locations":[{"start":{"line":29,"column":8},"end":{"line":29,"column":18}},{"start":{"line":29,"column":22},"end":{"line":29,"column":34}}],"line":29},"4":{"loc":{"start":{"line":31,"column":29},"end":{"line":33,"column":82}},"type":"cond-expr","locations":[{"start":{"line":32,"column":14},"end":{"line":32,"column":35}},{"start":{"line":33,"column":15},"end":{"line":33,"column":81}}],"line":31},"5":{"loc":{"start":{"line":33,"column":15},"end":{"line":33,"column":81}},"type":"cond-expr","locations":[{"start":{"line":33,"column":36},"end":{"line":33,"column":63}},{"start":{"line":33,"column":66},"end":{"line":33,"column":81}}],"line":33},"6":{"loc":{"start":{"line":37,"column":8},"end":{"line":49,"column":9}},"type":"switch","locations":[{"start":{"line":38,"column":12},"end":{"line":40,"column":22}},{"start":{"line":41,"column":12},"end":{"line":43,"column":22}},{"start":{"line":44,"column":12},"end":{"line":46,"column":22}},{"start":{"line":47,"column":12},"end":{"line":48,"column":38}}],"line":37},"7":{"loc":{"start":{"line":48,"column":28},"end":{"line":48,"column":37}},"type":"binary-expr","locations":[{"start":{"line":48,"column":28},"end":{"line":48,"column":30}},{"start":{"line":48,"column":34},"end":{"line":48,"column":37}}],"line":48}},"s":{"0":0,"1":0,"2":0,"3":0,"4":0,"5":0,"6":0,"7":0,"8":0,"9":0,"10":0,"11":0,"12":0,"13":0,"14":0,"15":0,"16":0,"17":0,"18":0,"19":0,"20":0,"21":0,"22":0},"f":{"0":0,"1":0,"2":0},"b":{"0":[0,0],"1":[0,0],"2":[0,0],"3":[0,0],"4":[0,0],"5":[0,0],"6":[0,0,0,0],"7":[0,0]}}
[...]
":{"start":{"line":21,"column":8},"end":{"line":30,"column":9}},"6":{"start":{"line":22,"column":12},"end":{"line":29,"column":15}},"7":{"start":{"line":23,"column":38},"end":{"line":28,"column":23}},"8":{"start":{"line":24,"column":20},"end":{"line":27,"column":21}},"9":{"start":{"line":25,"column":24},"end":{"line":25,"column":53}},"10":{"start":{"line":26,"column":24},"end":{"line":26,"column":40}},"11":{"start":{"line":32,"column":8},"end":{"line":32,"column":28}},"12":{"start":{"line":34,"column":8},"end":{"line":73,"column":11}},"13":{"start":{"line":35,"column":12},"end":{"line":72,"column":13}},"14":{"start":{"line":37,"column":16},"end":{"line":67,"column":19}},"15":{"start":{"line":38,"column":20},"end":{"line":46,"column":23}},"16":{"start":{"line":48,"column":20},"end":{"line":52,"column":23}},"17":{"start":{"line":49,"column":24},"end":{"line":49,"column":70}},"18":{"start":{"line":50,"column":24},"end":{"line":50,"column":45}},"19":{"start":{"line":51,"column":24},"end":{"line":51,"column":40}},"20":{"start":{"line":54,"column":20},"end":{"line":56,"column":23}},"21":{"start":{"line":55,"column":24},"end":{"line":55,"column":61}},"22":{"start":{"line":58,"column":20},"end":{"line":62,"column":23}},"23":{"start":{"line":59,"column":24},"end":{"line":59,"column":62}},"24":{"start":{"line":60,"column":24},"end":{"line":60,"column":45}},"25":{"start":{"line":61,"column":24},"end":{"line":61,"column":38}},"26":{"start":{"line":64,"column":20},"end":{"line":64,"column":84}},"27":{"start":{"line":65,"column":20},"end":{"line":65,"column":41}},"28":{"start":{"line":66,"column":20},"end":{"line":66,"column":72}},"29":{"start":{"line":69,"column":16},"end":{"line":69,"column":66}},"30":{"start":{"line":70,"column":16},"end":{"line":70,"column":37}},"31":{"start":{"line":71,"column":16},"end":{"line":71,"column":30}},"32":{"start":{"line":80,"column":8},"end":{"line":83,"column":9}},"33":{"start":{"line":81,"column":12},"end":{"line":81,"column":32}},"34":{"start":{"line":82,"column":12},"end":{"line":82,"column":26}},"35":{"start":{"line":90,"column":8},"end":{"line":93,"column":9}},"36":{"start":{"line":91,"column":12},"end":{"line":91,"column":49}},"37":{"start":{"line":92,"column":12},"end":{"line":92,"column":19}},"38":{"start":{"line":94,"column":8},"end":{"line":94,"column":35}},"39":{"start":{"line":101,"column":8},"end":{"line":101,"column":28}},"40":{"start":{"line":101,"column":21},"end":{"line":101,"column":28}},"41":{"start":{"line":102,"column":8},"end":{"line":102,"column":36}},"42":{"start":{"line":109,"column":8},"end":{"line":112,"column":9}},"43":{"start":{"line":110,"column":12},"end":{"line":110,"column":70}},"44":{"start":{"line":111,"column":12},"end":{"line":111,"column":19}},"45":{"start":{"line":113,"column":8},"end":{"line":113,"column":33}},"46":{"start":{"line":120,"column":8},"end":{"line":120,"column":22}},"47":{"start":{"line":127,"column":8},"end":{"line":127,"column":42}}},"fnMap":{"0":{"name":"(anonymous_0)","decl":{"start":{"line":15,"column":4},"end":{"line":15,"column":5}},"loc":{"start":{"line":15,"column":49},"end":{"line":74,"column":5}},"line":15},"1":{"name":"(anonymous_1)","decl":{"start":{"line":22,"column":31},"end":{"line":22,"column":32}},"loc":{"start":{"line":22,"column":44},"end":{"line":29,"column":13}},"line":22},"2":{"name":"(anonymous_2)","decl":{"start":{"line":23,"column":50},"end":{"line":23,"column":51}},"loc":{"start":{"line":23,"column":56},"end":{"line":28,"column":17}},"line":23},"3":{"name":"(anonymous_3)","decl":{"start":{"line":34,"column":27},"end":{"line":34,"column":28}},"loc":{"start":{"line":34,"column":48},"end":{"line":73,"column":9}},"line":34},"4":{"name":"(anonymous_4)","decl":{"start":{"line":37,"column":48},"end":{"line":37,"column":49}},"loc":{"start":{"line":37,"column":60},"end":{"line":63,"column":17}},"line":37},"5":{"name":"(anonymous_5)","decl":{"start":{"line":48,"column":41},"end":{"line":48,"column":42}},"loc":{"start":{"line":48,"column":47},"end":{"line":52,"column":21}},"line":48},"6":{"name":"(anonymous_6)","decl":{"start":{"line":54,"column":44},"end":{"line":54,"column":45}},"loc":{"start":{"line":54,"column":50},"end":{"line":56,"column":21}},"line":54},"7":{"name":"(anonymous_7)","decl":{"start":{"line":58,"column":39},"end":{"line":58,"column":40}},"loc":{"start":{"line":58,"column":50},"end":{"line":62,"column":21}},"line":58},"8":{"name":"(anonymous_8)","decl":{"start":{"line":63,"column":25},"end":{"line":63,"column":26}},"loc":{"start":{"line":63,"column":31},"end":{"line":67,"column":17}},"line":63},"9":{"name":"(anonymous_9)","decl":{"start":{"line":79,"column":4},"end":{"line":79,"column":5}},"loc":{"start":{"line":79,"column":24},"end":{"line":84,"column":5}},"line":79},"10":{"name":"(anonymous_10)","decl":{"start":{"line":89,"column":4},"end":{"line":89,"column":5}},"loc":{"start":{"line":89,"column":31},"end":{"line":95,"column":5}},"line":89},"11":{"name":"(anonymous_11)","decl":{"start":{"line":100,"column":4},"end":{"line":100,"column":5}},"loc":{"start":{"line":100,"column":32},"end":{"line":103,"column":5}},"line":100},"12":{"name":"(anonymous_12)","decl":{"start":{"line":108,"column":4},"end":{"line":108,"column":5}},"loc":{"start":{"line":108,"column":29},"end":{"line":114,"column":5}},"line":108},"13":{"name":"(anonymous_13)","decl":{"start":{"line":119,"column":4},"end":{"line":119,"column":5}},"loc":{"start":{"line":119,"column":25},"end":{"line":121,"column":5}},"line":119},"14":{"name":"(anonymous_14)","decl":{"start":{"line":126,"column":4},"end":{"line":126,"column":5}},"loc":{"start":{"line":126,"column":25},"end":{"line":128,"column":5}},"line":126}},"branchMap":{"0":{"loc":{"start":{"line":15,"column":19},"end":{"line":15,"column":47}},"type":"default-arg","locations":[{"start":{"line":15,"column":25},"end":{"line":15,"column":47}}],"line":15},"1":{"loc":{"start":{"line":16,"column":8},"end":{"line":19,"column":9}},"type":"if","locations":[{"start":{"line":16,"column":8},"end":{"line":19,"column":9}},{"start":{},"end":{}}],"line":16},"2":{"loc":{"start":{"line":21,"column":8},"end":{"line":30,"column":9}},"type":"if","locations":[{"start":{"line":21,"column":8},"end":{"line":30,"column":9}},{"start":{},"end":{}}],"line":21},"3":{"loc":{"start":{"line":24,"column":20},"end":{"line":27,"column":21}},"type":"if","locations":[{"start":{"line":24,"column":20},"end":{"line":27,"column":21}},{"start":{},"end":{}}],"line":24},"4":{"loc":{"start":{"line":80,"column":8},"end":{"line":83,"column":9}},"type":"if","locations":[{"start":{"line":80,"column":8},"end":{"line":83,"column":9}},{"start":{},"end":{}}],"line":80},"5":{"loc":{"start":{"line":90,"column":8},"end":{"line":93,"column":9}},"type":"if","locations":[{"start":{"line":90,"column":8},"end":{"line":93,"column":9}},{"start":{},"end":{}}],"line":90},"6":{"loc":{"start":{"line":101,"column":8},"end":{"line":101,"column":28}},"type":"if","locations":[{"start":{"line":101,"column":8},"end":{"line":101,"column":28}},{"start":{},"end":{}}],"line":101},"7":{"loc":{"start":{"line":109,"column":8},"end":{"line":112,"column":9}},"type":"if","locations":[{"start":{"line":109,"column":8},"end":{"line":112,"column":9}},{"start":{},"end":{}}],"line":109},"8":{"loc":{"start":{"line":127,"column":15},"end":{"line":127,"column":41}},"type":"binary-expr","locations":[{"start":{"line":127,"column":15},"end":{"line":127,"column":32}},{"start":{"line":127,"column":36},"end":{"line":127,"column":41}}],"line":127}},"s":{"0":0,"1":0,"2":0,"3":0,"4":0,"5":0,"6":0,"7":0,"8":0,"9":0,"10":0,"11":0,"12":0,"13":0,"14":0,"15":0,"16":0,"17":0,"18":0,"19":0,"20":0,"21":0,"22":0,"23":0,"24":0,"25":0,"26":0,"27":0,"28":0,"29":0,"30":0,"31":0,"32":0,"33":0,"34":0,"35":0,"36":0,"37":0,"38":0,"39":0,"40":0,"41":0,"42":0,"43":0,"44":0,"45":0,"46":0,"47":0},"f":{"0":0,"1":0,"2":0,"3":0,"4":0,"5":0,"6":0,"7":0,"8":0,"9":0,"10":0,"11":0,"12":0,"13":0,"14":0},"b":{"0":[0],"1":[0,0],"2":[0,0],"3":[0,0],"4":[0,0],"5":[0,0],"6":[0,0],"7":[0,0],"8":[0,0]}}
,"/Users/saiusa/Notely/resources/js/types/community.js": {"path":"/Users/saiusa/Notely/resources/js/types/community.js","statementMap":{},"fnMap":{},"branchMap":{},"s":{},"f":{},"b":{}}
,"/Users/saiusa/Notely/resources/js/utils/authMockData.js": {"path":"/Users/saiusa/Notely/resources/js/utils/authMockData.js","statementMap":{"0":{"start":{"line":1,"column":27},"end":{"line":14,"column":1}},"1":{"start":{"line":16,"column":28},"end":{"line":49,"column":1}}},"fnMap":{},"branchMap":{},"s":{"0":0,"1":0},"f":{},"b":{}}
,"/Users/saiusa/Notely/resources/js/utils/moodColorMapper.js": {"path":"/Users/saiusa/Notely/resources/js/utils/moodColorMapper.js","statementMap":{"0":{"start":{"line":8,"column":35},"end":{"line":33,"column":1}},"1":{"start":{"line":9,"column":4},"end":{"line":14,"column":5}},"2":{"start":{"line":10,"column":8},"end":{"line":13,"column":10}},"3":{"start":{"line":16,"column":17},"end":{"line":18,"column":5}},"4":{"start":{"line":17,"column":15},"end":{"line":17,"column":63}},"5":{"start":{"line":20,"column":4},"end":{"line":26,"column":5}},"6":{"start":{"line":21,"column":8},"end":{"line":25,"column":10}},"7":{"start":{"line":29,"column":4},"end":{"line":32,"column":6}},"8":{"start":{"line":39,"column":33},"end":{"line":44,"column":1}},"9":{"start":{"line":40,"column":17},"end":{"line":42,"column":5}},"10":{"start":{"line":41,"column":15},"end":{"line":41,"column":63}},"11":{"start":{"line":43,"column":4},"end":{"line":43,"column":24}}},"fnMap":{"0":{"name":"(anonymous_0)","decl":{"start":{"line":8,"column":35},"end":{"line":8,"column":36}},"loc":{"start":{"line":8,"column":49},"end":{"line":33,"column":1}},"line":8},"1":{"name":"(anonymous_1)","decl":{"start":{"line":17,"column":8},"end":{"line":17,"column":9}},"loc":{"start":{"line":17,"column":15},"end":{"line":17,"column":63}},"line":17},"2":{"name":"(anonymous_2)","decl":{"start":{"line":39,"column":33},"end":{"line":39,"column":34}},"loc":{"start":{"line":39,"column":47},"end":{"line":44,"column":1}},"line":39},"3":{"name":"(anonymous_3)","decl":{"start":{"line":41,"column":8},"end":{"line":41,"column":9}},"loc":{"start":{"line":41,"column":15},"end":{"line":41,"column":63}},"line":41}},"branchMap":{"0":{"loc":{"start":{"line":9,"column":4},"end":{"line":14,"column":5}},"type":"if","locations":[{"start":{"line":9,"column":4},"end":{"line":14,"column":5}},{"start":{},"end":{}}],"line":9},"1":{"loc":{"start":{"line":20,"column":4},"end":{"line":26,"column":5}},"type":"if","locations":[{"start":{"line":20,"column":4},"end":{"line":26,"column":5}},{"start":{},"end":{}}],"line":20},"2":{"loc":{"start":{"line":43,"column":11},"end":{"line":43,"column":23}},"type":"binary-expr","locations":[{"start":{"line":43,"column":11},"end":{"line":43,"column":15}},{"start":{"line":43,"column":19},"end":{"line":43,"column":23}}],"line":43}},"s":{"0":0,"1":0,"2":0,"3":0,"4":0,"5":0,"6":0,"7":0,"8":0,"9":0,"10":0,"11":0},"f":{"0":0,"1":0,"2":0,"3":0},"b":{"0":[0,0],"1":[0,0],"2":[0,0]}}
,"/Users/saiusa/Notely/resources/js/utils/slugify.js": {"path":"/Users/saiusa/Notely/resources/js/utils/slugify.js","statementMap":{"0":{"start":{"line":11,"column":4},"end":{"line":11,"column":24}},"1":{"start":{"line":11,"column":14},"end":{"line":11,"column":24}},"2":{"start":{"line":12,"column":4},"end":{"line":17,"column":29}}},"fnMap":{"0":{"name":"slugify","decl":{"start":{"line":10,"column":16},"end":{"line":10,"column":23}},"loc":{"start":{"line":10,"column":29},"end":{"line":18,"column":1}},"line":10}},"branchMap":{"0":{"loc":{"start":{"line":11,"column":4},"end":{"line":11,"column":24}},"type":"if","locations":[{"start":{"line":11,"column":4},"end":{"line":11,"column":24}},{"start":{},"end":{}}],"line":11}},"s":{"0":0,"1":0,"2":0},"f":{"0":0},"b":{"0":[0,0]}}
,"/Users/saiusa/Notely/resources/js/utils/socialMockData.js": {"path":"/Users/saiusa/Notely/resources/js/utils/socialMockData.js","statementMap":{"0":{"start":{"line":1,"column":27},"end":{"line":5,"column":1}},"1":{"start":{"line":7,"column":27},"end":{"line":11,"column":1}},"2":{"start":{"line":13,"column":25},"end":{"line":95,"column":1}},"3":{"start":{"line":97,"column":30},"end":{"line":140,"column":1}},"4":{"start":{"line":142,"column":30},"end":{"line":164,"column":1}},"5":{"start":{"line":166,"column":28},"end":{"line":204,"column":1}},"6":{"start":{"line":206,"column":34},"end":{"line":219,"column":1}}},"fnMap":{},"branchMap":{},"s":{"0":0,"1":0,"2":0,"3":0,"4":0,"5":0,"6":0},"f":{},"b":{}}
,"/Users/saiusa/Notely/resources/js/utils/textUtils.js": {"path":"/Users/saiusa/Notely/resources/js/utils/textUtils.js","statementMap":{"0":{"start":{"line":8,"column":4},"end":{"line":10,"column":5}},"1":{"start":{"line":9,"column":8},"end":{"line":9,"column":18}},"2":{"start":{"line":12,"column":18},"end":{"line":12,"column":42}},"3":{"start":{"line":14,"column":4},"end":{"line":16,"column":5}},"4":{"start":{"line":15,"column":8},"end":{"line":15,"column":20}},"5":{"start":{"line":18,"column":4},"end":{"line":18,"column":55}}},"fnMap":{"0":{"name":"truncateToWords","decl":{"start":{"line":7,"column":16},"end":{"line":7,"column":31}},"loc":{"start":{"line":7,"column":54},"end":{"line":19,"column":1}},"line":7}},"branchMap":{"0":{"loc":{"start":{"line":7,"column":38},"end":{"line":7,"column":52}},"type":"default-arg","locations":[{"start":{"line":7,"column":50},"end":{"line":7,"column":52}}],"line":7},"1":{"loc":{"start":{"line":8,"column":4},"end":{"line":10,"column":5}},"type":"if","locations":[{"start":{"line":8,"column":4},"end":{"line":10,"column":5}},{"start":{},"end":{}}],"line":8},"2":{"loc":{"start":{"line":8,"column":8},"end":{"line":8,"column":41}},"type":"binary-expr","locations":[{"start":{"line":8,"column":8},"end":{"line":8,"column":13}},{"start":{"line":8,"column":17},"end":{"line":8,"column":41}}],"line":8},"3":{"loc":{"start":{"line":14,"column":4},"end":{"line":16,"column":5}},"type":"if","locations":[{"start":{"line":14,"column":4},"end":{"line":16,"column":5}},{"start":{},"end":{}}],"line":14}},"s":{"0":0,"1":0,"2":0,"3":0,"4":0,"5":0},"f":{"0":0},"b":{"0":[0],"1":[0,0],"2":[0,0],"3":[0,0]}}
,"/Users/saiusa/Notely/resources/js/utils/timeFormatter.js": {"path":"/Users/saiusa/Notely/resources/js/utils/timeFormatter.js","statementMap":{"0":{"start":{"line":8,"column":4},"end":{"line":8,"column":31}},"1":{"start":{"line":8,"column":21},"end":{"line":8,"column":31}},"2":{"start":{"line":10,"column":17},"end":{"line":10,"column":37}},"3":{"start":{"line":11,"column":16},"end":{"line":11,"column":26}},"4":{"start":{"line":12,"column":23},"end":{"line":12,"column":54}},"5":{"start":{"line":15,"column":4},"end":{"line":17,"column":5}},"6":{"start":{"line":16,"column":8},"end":{"line":16,"column":75}},"7":{"start":{"line":20,"column":23},"end":{"line":20,"column":50}},"8":{"start":{"line":21,"column":4},"end":{"line":23,"column":5}},"9":{"start":{"line":22,"column":8},"end":{"line":22,"column":79}},"10":{"start":{"line":26,"column":21},"end":{"line":26,"column":48}},"11":{"start":{"line":27,"column":4},"end":{"line":29,"column":5}},"12":{"start":{"line":28,"column":8},"end":{"line":28,"column":71}},"13":{"start":{"line":32,"column":20},"end":{"line":32,"column":45}},"14":{"start":{"line":33,"column":4},"end":{"line":35,"column":5}},"15":{"start":{"line":34,"column":8},"end":{"line":34,"column":67}},"16":{"start":{"line":38,"column":21},"end":{"line":38,"column":44}},"17":{"start":{"line":39,"column":4},"end":{"line":41,"column":5}},"18":{"start":{"line":40,"column":8},"end":{"line":40,"column":71}},"19":{"start":{"line":44,"column":22},"end":{"line":44,"column":46}},"20":{"start":{"line":45,"column":4},"end":{"line":50,"column":5}},"21":{"start":{"line":46,"column":26},"end":{"line":46,"column":77}},"22":{"start":{"line":47,"column":20},"end":{"line":47,"column":34}},"23":{"start":{"line":48,"column":24},"end":{"line":48,"column":83}},"24":{"start":{"line":49,"column":8},"end":{"line":49,"column":50}},"25":{"start":{"line":53,"column":21},"end":{"line":53,"column":47}},"26":{"start":{"line":54,"column":22},"end":{"line":54,"column":73}},"27":{"start":{"line":55,"column":16},"end":{"line":55,"column":30}},"28":{"start":{"line":56,"column":20},"end":{"line":56,"column":75}},"29":{"start":{"line":57,"column":4},"end":{"line":57,"column":46}}},"fnMap":{"0":{"name":"formatRelativeTime","decl":{"start":{"line":7,"column":16},"end":{"line":7,"column":34}},"loc":{"start":{"line":7,"column":47},"end":{"line":58,"column":1}},"line":7}},"branchMap":{"0":{"loc":{"start":{"line":8,"column":4},"end":{"line":8,"column":31}},"type":"if","locations":[{"start":{"line":8,"column":4},"end":{"line":8,"column":31}},{"start":{},"end":{}}],"line":8},"1":{"loc":{"start":{"line":15,"column":4},"end":{"line":17,"column":5}},"type":"if","locations":[{"start":{"line":15,"column":4},"end":{"line":17,"column":5}},{"start":{},"end":{}}],"line":15},"2":{"loc":{"start":{"line":16,"column":15},"end":{"line":16,"column":74}},"type":"cond-expr","locations":[{"start":{"line":16,"column":34},"end":{"line":16,"column":44}},{"start":{"line":16,"column":47},"end":{"line":16,"column":74}}],"line":16},"3":{"loc":{"start":{"line":21,"column":4},"end":{"line":23,"column":5}},"type":"if","locations":[{"start":{"line":21,"column":4},"end":{"line":23,"column":5}},{"start":{},"end":{}}],"line":21},"4":{"loc":{"start":{"line":22,"column":15},"end":{"line":22,"column":78}},"type":"cond-expr","locations":[{"start":{"line":22,"column":34},"end":{"line":22,"column":48}},{"start":{"line":22,"column":51},"end":{"line":22,"column":78}}],"line":22},"5":{"loc":{"start":{"line":27,"column":4},"end":{"line":29,"column":5}},"type":"if","locations":[{"start":{"line":27,"column":4},"end":{"line":29,"column":5}},{"start":{},"end":{}}],"line":27},"6":{"loc":{"start":{"line":28,"column":15},"end":{"line":28,"column":70}},"type":"cond-expr","locations":[{"start":{"line":28,"column":32},"end":{"line":28,"column":44}},{"start":{"line":28,"column":47},"end":{"line":28,"column":70}}],"line":28},"7":{"loc":{"start":{"line":33,"column":4},"end":{"line":35,"column":5}},"type":"if","locations":[{"start":{"line":33,"column":4},"end":{"line":35,"column":5}},{"start":{},"end":{}}],"line":33},"8":{"loc":{"start":{"line":34,"column":15},"end":{"line":34,"column":66}},"type":"cond-expr","locations":[{"start":{"line":34,"column":31},"end":{"line":34,"column":42}},{"start":{"line":34,"column":45},"end":{"line":34,"column":66}}],"line":34},"9":{"loc":{"start":{"line":39,"column":4},"end":{"line":41,"column":5}},"type":"if","locations":[{"start":{"line":39,"column":4},"end":{"line":41,"column":5}},{"start":{},"end":{}}],"line":39},"10":{"loc":{"start":{"line":40,"column":15},"end":{"line":40,"column":70}},"type":"cond-expr","locations":[{"start":{"line":40,"column":32},"end":{"line":40,"column":44}},{"start":{"line":40,"column":47},"end":{"line":40,"column":70}}],"line":40},"11":{"loc":{"start":{"line":45,"column":4},"end":{"line":50,"column":5}},"type":"if","locations":[{"start":{"line":45,"column":4},"end":{"line":50,"column":5}},{"start":{},"end":{}}],"line":45},"12":{"loc":{"start":{"line":48,"column":24},"end":{"line":48,"column":83}},"type":"cond-expr","locations":[{"start":{"line":48,"column":42},"end":{"line":48,"column":55}},{"start":{"line":48,"column":58},"end":{"line":48,"column":83}}],"line":48},"13":{"loc":{"start":{"line":56,"column":20},"end":{"line":56,"column":75}},"type":"cond-expr","locations":[{"start":{"line":56,"column":37},"end":{"line":56,"column":49}},{"start":{"line":56,"column":52},"end":{"line":56,"column":75}}],"line":56}},"s":{"0":0,"1":0,"2":0,"3":0,"4":0,"5":0,"6":0,"7":0,"8":0,"9":0,"10":0,"11":0,"12":0,"13":0,"14":0,"15":0,"16":0,"17":0,"18":0,"19":0,"20":0,"21":0,"22":0,"23":0,"24":0,"25":0,"26":0,"27":0,"28":0,"29":0},"f":{"0":0},"b":{"0":[0,0],"1":[0,0],"2":[0,0],"3":[0,0],"4":[0,0],"5":[0,0],"6":[0,0],"7":[0,0],"8":[0,0],"9":[0,0],"10":[0,0],"11":[0,0],"12":[0,0],"13":[0,0]}}
}
