TN:
SF:resources/js/app.jsx
FNF:0
FNH:0
DA:21,0
DA:23,0
DA:24,0
LF:3
LH:0
BRDA:23,0,0,0
BRDA:23,0,1,0
BRF:2
BRH:0
end_of_record
TN:
SF:resources/js/bootstrap.js
FNF:0
FNH:0
DA:10,0
DA:12,0
DA:13,0
LF:3
LH:0
BRF:0
BRH:0
end_of_record
TN:
SF:resources/js/components/Example.jsx
FN:4,Example
FNF:1
FNH:0
FNDA:0,Example
DA:5,0
DA:22,0
DA:23,0
DA:25,0
LF:4
LH:0
BRDA:22,0,0,0
BRDA:22,0,1,0
BRF:2
BRH:0
end_of_record
TN:
SF:resources/js/components/PostComposerModal.jsx
FN:34,PostComposerModal
FN:77,(anonymous_1)
FN:78,(anonymous_2)
FN:96,(anonymous_3)
FN:112,(anonymous_4)
FN:152,(anonymous_5)
FN:157,(anonymous_6)
FN:166,(anonymous_7)
FN:190,(anonymous_8)
FN:200,(anonymous_9)
FN:225,(anonymous_10)
FN:266,(anonymous_11)
FN:284,(anonymous_12)
FN:290,(anonymous_13)
FN:294,(anonymous_14)
FN:363,(anonymous_15)
FN:370,(anonymous_16)
FN:382,(anonymous_17)
FN:395,(anonymous_18)
FN:465,(anonymous_19)
FN:466,(anonymous_20)
FN:481,(anonymous_21)
FN:481,(anonymous_22)
FN:495,(anonymous_23)
FN:499,(anonymous_24)
FN:523,(anonymous_25)
FN:523,(anonymous_26)
FN:547,(anonymous_27)
FN:547,(anonymous_28)
FN:590,(anonymous_29)
FN:591,(anonymous_30)
FN:612,(anonymous_31)
FN:618,(anonymous_32)
FN:622,(anonymous_33)
FNF:34
FNH:0
FNDA:0,PostComposerModal
FNDA:0,(anonymous_1)
FNDA:0,(anonymous_2)
FNDA:0,(anonymous_3)
FNDA:0,(anonymous_4)
FNDA:0,(anonymous_5)
FNDA:0,(anonymous_6)
FNDA:0,(anonymous_7)
FNDA:0,(anonymous_8)
FNDA:0,(anonymous_9)
FNDA:0,(anonymous_10)
FNDA:0,(anonymous_11)
FNDA:0,(anonymous_12)
FNDA:0,(anonymous_13)
FNDA:0,(anonymous_14)
FNDA:0,(anonymous_15)
FNDA:0,(anonymous_16)
FNDA:0,(anonymous_17)
FNDA:0,(anonymous_18)
FNDA:0,(anonymous_19)
FNDA:0,(anonymous_20)
FNDA:0,(anonymous_21)
FNDA:0,(anonymous_22)
FNDA:0,(anonymous_23)
FNDA:0,(anonymous_24)
FNDA:0,(anonymous_25)
FNDA:0,(anonymous_26)
FNDA:0,(anonymous_27)
FNDA:0,(anonymous_28)
FNDA:0,(anonymous_29)
FNDA:0,(anonymous_30)
FNDA:0,(anonymous_31)
FNDA:0,(anonymous_32)
FNDA:0,(anonymous_33)
DA:5,0
DA:47,0
DA:48,0
DA:49,0
DA:54,0
DA:55,0
DA:56,0
DA:57,0
DA:58,0
DA:59,0
DA:60,0
DA:63,0
DA:64,0
DA:65,0
DA:68,0
DA:69,0
DA:70,0
DA:71,0
DA:72,0
DA:77,0
DA:78,0
DA:81,0
DA:87,0
DA:96,0
DA:97,0
DA:99,0
DA:101,0
DA:102,0
DA:103,0
DA:104,0
DA:105,0
DA:108,0
DA:109,0
DA:112,0
DA:118,0
DA:119,0
DA:124,0
DA:126,0
DA:129,0
DA:130,0
DA:133,0
DA:134,0
DA:135,0
DA:136,0
DA:137,0
DA:138,0
DA:139,0
DA:140,0
DA:141,0
DA:142,0
DA:146,0
DA:147,0
DA:148,0
DA:152,0
DA:153,0
DA:154,0
DA:155,0
DA:157,0
DA:158,0
DA:166,0
DA:167,0
DA:168,0
DA:169,0
DA:172,0
DA:173,0
DA:174,0
DA:177,0
DA:178,0
DA:179,0
DA:182,0
DA:183,0
DA:184,0
DA:187,0
DA:190,0
DA:191,0
DA:193,0
DA:194,0
DA:196,0
DA:198,0
DA:200,0
DA:204,0
DA:207,0
DA:209,0
DA:210,0
DA:213,0
DA:214,0
DA:215,0
DA:216,0
DA:217,0
DA:219,0
DA:220,0
DA:224,0
DA:225,0
DA:226,0
DA:231,0
DA:232,0
DA:237,0
DA:239,0
DA:245,0
DA:249,0
DA:250,0
DA:253,0
DA:255,0
DA:257,0
DA:259,0
DA:266,0
DA:267,0
DA:268,0
DA:270,0
DA:271,0
DA:272,0
DA:275,0
DA:276,0
DA:277,0
DA:280,0
DA:281,0
DA:283,0
DA:284,0
DA:285,0
DA:287,0
DA:290,0
DA:291,0
DA:294,0
DA:295,0
DA:296,0
DA:298,0
DA:303,0
DA:305,0
DA:307,0
DA:308,0
DA:315,0
DA:363,0
DA:370,0
DA:382,0
DA:395,0
DA:466,0
DA:467,0
DA:481,0
DA:496,0
DA:500,0
DA:501,0
DA:523,0
DA:547,0
DA:591,0
DA:592,0
DA:612,0
DA:619,0
DA:623,0
DA:624,0
LF:149
LH:0
BRDA:35,0,0,0
BRDA:36,1,0,0
BRDA:39,2,0,0
BRDA:40,3,0,0
BRDA:41,4,0,0
BRDA:42,5,0,0
BRDA:48,6,0,0
BRDA:48,6,1,0
BRDA:49,7,0,0
BRDA:49,7,1,0
BRDA:78,8,0,0
BRDA:78,8,1,0
BRDA:81,9,0,0
BRDA:81,9,1,0
BRDA:83,10,0,0
BRDA:83,10,1,0
BRDA:87,11,0,0
BRDA:87,11,1,0
BRDA:89,12,0,0
BRDA:89,12,1,0
BRDA:97,13,0,0
BRDA:97,13,1,0
BRDA:99,14,0,0
BRDA:99,14,1,0
BRDA:99,15,0,0
BRDA:99,15,1,0
BRDA:101,16,0,0
BRDA:101,16,1,0
BRDA:102,17,0,0
BRDA:102,17,1,0
BRDA:103,18,0,0
BRDA:103,18,1,0
BRDA:104,19,0,0
BRDA:104,19,1,0
BRDA:106,20,0,0
BRDA:106,20,1,0
BRDA:108,21,0,0
BRDA:108,21,1,0
BRDA:110,22,0,0
BRDA:110,22,1,0
BRDA:112,23,0,0
BRDA:112,23,1,0
BRDA:118,24,0,0
BRDA:118,24,1,0
BRDA:119,25,0,0
BRDA:119,25,1,0
BRDA:121,26,0,0
BRDA:121,26,1,0
BRDA:153,27,0,0
BRDA:153,27,1,0
BRDA:153,28,0,0
BRDA:153,28,1,0
BRDA:167,29,0,0
BRDA:167,29,1,0
BRDA:172,30,0,0
BRDA:172,30,1,0
BRDA:172,31,0,0
BRDA:172,31,1,0
BRDA:177,32,0,0
BRDA:177,32,1,0
BRDA:182,33,0,0
BRDA:182,33,1,0
BRDA:182,34,0,0
BRDA:182,34,1,0
BRDA:191,35,0,0
BRDA:191,35,1,0
BRDA:209,36,0,0
BRDA:209,36,1,0
BRDA:209,37,0,0
BRDA:209,37,1,0
BRDA:209,37,2,0
BRDA:209,37,3,0
BRDA:216,38,0,0
BRDA:216,38,1,0
BRDA:217,39,0,0
BRDA:217,39,1,0
BRDA:219,40,0,0
BRDA:219,40,1,0
BRDA:220,41,0,0
BRDA:220,41,1,0
BRDA:224,42,0,0
BRDA:224,42,1,0
BRDA:231,43,0,0
BRDA:231,43,1,0
BRDA:231,44,0,0
BRDA:231,44,1,0
BRDA:237,45,0,0
BRDA:237,45,1,0
BRDA:240,46,0,0
BRDA:240,46,1,0
BRDA:249,47,0,0
BRDA:249,47,1,0
BRDA:255,48,0,0
BRDA:255,48,1,0
BRDA:256,49,0,0
BRDA:256,49,1,0
BRDA:268,50,0,0
BRDA:268,50,1,0
BRDA:270,51,0,0
BRDA:270,51,1,0
BRDA:275,52,0,0
BRDA:275,52,1,0
BRDA:296,53,0,0
BRDA:296,53,1,0
BRDA:296,54,0,0
BRDA:296,54,1,0
BRDA:298,55,0,0
BRDA:298,55,1,0
BRDA:300,56,0,0
BRDA:300,56,1,0
BRDA:307,57,0,0
BRDA:307,57,1,0
BRDA:319,58,0,0
BRDA:319,58,1,0
BRDA:323,59,0,0
BRDA:323,59,1,0
BRDA:325,60,0,0
BRDA:325,60,1,0
BRDA:334,61,0,0
BRDA:334,61,1,0
BRDA:344,62,0,0
BRDA:344,62,1,0
BRDA:344,62,2,0
BRDA:355,63,0,0
BRDA:355,63,1,0
BRDA:376,64,0,0
BRDA:376,64,1,0
BRDA:387,65,0,0
BRDA:387,65,1,0
BRDA:407,66,0,0
BRDA:407,66,1,0
BRDA:419,67,0,0
BRDA:419,67,1,0
BRDA:422,68,0,0
BRDA:422,68,1,0
BRDA:425,69,0,0
BRDA:425,69,1,0
BRDA:431,70,0,0
BRDA:431,70,1,0
BRDA:434,71,0,0
BRDA:434,71,1,0
BRDA:447,72,0,0
BRDA:447,72,1,0
BRDA:450,73,0,0
BRDA:450,73,1,0
BRDA:452,74,0,0
BRDA:452,74,1,0
BRDA:476,75,0,0
BRDA:476,75,1,0
BRDA:485,76,0,0
BRDA:485,76,1,0
BRDA:493,77,0,0
BRDA:493,77,1,0
BRDA:504,78,0,0
BRDA:504,78,1,0
BRDA:510,79,0,0
BRDA:510,79,1,0
BRDA:513,80,0,0
BRDA:513,80,1,0
BRDA:529,81,0,0
BRDA:529,81,1,0
BRDA:536,82,0,0
BRDA:536,82,1,0
BRDA:553,83,0,0
BRDA:553,83,1,0
BRDA:560,84,0,0
BRDA:560,84,1,0
BRDA:572,85,0,0
BRDA:572,85,1,0
BRDA:579,86,0,0
BRDA:579,86,1,0
BRDA:579,86,2,0
BRDA:579,86,3,0
BRDA:596,87,0,0
BRDA:596,87,1,0
BRDA:599,88,0,0
BRDA:599,88,1,0
BRDA:602,89,0,0
BRDA:602,89,1,0
BRDA:615,90,0,0
BRDA:615,90,1,0
BRDA:627,91,0,0
BRDA:627,91,1,0
BRDA:657,92,0,0
BRDA:657,92,1,0
BRDA:658,93,0,0
BRDA:658,93,1,0
BRDA:661,94,0,0
BRDA:661,94,1,0
BRF:189
BRH:0
end_of_record
TN:
SF:resources/js/components/common/CustomDropdown.jsx
FN:4,CustomDropdown
FN:23,(anonymous_1)
FN:30,(anonymous_2)
FN:31,(anonymous_3)
FN:40,(anonymous_4)
FN:45,(anonymous_5)
FN:47,(anonymous_6)
FN:51,(anonymous_7)
FN:57,(anonymous_8)
FN:71,(anonymous_9)
FN:101,(anonymous_10)
FN:107,(anonymous_11)
FNF:12
FNH:0
FNDA:0,CustomDropdown
FNDA:0,(anonymous_1)
FNDA:0,(anonymous_2)
FNDA:0,(anonymous_3)
FNDA:0,(anonymous_4)
FNDA:0,(anonymous_5)
FNDA:0,(anonymous_6)
FNDA:0,(anonymous_7)
FNDA:0,(anonymous_8)
FNDA:0,(anonymous_9)
FNDA:0,(anonymous_10)
FNDA:0,(anonymous_11)
DA:14,0
DA:15,0
DA:16,0
DA:17,0
DA:20,0
DA:23,0
DA:24,0
DA:25,0
DA:26,0
DA:30,0
DA:31,0
DA:32,0
DA:33,0
DA:34,0
DA:38,0
DA:39,0
DA:40,0
DA:45,0
DA:46,0
DA:47,0
DA:51,0
DA:52,0
DA:53,0
DA:54,0
DA:57,0
DA:58,0
DA:59,0
DA:60,0
DA:61,0
DA:65,0
DA:71,0
DA:102,0
DA:107,0
LF:33
LH:0
BRDA:8,0,0,0
BRDA:9,1,0,0
BRDA:10,2,0,0
BRDA:11,3,0,0
BRDA:12,4,0,0
BRDA:20,5,0,0
BRDA:20,5,1,0
BRDA:24,6,0,0
BRDA:24,6,1,0
BRDA:25,7,0,0
BRDA:25,7,1,0
BRDA:32,8,0,0
BRDA:32,8,1,0
BRDA:32,9,0,0
BRDA:32,9,1,0
BRDA:38,10,0,0
BRDA:38,10,1,0
BRDA:46,11,0,0
BRDA:46,11,1,0
BRDA:46,12,0,0
BRDA:46,12,1,0
BRDA:46,12,2,0
BRDA:60,13,0,0
BRDA:60,13,1,0
BRDA:70,14,0,0
BRDA:70,14,1,0
BRDA:80,15,0,0
BRDA:80,15,1,0
BRDA:83,16,0,0
BRDA:83,16,1,0
BRDA:98,17,0,0
BRDA:98,17,1,0
BRDA:105,18,0,0
BRDA:105,18,1,0
BRDA:112,19,0,0
BRDA:112,19,1,0
BRF:36
BRH:0
end_of_record
TN:
SF:resources/js/components/common/Loader.jsx
FN:4,(anonymous_0)
FNF:1
FNH:0
FNDA:0,(anonymous_0)
DA:4,0
DA:5,0
DA:15,0
LF:3
LH:0
BRF:0
BRH:0
end_of_record
TN:
SF:resources/js/components/community/CategoryBentoCard.jsx
FN:6,CategoryBentoCard
FNF:1
FNH:0
FNDA:0,CategoryBentoCard
DA:8,0
DA:9,0
DA:11,0
LF:3
LH:0
BRDA:8,0,0,0
BRDA:8,0,1,0
BRDA:9,1,0,0
BRDA:9,1,1,0
BRDA:9,2,0,0
BRDA:9,2,1,0
BRDA:9,2,2,0
BRF:7
BRH:0
end_of_record
TN:
SF:resources/js/components/community/CommunityAboutPanel.jsx
FN:12,(anonymous_0)
FN:18,(anonymous_1)
FN:22,CommunityAboutPanel
FN:33,(anonymous_3)
FN:104,(anonymous_4)
FN:113,(anonymous_5)
FNF:6
FNH:0
FNDA:0,(anonymous_0)
FNDA:0,(anonymous_1)
FNDA:0,CommunityAboutPanel
FNDA:0,(anonymous_3)
FNDA:0,(anonymous_4)
FNDA:0,(anonymous_5)
DA:7,0
DA:12,0
DA:13,0
DA:14,0
DA:15,0
DA:18,0
DA:19,0
DA:24,0
DA:30,0
DA:33,0
DA:34,0
DA:35,0
DA:36,0
DA:37,0
DA:39,0
DA:43,0
DA:104,0
DA:114,0
LF:18
LH:0
BRDA:13,0,0,0
BRDA:13,0,1,0
BRDA:14,1,0,0
BRDA:14,1,1,0
BRDA:30,2,0,0
BRDA:30,2,1,0
BRDA:34,3,0,0
BRDA:34,3,1,0
BRDA:58,4,0,0
BRDA:58,4,1,0
BRDA:67,5,0,0
BRDA:67,5,1,0
BRDA:77,6,0,0
BRDA:77,6,1,0
BRDA:82,7,0,0
BRDA:82,7,1,0
BRDA:89,8,0,0
BRDA:89,8,1,0
BRDA:101,9,0,0
BRDA:101,9,1,0
BRF:20
BRH:0
end_of_record
TN:
SF:resources/js/components/community/CommunityDetailHeader.jsx
FN:12,(anonymous_0)
FN:20,(anonymous_1)
FN:25,CommunityDetailHeader
FN:41,(anonymous_3)
FN:42,handleClickOutside
FN:49,(anonymous_5)
FN:56,(anonymous_6)
FN:63,(anonymous_7)
FN:70,(anonymous_8)
FN:77,(anonymous_9)
FN:96,(anonymous_10)
FNF:11
FNH:0
FNDA:0,(anonymous_0)
FNDA:0,(anonymous_1)
FNDA:0,CommunityDetailHeader
FNDA:0,(anonymous_3)
FNDA:0,handleClickOutside
FNDA:0,(anonymous_5)
FNDA:0,(anonymous_6)
FNDA:0,(anonymous_7)
FNDA:0,(anonymous_8)
FNDA:0,(anonymous_9)
FNDA:0,(anonymous_10)
DA:7,0
DA:12,0
DA:13,0
DA:15,0
DA:17,0
DA:20,0
DA:21,0
DA:22,0
DA:37,0
DA:38,0
DA:41,0
DA:43,0
DA:44,0
DA:48,0
DA:49,0
DA:53,0
DA:54,0
DA:56,0
DA:57,0
DA:58,0
DA:59,0
DA:63,0
DA:64,0
DA:65,0
DA:66,0
DA:70,0
DA:71,0
DA:72,0
DA:73,0
DA:77,0
DA:78,0
DA:79,0
DA:80,0
DA:83,0
DA:96,0
LF:35
LH:0
BRDA:13,0,0,0
BRDA:13,0,1,0
BRDA:15,1,0,0
BRDA:15,1,1,0
BRDA:43,2,0,0
BRDA:43,2,1,0
BRDA:43,3,0,0
BRDA:43,3,1,0
BRDA:53,4,0,0
BRDA:53,4,1,0
BRDA:53,4,2,0
BRDA:54,5,0,0
BRDA:54,5,1,0
BRDA:58,6,0,0
BRDA:58,6,1,0
BRDA:65,7,0,0
BRDA:65,7,1,0
BRDA:72,8,0,0
BRDA:72,8,1,0
BRDA:79,9,0,0
BRDA:79,9,1,0
BRDA:103,10,0,0
BRDA:103,10,1,0
BRDA:105,11,0,0
BRDA:105,11,1,0
BRDA:121,12,0,0
BRDA:121,12,1,0
BRDA:124,13,0,0
BRDA:124,13,1,0
BRDA:126,14,0,0
BRDA:126,14,1,0
BRDA:129,15,0,0
BRDA:129,15,1,0
BRDA:142,16,0,0
BRDA:142,16,1,0
BRDA:145,17,0,0
BRDA:145,17,1,0
BRDA:147,18,0,0
BRDA:147,18,1,0
BRDA:163,19,0,0
BRDA:163,19,1,0
BRDA:166,20,0,0
BRDA:166,20,1,0
BRDA:168,21,0,0
BRDA:168,21,1,0
BRDA:194,22,0,0
BRDA:194,22,1,0
BRDA:197,23,0,0
BRDA:197,23,1,0
BRDA:199,24,0,0
BRDA:199,24,1,0
BRDA:204,25,0,0
BRDA:204,25,1,0
BRDA:204,26,0,0
BRDA:204,26,1,0
BRF:55
BRH:0
end_of_record
TN:
SF:resources/js/components/community/CommunityListCard.jsx
FN:14,(anonymous_0)
FN:20,(anonymous_1)
FN:26,CommunityListCard
FNF:3
FNH:0
FNDA:0,(anonymous_0)
FNDA:0,(anonymous_1)
FNDA:0,CommunityListCard
DA:9,0
DA:14,0
DA:15,0
DA:16,0
DA:17,0
DA:20,0
DA:21,0
DA:22,0
DA:28,0
DA:29,0
DA:31,0
DA:35,0
DA:37,0
DA:39,0
DA:40,0
DA:42,0
DA:43,0
DA:45,0
DA:46,0
DA:48,0
DA:52,0
LF:21
LH:0
BRDA:15,0,0,0
BRDA:15,0,1,0
BRDA:16,1,0,0
BRDA:16,1,1,0
BRDA:29,2,0,0
BRDA:29,2,1,0
BRDA:29,3,0,0
BRDA:29,3,1,0
BRDA:31,4,0,0
BRDA:31,4,1,0
BRDA:33,5,0,0
BRDA:33,5,1,0
BRDA:37,6,0,0
BRDA:37,6,1,0
BRDA:37,6,2,0
BRDA:37,6,3,0
BRDA:48,7,0,0
BRDA:48,7,1,0
BRF:18
BRH:0
end_of_record
TN:
SF:resources/js/components/community/CommunityMembersPanel.jsx
FN:9,(anonymous_0)
FN:13,CommunityMembersPanel
FN:14,(anonymous_2)
FN:42,(anonymous_3)
FN:50,(anonymous_4)
FNF:5
FNH:0
FNDA:0,(anonymous_0)
FNDA:0,CommunityMembersPanel
FNDA:0,(anonymous_2)
FNDA:0,(anonymous_3)
FNDA:0,(anonymous_4)
DA:7,0
DA:9,0
DA:10,0
DA:14,0
DA:15,0
DA:16,0
DA:19,0
DA:20,0
DA:23,0
DA:24,0
DA:25,0
DA:27,0
DA:28,0
DA:31,0
DA:34,0
DA:42,0
DA:51,0
LF:17
LH:0
BRDA:15,0,0,0
BRDA:15,0,1,0
BRDA:19,1,0,0
BRDA:19,1,1,0
BRDA:24,2,0,0
BRDA:24,2,1,0
BRDA:27,3,0,0
BRDA:27,3,1,0
BRDA:53,4,0,0
BRDA:53,4,1,0
BRDA:60,5,0,0
BRDA:60,5,1,0
BRF:12
BRH:0
end_of_record
TN:
SF:resources/js/components/community/CommunitySidebar.jsx
FN:12,(anonymous_0)
FN:18,(anonymous_1)
FN:23,CommunityRightSidebar
FN:44,(anonymous_3)
FN:57,(anonymous_4)
FN:69,(anonymous_5)
FNF:6
FNH:0
FNDA:0,(anonymous_0)
FNDA:0,(anonymous_1)
FNDA:0,CommunityRightSidebar
FNDA:0,(anonymous_3)
FNDA:0,(anonymous_4)
FNDA:0,(anonymous_5)
DA:7,0
DA:12,0
DA:13,0
DA:14,0
DA:15,0
DA:18,0
DA:19,0
DA:20,0
DA:25,0
DA:27,0
DA:44,0
DA:57,0
DA:69,0
LF:13
LH:0
BRDA:13,0,0,0
BRDA:13,0,1,0
BRDA:14,1,0,0
BRDA:14,1,1,0
BRDA:25,2,0,0
BRDA:25,2,1,0
BRDA:46,3,0,0
BRDA:46,3,1,0
BRDA:59,4,0,0
BRDA:59,4,1,0
BRDA:71,5,0,0
BRDA:71,5,1,0
BRF:12
BRH:0
end_of_record
TN:
SF:resources/js/components/community/CustomDropdown.jsx
FN:4,CustomDropdown
FN:23,(anonymous_1)
FN:30,(anonymous_2)
FN:31,(anonymous_3)
FN:40,(anonymous_4)
FN:45,(anonymous_5)
FN:47,(anonymous_6)
FN:51,(anonymous_7)
FN:57,(anonymous_8)
FN:71,(anonymous_9)
FN:101,(anonymous_10)
FN:107,(anonymous_11)
FNF:12
FNH:0
FNDA:0,CustomDropdown
FNDA:0,(anonymous_1)
FNDA:0,(anonymous_2)
FNDA:0,(anonymous_3)
FNDA:0,(anonymous_4)
FNDA:0,(anonymous_5)
FNDA:0,(anonymous_6)
FNDA:0,(anonymous_7)
FNDA:0,(anonymous_8)
FNDA:0,(anonymous_9)
FNDA:0,(anonymous_10)
FNDA:0,(anonymous_11)
DA:14,0
DA:15,0
DA:16,0
DA:17,0
DA:20,0
DA:23,0
DA:24,0
DA:25,0
DA:26,0
DA:30,0
DA:31,0
DA:32,0
DA:33,0
DA:34,0
DA:38,0
DA:39,0
DA:40,0
DA:45,0
DA:46,0
DA:47,0
DA:51,0
DA:52,0
DA:53,0
DA:54,0
DA:57,0
DA:58,0
DA:59,0
DA:60,0
DA:61,0
DA:65,0
DA:71,0
DA:102,0
DA:107,0
LF:33
LH:0
BRDA:8,0,0,0
BRDA:9,1,0,0
BRDA:10,2,0,0
BRDA:11,3,0,0
BRDA:12,4,0,0
BRDA:20,5,0,0
BRDA:20,5,1,0
BRDA:24,6,0,0
BRDA:24,6,1,0
BRDA:25,7,0,0
BRDA:25,7,1,0
BRDA:32,8,0,0
BRDA:32,8,1,0
BRDA:32,9,0,0
BRDA:32,9,1,0
BRDA:38,10,0,0
BRDA:38,10,1,0
BRDA:46,11,0,0
BRDA:46,11,1,0
BRDA:46,12,0,0
BRDA:46,12,1,0
BRDA:46,12,2,0
BRDA:60,13,0,0
BRDA:60,13,1,0
BRDA:70,14,0,0
BRDA:70,14,1,0
BRDA:80,15,0,0
BRDA:80,15,1,0
BRDA:83,16,0,0
BRDA:83,16,1,0
BRDA:98,17,0,0
BRDA:98,17,1,0
BRDA:105,18,0,0
BRDA:105,18,1,0
BRDA:112,19,0,0
BRDA:112,19,1,0
BRF:36
BRH:0
end_of_record
TN:
SF:resources/js/components/community/communityData.js
FNF:0
FNH:0
DA:1,0
DA:19,0
DA:172,0
DA:179,0
LF:4
LH:0
BRF:0
BRH:0
end_of_record
TN:
SF:resources/js/components/community/modals/CreateCommunityModal.jsx
FN:4,CreateCommunityModal
FN:19,(anonymous_1)
FN:44,(anonymous_2)
FN:49,(anonymous_3)
FN:53,(anonymous_4)
FN:57,(anonymous_5)
FN:61,(anonymous_6)
FN:66,(anonymous_7)
FN:73,(anonymous_8)
FN:119,(anonymous_9)
FN:123,(anonymous_10)
FNF:11
FNH:0
FNDA:0,CreateCommunityModal
FNDA:0,(anonymous_1)
FNDA:0,(anonymous_2)
FNDA:0,(anonymous_3)
FNDA:0,(anonymous_4)
FNDA:0,(anonymous_5)
FNDA:0,(anonymous_6)
FNDA:0,(anonymous_7)
FNDA:0,(anonymous_8)
FNDA:0,(anonymous_9)
FNDA:0,(anonymous_10)
DA:12,0
DA:13,0
DA:14,0
DA:15,0
DA:16,0
DA:17,0
DA:19,0
DA:20,0
DA:21,0
DA:23,0
DA:25,0
DA:26,0
DA:27,0
DA:29,0
DA:30,0
DA:32,0
DA:35,0
DA:36,0
DA:37,0
DA:38,0
DA:39,0
DA:42,0
DA:44,0
DA:45,0
DA:49,0
DA:50,0
DA:53,0
DA:54,0
DA:57,0
DA:58,0
DA:61,0
DA:62,0
DA:63,0
DA:64,0
DA:65,0
DA:66,0
DA:67,0
DA:69,0
DA:73,0
DA:74,0
DA:76,0
DA:83,0
DA:84,0
DA:85,0
DA:86,0
DA:87,0
DA:90,0
DA:92,0
DA:119,0
DA:124,0
LF:50
LH:0
BRDA:8,0,0,0
BRDA:9,1,0,0
BRDA:10,2,0,0
BRDA:14,3,0,0
BRDA:14,3,1,0
BRDA:20,4,0,0
BRDA:20,4,1,0
BRDA:23,5,0,0
BRDA:23,5,1,0
BRDA:23,6,0,0
BRDA:23,6,1,0
BRDA:25,7,0,0
BRDA:25,7,1,0
BRDA:26,8,0,0
BRDA:26,8,1,0
BRDA:27,9,0,0
BRDA:27,9,1,0
BRDA:29,10,0,0
BRDA:29,10,1,0
BRDA:37,11,0,0
BRDA:37,11,1,0
BRDA:63,12,0,0
BRDA:63,12,1,0
BRDA:74,13,0,0
BRDA:74,13,1,0
BRDA:74,14,0,0
BRDA:74,14,1,0
BRDA:85,15,0,0
BRDA:85,15,1,0
BRDA:90,16,0,0
BRDA:90,16,1,0
BRDA:96,17,0,0
BRDA:96,17,1,0
BRDA:108,18,0,0
BRDA:108,18,1,0
BRDA:144,19,0,0
BRDA:144,19,1,0
BRDA:159,20,0,0
BRDA:159,20,1,0
BRDA:176,21,0,0
BRDA:176,21,1,0
BRDA:179,22,0,0
BRDA:179,22,1,0
BRF:43
BRH:0
end_of_record
TN:
SF:resources/js/components/community/modals/EditRulesModal.jsx
FN:10,EditRulesModal
FN:19,(anonymous_1)
FN:31,(anonymous_2)
FN:36,(anonymous_3)
FN:42,(anonymous_4)
FN:44,(anonymous_5)
FN:49,(anonymous_6)
FN:53,(anonymous_7)
FN:55,(anonymous_8)
FN:68,(anonymous_9)
FN:76,(anonymous_10)
FN:82,(anonymous_11)
FN:89,(anonymous_12)
FNF:13
FNH:0
FNDA:0,EditRulesModal
FNDA:0,(anonymous_1)
FNDA:0,(anonymous_2)
FNDA:0,(anonymous_3)
FNDA:0,(anonymous_4)
FNDA:0,(anonymous_5)
FNDA:0,(anonymous_6)
FNDA:0,(anonymous_7)
FNDA:0,(anonymous_8)
FNDA:0,(anonymous_9)
FNDA:0,(anonymous_10)
FNDA:0,(anonymous_11)
FNDA:0,(anonymous_12)
DA:4,0
DA:16,0
DA:17,0
DA:19,0
DA:20,0
DA:21,0
DA:23,0
DA:29,0
DA:31,0
DA:32,0
DA:36,0
DA:37,0
DA:38,0
DA:39,0
DA:42,0
DA:43,0
DA:44,0
DA:45,0
DA:49,0
DA:50,0
DA:53,0
DA:55,0
DA:57,0
DA:58,0
DA:59,0
DA:61,0
DA:65,0
DA:68,0
DA:70,0
DA:77,0
DA:82,0
DA:89,0
LF:32
LH:0
BRDA:14,0,0,0
BRDA:20,1,0,0
BRDA:20,1,1,0
BRDA:24,2,0,0
BRDA:24,2,1,0
BRDA:24,3,0,0
BRDA:24,3,1,0
BRDA:43,4,0,0
BRDA:43,4,1,0
BRDA:65,5,0,0
BRDA:65,5,1,0
BRDA:86,6,0,0
BRDA:86,6,1,0
BRDA:121,7,0,0
BRDA:121,7,1,0
BRDA:124,8,0,0
BRDA:124,8,1,0
BRF:17
BRH:0
end_of_record
TN:
SF:resources/js/components/journal/JournalCard.jsx
FN:5,JournalCard
FN:37,(anonymous_1)
FN:39,(anonymous_2)
FN:51,(anonymous_3)
FN:62,(anonymous_4)
FN:74,(anonymous_5)
FN:107,(anonymous_6)
FN:118,(anonymous_7)
FNF:8
FNH:0
FNDA:0,JournalCard
FNDA:0,(anonymous_1)
FNDA:0,(anonymous_2)
FNDA:0,(anonymous_3)
FNDA:0,(anonymous_4)
FNDA:0,(anonymous_5)
FNDA:0,(anonymous_6)
FNDA:0,(anonymous_7)
DA:13,0
DA:16,0
DA:17,0
DA:18,0
DA:19,0
DA:20,0
DA:21,0
DA:22,0
DA:23,0
DA:24,0
DA:26,0
DA:38,0
DA:39,0
DA:52,0
DA:53,0
DA:54,0
DA:63,0
DA:64,0
DA:65,0
DA:75,0
DA:76,0
DA:77,0
DA:107,0
DA:119,0
DA:122,0
DA:123,0
LF:26
LH:0
BRDA:11,0,0,0
BRDA:16,1,0,0
BRDA:16,1,1,0
BRDA:17,2,0,0
BRDA:17,2,1,0
BRDA:18,3,0,0
BRDA:18,3,1,0
BRDA:18,3,2,0
BRDA:20,4,0,0
BRDA:20,4,1,0
BRDA:20,4,2,0
BRDA:21,5,0,0
BRDA:21,5,1,0
BRDA:21,5,2,0
BRDA:21,5,3,0
BRDA:22,6,0,0
BRDA:22,6,1,0
BRDA:23,7,0,0
BRDA:23,7,1,0
BRDA:24,8,0,0
BRDA:24,8,1,0
BRDA:24,8,2,0
BRDA:47,9,0,0
BRDA:47,9,1,0
BRDA:69,10,0,0
BRDA:69,10,1,0
BRDA:71,11,0,0
BRDA:71,11,1,0
BRDA:91,12,0,0
BRDA:91,12,1,0
BRDA:93,13,0,0
BRDA:93,13,1,0
BRDA:100,14,0,0
BRDA:100,14,1,0
BRDA:102,15,0,0
BRDA:102,15,1,0
BRDA:102,16,0,0
BRDA:102,16,1,0
BRDA:102,16,2,0
BRDA:116,17,0,0
BRDA:116,17,1,0
BRDA:116,17,2,0
BRDA:119,18,0,0
BRDA:119,18,1,0
BRDA:121,19,0,0
BRDA:121,19,1,0
BRDA:121,19,2,0
BRDA:122,20,0,0
BRDA:122,20,1,0
BRDA:129,21,0,0
BRDA:129,21,1,0
BRF:51
BRH:0
end_of_record
TN:
SF:resources/js/components/journal/JournalHeader.jsx
FN:3,JournalHeader
FN:10,(anonymous_1)
FN:14,(anonymous_2)
FN:26,(anonymous_3)
FN:26,(anonymous_4)
FN:37,(anonymous_5)
FN:46,(anonymous_6)
FNF:7
FNH:0
FNDA:0,JournalHeader
FNDA:0,(anonymous_1)
FNDA:0,(anonymous_2)
FNDA:0,(anonymous_3)
FNDA:0,(anonymous_4)
FNDA:0,(anonymous_5)
FNDA:0,(anonymous_6)
DA:4,0
DA:6,0
DA:11,0
DA:14,0
DA:26,0
DA:38,0
DA:39,0
DA:47,0
DA:48,0
LF:9
LH:0
BRDA:15,0,0,0
BRDA:15,0,1,0
BRDA:33,1,0,0
BRDA:33,1,1,0
BRF:4
BRH:0
end_of_record
TN:
SF:resources/js/components/journal/SmallPostCard.jsx
FN:5,SmallPostCard
FN:14,(anonymous_1)
FN:19,(anonymous_2)
FN:25,(anonymous_3)
FN:31,(anonymous_4)
FN:37,(anonymous_5)
FN:58,(anonymous_6)
FN:140,(anonymous_7)
FNF:8
FNH:0
FNDA:0,SmallPostCard
FNDA:0,(anonymous_1)
FNDA:0,(anonymous_2)
FNDA:0,(anonymous_3)
FNDA:0,(anonymous_4)
FNDA:0,(anonymous_5)
FNDA:0,(anonymous_6)
FNDA:0,(anonymous_7)
DA:12,0
DA:14,0
DA:15,0
DA:16,0
DA:19,0
DA:20,0
DA:21,0
DA:25,0
DA:26,0
DA:27,0
DA:28,0
DA:31,0
DA:32,0
DA:33,0
DA:34,0
DA:37,0
DA:38,0
DA:39,0
DA:40,0
DA:44,0
DA:45,0
DA:46,0
DA:47,0
DA:48,0
DA:49,0
DA:50,0
DA:52,0
DA:59,0
DA:60,0
DA:141,0
DA:144,0
DA:145,0
LF:32
LH:0
BRDA:20,0,0,0
BRDA:20,0,1,0
BRDA:28,1,0,0
BRDA:28,1,1,0
BRDA:34,2,0,0
BRDA:34,2,1,0
BRDA:40,3,0,0
BRDA:40,3,1,0
BRDA:44,4,0,0
BRDA:44,4,1,0
BRDA:45,5,0,0
BRDA:45,5,1,0
BRDA:46,6,0,0
BRDA:46,6,1,0
BRDA:46,6,2,0
BRDA:48,7,0,0
BRDA:48,7,1,0
BRDA:48,7,2,0
BRDA:49,8,0,0
BRDA:49,8,1,0
BRDA:49,8,2,0
BRDA:50,9,0,0
BRDA:50,9,1,0
BRDA:59,10,0,0
BRDA:59,10,1,0
BRDA:59,11,0,0
BRDA:59,11,1,0
BRDA:65,12,0,0
BRDA:65,12,1,0
BRDA:78,13,0,0
BRDA:78,13,1,0
BRDA:97,14,0,0
BRDA:97,14,1,0
BRDA:111,15,0,0
BRDA:111,15,1,0
BRDA:113,16,0,0
BRDA:113,16,1,0
BRDA:130,17,0,0
BRDA:130,17,1,0
BRDA:135,18,0,0
BRDA:135,18,1,0
BRDA:138,19,0,0
BRDA:138,19,1,0
BRDA:138,19,2,0
BRDA:141,20,0,0
BRDA:141,20,1,0
BRDA:143,21,0,0
BRDA:143,21,1,0
BRDA:143,21,2,0
BRDA:144,22,0,0
BRDA:144,22,1,0
BRDA:154,23,0,0
BRDA:154,23,1,0
BRF:53
BRH:0
end_of_record
TN:
SF:resources/js/components/layout/AuthLayout.jsx
FN:4,AuthLayout
FNF:1
FNH:0
FNDA:0,AuthLayout
DA:5,0
LF:1
LH:0
BRDA:16,0,0,0
BRDA:16,0,1,0
BRDA:17,1,0,0
BRDA:17,1,1,0
BRF:4
BRH:0
end_of_record
TN:
SF:resources/js/components/layout/CommunityLayout.jsx
FN:7,CommunityLayout
FN:23,(anonymous_1)
FN:27,(anonymous_2)
FN:36,(anonymous_3)
FN:37,(anonymous_4)
FN:40,(anonymous_5)
FNF:6
FNH:0
FNDA:0,CommunityLayout
FNDA:0,(anonymous_1)
FNDA:0,(anonymous_2)
FNDA:0,(anonymous_3)
FNDA:0,(anonymous_4)
FNDA:0,(anonymous_5)
DA:18,0
DA:20,0
DA:21,0
DA:23,0
DA:24,0
DA:27,0
DA:28,0
DA:29,0
DA:30,0
DA:32,0
DA:36,0
DA:37,0
DA:40,0
DA:41,0
DA:44,0
LF:15
LH:0
BRDA:9,0,0,0
BRDA:12,1,0,0
BRDA:13,2,0,0
BRDA:16,3,0,0
BRDA:30,4,0,0
BRDA:30,4,1,0
BRF:6
BRH:0
end_of_record
TN:
SF:resources/js/components/layout/ComposerModal.jsx
FN:20,ComposerModal
FN:54,(anonymous_1)
FN:65,(anonymous_2)
FN:66,(anonymous_3)
FN:76,(anonymous_4)
FN:84,(anonymous_5)
FN:89,(anonymous_6)
FN:116,(anonymous_7)
FN:137,(anonymous_8)
FN:173,(anonymous_9)
FN:194,(anonymous_10)
FN:200,(anonymous_11)
FN:204,(anonymous_12)
FN:232,(anonymous_13)
FN:242,(anonymous_14)
FN:261,(anonymous_15)
FN:271,(anonymous_16)
FN:277,(anonymous_17)
FN:278,(anonymous_18)
FN:291,(anonymous_19)
FN:291,(anonymous_20)
FN:303,(anonymous_21)
FN:307,(anonymous_22)
FN:330,(anonymous_23)
FN:330,(anonymous_24)
FN:351,(anonymous_25)
FN:351,(anonymous_26)
FN:428,(anonymous_27)
FN:429,(anonymous_28)
FN:448,(anonymous_29)
FN:454,(anonymous_30)
FN:458,(anonymous_31)
FNF:32
FNH:0
FNDA:0,ComposerModal
FNDA:0,(anonymous_1)
FNDA:0,(anonymous_2)
FNDA:0,(anonymous_3)
FNDA:0,(anonymous_4)
FNDA:0,(anonymous_5)
FNDA:0,(anonymous_6)
FNDA:0,(anonymous_7)
FNDA:0,(anonymous_8)
FNDA:0,(anonymous_9)
FNDA:0,(anonymous_10)
FNDA:0,(anonymous_11)
FNDA:0,(anonymous_12)
FNDA:0,(anonymous_13)
FNDA:0,(anonymous_14)
FNDA:0,(anonymous_15)
FNDA:0,(anonymous_16)
FNDA:0,(anonymous_17)
FNDA:0,(anonymous_18)
FNDA:0,(anonymous_19)
FNDA:0,(anonymous_20)
FNDA:0,(anonymous_21)
FNDA:0,(anonymous_22)
FNDA:0,(anonymous_23)
FNDA:0,(anonymous_24)
FNDA:0,(anonymous_25)
FNDA:0,(anonymous_26)
FNDA:0,(anonymous_27)
FNDA:0,(anonymous_28)
FNDA:0,(anonymous_29)
FNDA:0,(anonymous_30)
FNDA:0,(anonymous_31)
DA:5,0
DA:30,0
DA:31,0
DA:32,0
DA:33,0
DA:34,0
DA:37,0
DA:40,0
DA:43,0
DA:46,0
DA:49,0
DA:52,0
DA:54,0
DA:57,0
DA:58,0
DA:59,0
DA:60,0
DA:63,0
DA:65,0
DA:66,0
DA:69,0
DA:72,0
DA:76,0
DA:77,0
DA:78,0
DA:81,0
DA:82,0
DA:84,0
DA:85,0
DA:89,0
DA:90,0
DA:91,0
DA:92,0
DA:95,0
DA:96,0
DA:97,0
DA:100,0
DA:104,0
DA:105,0
DA:106,0
DA:109,0
DA:110,0
DA:112,0
DA:114,0
DA:116,0
DA:120,0
DA:121,0
DA:124,0
DA:125,0
DA:128,0
DA:129,0
DA:130,0
DA:131,0
DA:132,0
DA:133,0
DA:136,0
DA:137,0
DA:138,0
DA:143,0
DA:144,0
DA:145,0
DA:152,0
DA:154,0
DA:155,0
DA:157,0
DA:160,0
DA:161,0
DA:164,0
DA:166,0
DA:167,0
DA:169,0
DA:173,0
DA:174,0
DA:175,0
DA:178,0
DA:179,0
DA:180,0
DA:184,0
DA:185,0
DA:186,0
DA:189,0
DA:190,0
DA:193,0
DA:194,0
DA:195,0
DA:197,0
DA:200,0
DA:201,0
DA:204,0
DA:205,0
DA:206,0
DA:207,0
DA:208,0
DA:212,0
DA:232,0
DA:242,0
DA:261,0
DA:271,0
DA:278,0
DA:279,0
DA:291,0
DA:304,0
DA:308,0
DA:309,0
DA:330,0
DA:351,0
DA:429,0
DA:430,0
DA:448,0
DA:455,0
DA:459,0
DA:460,0
LF:112
LH:0
BRDA:26,0,0,0
BRDA:27,1,0,0
BRDA:28,2,0,0
BRDA:30,3,0,0
BRDA:30,3,1,0
BRDA:35,4,0,0
BRDA:35,4,1,0
BRDA:35,5,0,0
BRDA:35,5,1,0
BRDA:38,6,0,0
BRDA:38,6,1,0
BRDA:38,7,0,0
BRDA:38,7,1,0
BRDA:41,8,0,0
BRDA:41,8,1,0
BRDA:41,9,0,0
BRDA:41,9,1,0
BRDA:44,10,0,0
BRDA:44,10,1,0
BRDA:44,11,0,0
BRDA:44,11,1,0
BRDA:47,12,0,0
BRDA:47,12,1,0
BRDA:47,13,0,0
BRDA:47,13,1,0
BRDA:50,14,0,0
BRDA:50,14,1,0
BRDA:50,15,0,0
BRDA:50,15,1,0
BRDA:53,16,0,0
BRDA:53,16,1,0
BRDA:53,17,0,0
BRDA:53,17,1,0
BRDA:54,18,0,0
BRDA:54,18,1,0
BRDA:61,19,0,0
BRDA:61,19,1,0
BRDA:61,20,0,0
BRDA:61,20,1,0
BRDA:66,21,0,0
BRDA:66,21,1,0
BRDA:69,22,0,0
BRDA:69,22,1,0
BRDA:72,23,0,0
BRDA:72,23,1,0
BRDA:77,24,0,0
BRDA:77,24,1,0
BRDA:90,25,0,0
BRDA:90,25,1,0
BRDA:95,26,0,0
BRDA:95,26,1,0
BRDA:95,27,0,0
BRDA:95,27,1,0
BRDA:95,27,2,0
BRDA:100,28,0,0
BRDA:100,28,1,0
BRDA:104,29,0,0
BRDA:104,29,1,0
BRDA:124,30,0,0
BRDA:124,30,1,0
BRDA:124,31,0,0
BRDA:124,31,1,0
BRDA:124,31,2,0
BRDA:124,31,3,0
BRDA:131,32,0,0
BRDA:131,32,1,0
BRDA:132,33,0,0
BRDA:132,33,1,0
BRDA:133,34,0,0
BRDA:133,34,1,0
BRDA:136,35,0,0
BRDA:136,35,1,0
BRDA:143,36,0,0
BRDA:143,36,1,0
BRDA:143,37,0,0
BRDA:143,37,1,0
BRDA:145,38,0,0
BRDA:145,38,1,0
BRDA:145,39,0,0
BRDA:145,39,1,0
BRDA:152,40,0,0
BRDA:152,40,1,0
BRDA:152,41,0,0
BRDA:152,41,1,0
BRDA:155,42,0,0
BRDA:155,42,1,0
BRDA:160,43,0,0
BRDA:160,43,1,0
BRDA:166,44,0,0
BRDA:166,44,1,0
BRDA:166,45,0,0
BRDA:166,45,1,0
BRDA:175,46,0,0
BRDA:175,46,1,0
BRDA:178,47,0,0
BRDA:178,47,1,0
BRDA:184,48,0,0
BRDA:184,48,1,0
BRDA:207,49,0,0
BRDA:207,49,1,0
BRDA:216,50,0,0
BRDA:216,50,1,0
BRDA:225,51,0,0
BRDA:225,51,1,0
BRDA:236,52,0,0
BRDA:236,52,1,0
BRDA:254,53,0,0
BRDA:254,53,1,0
BRDA:265,54,0,0
BRDA:265,54,1,0
BRDA:287,55,0,0
BRDA:287,55,1,0
BRDA:301,56,0,0
BRDA:301,56,1,0
BRDA:312,57,0,0
BRDA:312,57,1,0
BRDA:318,58,0,0
BRDA:318,58,1,0
BRDA:321,59,0,0
BRDA:321,59,1,0
BRDA:336,60,0,0
BRDA:336,60,1,0
BRDA:341,61,0,0
BRDA:341,61,1,0
BRDA:357,62,0,0
BRDA:357,62,1,0
BRDA:362,63,0,0
BRDA:362,63,1,0
BRDA:373,64,0,0
BRDA:373,64,1,0
BRDA:383,65,0,0
BRDA:383,65,1,0
BRDA:403,66,0,0
BRDA:403,66,1,0
BRDA:405,67,0,0
BRDA:405,67,1,0
BRDA:411,68,0,0
BRDA:411,68,1,0
BRDA:418,69,0,0
BRDA:418,69,1,0
BRDA:418,69,2,0
BRDA:418,69,3,0
BRDA:434,70,0,0
BRDA:434,70,1,0
BRDA:435,71,0,0
BRDA:435,71,1,0
BRDA:438,72,0,0
BRDA:438,72,1,0
BRDA:451,73,0,0
BRDA:451,73,1,0
BRDA:463,74,0,0
BRDA:463,74,1,0
BRDA:482,75,0,0
BRDA:482,75,1,0
BRDA:482,76,0,0
BRDA:482,76,1,0
BRDA:482,77,0,0
BRDA:482,77,1,0
BRF:158
BRH:0
end_of_record
TN:
SF:resources/js/components/layout/ErrorBoundary.jsx
FN:10,(anonymous_0)
FN:19,(anonymous_1)
FN:23,(anonymous_2)
FN:36,(anonymous_3)
FN:44,(anonymous_4)
FN:140,(anonymous_5)
FNF:6
FNH:0
FNDA:0,(anonymous_0)
FNDA:0,(anonymous_1)
FNDA:0,(anonymous_2)
FNDA:0,(anonymous_3)
FNDA:0,(anonymous_4)
FNDA:0,(anonymous_5)
DA:11,0
DA:12,0
DA:20,0
DA:24,0
DA:25,0
DA:31,0
DA:32,0
DA:36,0
DA:37,0
DA:45,0
DA:46,0
DA:140,0
DA:160,0
LF:13
LH:0
BRDA:31,0,0,0
BRDA:31,0,1,0
BRDA:45,1,0,0
BRDA:45,1,1,0
BRDA:90,2,0,0
BRDA:90,2,1,0
BRF:6
BRH:0
end_of_record
TN:
SF:resources/js/components/layout/JournalLayout.jsx
FN:7,JournalLayout
FN:21,(anonymous_1)
FN:25,(anonymous_2)
FN:34,(anonymous_3)
FN:35,(anonymous_4)
FN:38,(anonymous_5)
FNF:6
FNH:0
FNDA:0,JournalLayout
FNDA:0,(anonymous_1)
FNDA:0,(anonymous_2)
FNDA:0,(anonymous_3)
FNDA:0,(anonymous_4)
FNDA:0,(anonymous_5)
DA:16,0
DA:18,0
DA:19,0
DA:21,0
DA:22,0
DA:25,0
DA:26,0
DA:27,0
DA:28,0
DA:30,0
DA:34,0
DA:35,0
DA:38,0
DA:39,0
DA:42,0
LF:15
LH:0
BRDA:9,0,0,0
BRDA:10,1,0,0
BRDA:11,2,0,0
BRDA:14,3,0,0
BRDA:28,4,0,0
BRDA:28,4,1,0
BRF:6
BRH:0
end_of_record
TN:
SF:resources/js/components/layout/ProfileLayout.jsx
FN:7,ProfileLayout
FN:21,(anonymous_1)
FN:25,(anonymous_2)
FN:34,(anonymous_3)
FN:35,(anonymous_4)
FN:38,(anonymous_5)
FNF:6
FNH:0
FNDA:0,ProfileLayout
FNDA:0,(anonymous_1)
FNDA:0,(anonymous_2)
FNDA:0,(anonymous_3)
FNDA:0,(anonymous_4)
FNDA:0,(anonymous_5)
DA:16,0
DA:18,0
DA:19,0
DA:21,0
DA:22,0
DA:25,0
DA:26,0
DA:27,0
DA:28,0
DA:30,0
DA:34,0
DA:35,0
DA:38,0
DA:39,0
DA:42,0
LF:15
LH:0
BRDA:9,0,0,0
BRDA:10,1,0,0
BRDA:11,2,0,0
BRDA:14,3,0,0
BRDA:28,4,0,0
BRDA:28,4,1,0
BRF:6
BRH:0
end_of_record
TN:
SF:resources/js/components/layout/ProtectedRoute.jsx
FN:11,ProtectedRoute
FNF:1
FNH:0
FNDA:0,ProtectedRoute
DA:12,0
DA:14,0
DA:15,0
DA:28,0
DA:29,0
DA:32,0
LF:6
LH:0
BRDA:14,0,0,0
BRDA:14,0,1,0
BRDA:28,1,0,0
BRDA:28,1,1,0
BRF:4
BRH:0
end_of_record
TN:
SF:resources/js/components/layout/RecentJournals.jsx
FN:5,toShortTimeLabel
FN:17,RecentJournals
FN:19,(anonymous_2)
FN:44,(anonymous_3)
FNF:4
FNH:0
FNDA:0,toShortTimeLabel
FNDA:0,RecentJournals
FNDA:0,(anonymous_2)
FNDA:0,(anonymous_3)
DA:6,0
DA:8,0
DA:21,0
DA:45,0
LF:4
LH:0
BRDA:6,0,0,0
BRDA:6,0,1,0
BRDA:18,1,0,0
BRDA:19,2,0,0
BRDA:43,3,0,0
BRDA:43,3,1,0
BRF:6
BRH:0
end_of_record
TN:
SF:resources/js/components/layout/SettingsPageLayout.jsx
FN:7,SettingsPageLayout
FN:21,(anonymous_1)
FN:25,(anonymous_2)
FN:34,(anonymous_3)
FN:35,(anonymous_4)
FN:38,(anonymous_5)
FNF:6
FNH:0
FNDA:0,SettingsPageLayout
FNDA:0,(anonymous_1)
FNDA:0,(anonymous_2)
FNDA:0,(anonymous_3)
FNDA:0,(anonymous_4)
FNDA:0,(anonymous_5)
DA:16,0
DA:18,0
DA:19,0
DA:21,0
DA:22,0
DA:25,0
DA:26,0
DA:27,0
DA:28,0
DA:30,0
DA:34,0
DA:35,0
DA:38,0
DA:39,0
DA:42,0
LF:15
LH:0
BRDA:9,0,0,0
BRDA:10,1,0,0
BRDA:11,2,0,0
BRDA:14,3,0,0
BRDA:28,4,0,0
BRDA:28,4,1,0
BRF:6
BRH:0
end_of_record
TN:
SF:resources/js/components/layout/Sidebar.jsx
FN:6,Sidebar
FN:6,(anonymous_1)
FN:18,(anonymous_2)
FN:32,(anonymous_3)
FN:48,(anonymous_4)
FN:62,(anonymous_5)
FN:108,(anonymous_6)
FN:124,(anonymous_7)
FN:138,(anonymous_8)
FN:154,(anonymous_9)
FN:186,(anonymous_10)
FNF:11
FNH:0
FNDA:0,Sidebar
FNDA:0,(anonymous_1)
FNDA:0,(anonymous_2)
FNDA:0,(anonymous_3)
FNDA:0,(anonymous_4)
FNDA:0,(anonymous_5)
FNDA:0,(anonymous_6)
FNDA:0,(anonymous_7)
FNDA:0,(anonymous_8)
FNDA:0,(anonymous_9)
FNDA:0,(anonymous_10)
DA:7,0
DA:8,0
DA:9,0
DA:10,0
DA:12,0
DA:13,0
DA:15,0
DA:16,0
DA:18,0
DA:19,0
DA:20,0
DA:25,0
DA:28,0
DA:29,0
DA:32,0
DA:33,0
DA:34,0
DA:37,0
DA:48,0
DA:62,0
DA:108,0
DA:124,0
DA:138,0
DA:154,0
DA:186,0
LF:25
LH:0
BRDA:6,0,0,0
BRDA:6,1,0,0
BRDA:19,2,0,0
BRDA:19,2,1,0
BRDA:25,3,0,0
BRDA:25,3,1,0
BRDA:26,4,0,0
BRDA:26,4,1,0
BRDA:26,5,0,0
BRDA:26,5,1,0
BRDA:26,6,0,0
BRDA:26,6,1,0
BRDA:27,7,0,0
BRDA:27,7,1,0
BRDA:28,8,0,0
BRDA:28,8,1,0
BRDA:29,9,0,0
BRDA:29,9,1,0
BRDA:50,10,0,0
BRDA:50,10,1,0
BRDA:71,11,0,0
BRDA:71,11,1,0
BRDA:79,12,0,0
BRDA:79,12,1,0
BRDA:84,13,0,0
BRDA:84,13,1,0
BRDA:95,14,0,0
BRDA:95,14,1,0
BRDA:110,15,0,0
BRDA:110,15,1,0
BRDA:126,16,0,0
BRDA:126,16,1,0
BRDA:140,17,0,0
BRDA:140,17,1,0
BRDA:175,18,0,0
BRDA:175,18,1,0
BRDA:182,19,0,0
BRDA:182,19,1,0
BRF:38
BRH:0
end_of_record
TN:
SF:resources/js/components/layout/SocialLayout.jsx
FN:8,SocialLayout
FN:29,(anonymous_1)
FN:36,(anonymous_2)
FN:48,(anonymous_3)
FN:49,(anonymous_4)
FN:55,(anonymous_5)
FN:62,(anonymous_6)
FN:63,(anonymous_7)
FNF:8
FNH:0
FNDA:0,SocialLayout
FNDA:0,(anonymous_1)
FNDA:0,(anonymous_2)
FNDA:0,(anonymous_3)
FNDA:0,(anonymous_4)
FNDA:0,(anonymous_5)
FNDA:0,(anonymous_6)
FNDA:0,(anonymous_7)
DA:23,0
DA:25,0
DA:26,0
DA:29,0
DA:30,0
DA:36,0
DA:37,0
DA:38,0
DA:39,0
DA:41,0
DA:48,0
DA:49,0
DA:55,0
DA:56,0
DA:62,0
DA:63,0
DA:67,0
DA:69,0
LF:18
LH:0
BRDA:21,0,0,0
BRDA:39,1,0,0
BRDA:39,1,1,0
BRDA:67,2,0,0
BRDA:67,2,1,0
BRDA:102,3,0,0
BRDA:102,3,1,0
BRF:7
BRH:0
end_of_record
TN:
SF:resources/js/components/layout/TopNavbar.jsx
FN:8,IconButton
FN:23,SearchBar
FN:36,HomeTabs
FN:41,(anonymous_3)
FN:51,(anonymous_4)
FN:62,FilterDropdown
FN:80,HomeNavbar
FN:108,(anonymous_7)
FN:108,(anonymous_8)
FN:137,DefaultNavbar
FN:185,TopNavbar
FN:189,(anonymous_11)
FN:194,(anonymous_12)
FN:195,(anonymous_13)
FN:203,(anonymous_14)
FN:207,(anonymous_15)
FN:212,(anonymous_16)
FN:221,(anonymous_17)
FN:236,(anonymous_18)
FN:239,(anonymous_19)
FN:240,(anonymous_20)
FN:254,(anonymous_21)
FN:257,(anonymous_22)
FN:258,(anonymous_23)
FN:268,(anonymous_24)
FN:271,(anonymous_25)
FN:272,(anonymous_26)
FN:282,(anonymous_27)
FN:291,(anonymous_28)
FN:295,(anonymous_29)
FN:300,(anonymous_30)
FNF:31
FNH:0
FNDA:0,IconButton
FNDA:0,SearchBar
FNDA:0,HomeTabs
FNDA:0,(anonymous_3)
FNDA:0,(anonymous_4)
FNDA:0,FilterDropdown
FNDA:0,HomeNavbar
FNDA:0,(anonymous_7)
FNDA:0,(anonymous_8)
FNDA:0,DefaultNavbar
FNDA:0,TopNavbar
FNDA:0,(anonymous_11)
FNDA:0,(anonymous_12)
FNDA:0,(anonymous_13)
FNDA:0,(anonymous_14)
FNDA:0,(anonymous_15)
FNDA:0,(anonymous_16)
FNDA:0,(anonymous_17)
FNDA:0,(anonymous_18)
FNDA:0,(anonymous_19)
FNDA:0,(anonymous_20)
FNDA:0,(anonymous_21)
FNDA:0,(anonymous_22)
FNDA:0,(anonymous_23)
FNDA:0,(anonymous_24)
FNDA:0,(anonymous_25)
FNDA:0,(anonymous_26)
FNDA:0,(anonymous_27)
FNDA:0,(anonymous_28)
FNDA:0,(anonymous_29)
FNDA:0,(anonymous_30)
DA:9,0
DA:24,0
DA:37,0
DA:41,0
DA:51,0
DA:63,0
DA:65,0
DA:96,0
DA:108,0
DA:152,0
DA:197,0
DA:198,0
DA:199,0
DA:200,0
DA:201,0
DA:203,0
DA:204,0
DA:207,0
DA:208,0
DA:212,0
DA:213,0
DA:214,0
DA:221,0
DA:222,0
DA:223,0
DA:224,0
DA:225,0
DA:227,0
DA:229,0
DA:236,0
DA:237,0
DA:238,0
DA:239,0
DA:240,0
DA:241,0
DA:247,0
DA:254,0
DA:255,0
DA:256,0
DA:257,0
DA:258,0
DA:261,0
DA:268,0
DA:269,0
DA:270,0
DA:271,0
DA:272,0
DA:275,0
DA:282,0
DA:283,0
DA:284,0
DA:291,0
DA:292,0
DA:295,0
DA:296,0
DA:297,0
DA:300,0
DA:301,0
DA:302,0
DA:305,0
LF:60
LH:0
BRDA:8,0,0,0
BRDA:15,1,0,0
BRDA:15,1,1,0
BRDA:43,2,0,0
BRDA:43,2,1,0
BRDA:53,3,0,0
BRDA:53,3,1,0
BRDA:63,4,0,0
BRDA:63,4,1,0
BRDA:155,5,0,0
BRDA:155,5,1,0
BRDA:156,6,0,0
BRDA:156,6,1,0
BRDA:186,7,0,0
BRDA:187,8,0,0
BRDA:188,9,0,0
BRDA:189,10,0,0
BRDA:192,11,0,0
BRDA:193,12,0,0
BRDA:194,13,0,0
BRDA:195,14,0,0
BRDA:208,15,0,0
BRDA:208,15,1,0
BRDA:213,16,0,0
BRDA:213,16,1,0
BRDA:225,17,0,0
BRDA:225,17,1,0
BRDA:241,18,0,0
BRDA:241,18,1,0
BRDA:283,19,0,0
BRDA:283,19,1,0
BRDA:301,20,0,0
BRDA:301,20,1,0
BRDA:302,21,0,0
BRDA:302,21,1,0
BRDA:309,22,0,0
BRDA:309,22,1,0
BRF:37
BRH:0
end_of_record
TN:
SF:resources/js/components/layout/moodOptions.js
FNF:0
FNH:0
DA:1,0
LF:1
LH:0
BRF:0
BRH:0
end_of_record
TN:
SF:resources/js/components/notification/NotificationButton.jsx
FN:3,NotificationButton
FN:4,(anonymous_1)
FNF:2
FNH:0
FNDA:0,NotificationButton
FNDA:0,(anonymous_1)
DA:4,0
DA:5,0
DA:6,0
DA:9,0
LF:4
LH:0
BRDA:5,0,0,0
BRDA:5,0,1,0
BRDA:15,1,0,0
BRDA:15,1,1,0
BRDA:19,2,0,0
BRDA:19,2,1,0
BRF:6
BRH:0
end_of_record
TN:
SF:resources/js/components/notification/NotificationCard.jsx
FN:4,NotificationCard
FN:11,(anonymous_1)
FN:12,(anonymous_2)
FNF:3
FNH:0
FNDA:0,NotificationCard
FNDA:0,(anonymous_1)
FNDA:0,(anonymous_2)
DA:5,0
DA:7,0
DA:11,0
DA:12,0
LF:4
LH:0
BRDA:14,0,0,0
BRDA:14,0,1,0
BRDA:19,1,0,0
BRDA:19,1,1,0
BRDA:37,2,0,0
BRDA:37,2,1,0
BRDA:39,3,0,0
BRDA:39,3,1,0
BRDA:60,4,0,0
BRDA:60,4,1,0
BRF:10
BRH:0
end_of_record
TN:
SF:resources/js/components/notification/NotificationDropdown.jsx
FN:5,NotificationDropdown
FN:24,(anonymous_1)
FN:27,(anonymous_2)
FN:34,(anonymous_3)
FN:38,(anonymous_4)
FN:39,(anonymous_5)
FN:47,(anonymous_6)
FN:51,(anonymous_7)
FN:57,(anonymous_8)
FN:64,(anonymous_9)
FN:73,(anonymous_10)
FN:80,(anonymous_11)
FN:81,(anonymous_12)
FN:82,(anonymous_13)
FN:93,(anonymous_14)
FN:111,(anonymous_15)
FN:128,(anonymous_16)
FN:135,(anonymous_17)
FN:170,(anonymous_18)
FN:174,(anonymous_19)
FN:175,(anonymous_20)
FN:176,(anonymous_21)
FN:195,(anonymous_22)
FN:199,(anonymous_23)
FN:200,(anonymous_24)
FN:201,(anonymous_25)
FN:220,(anonymous_26)
FN:224,(anonymous_27)
FN:225,(anonymous_28)
FN:226,(anonymous_29)
FNF:30
FNH:0
FNDA:0,NotificationDropdown
FNDA:0,(anonymous_1)
FNDA:0,(anonymous_2)
FNDA:0,(anonymous_3)
FNDA:0,(anonymous_4)
FNDA:0,(anonymous_5)
FNDA:0,(anonymous_6)
FNDA:0,(anonymous_7)
FNDA:0,(anonymous_8)
FNDA:0,(anonymous_9)
FNDA:0,(anonymous_10)
FNDA:0,(anonymous_11)
FNDA:0,(anonymous_12)
FNDA:0,(anonymous_13)
FNDA:0,(anonymous_14)
FNDA:0,(anonymous_15)
FNDA:0,(anonymous_16)
FNDA:0,(anonymous_17)
FNDA:0,(anonymous_18)
FNDA:0,(anonymous_19)
FNDA:0,(anonymous_20)
FNDA:0,(anonymous_21)
FNDA:0,(anonymous_22)
FNDA:0,(anonymous_23)
FNDA:0,(anonymous_24)
FNDA:0,(anonymous_25)
FNDA:0,(anonymous_26)
FNDA:0,(anonymous_27)
FNDA:0,(anonymous_28)
FNDA:0,(anonymous_29)
DA:16,0
DA:17,0
DA:18,0
DA:19,0
DA:21,0
DA:24,0
DA:25,0
DA:27,0
DA:28,0
DA:29,0
DA:33,0
DA:34,0
DA:38,0
DA:39,0
DA:40,0
DA:41,0
DA:45,0
DA:46,0
DA:47,0
DA:51,0
DA:52,0
DA:53,0
DA:57,0
DA:58,0
DA:59,0
DA:60,0
DA:64,0
DA:65,0
DA:66,0
DA:67,0
DA:72,0
DA:73,0
DA:76,0
DA:79,0
DA:80,0
DA:81,0
DA:82,0
DA:85,0
DA:93,0
DA:112,0
DA:113,0
DA:128,0
DA:135,0
DA:171,0
DA:174,0
DA:175,0
DA:177,0
DA:178,0
DA:196,0
DA:199,0
DA:200,0
DA:202,0
DA:203,0
DA:221,0
DA:224,0
DA:225,0
DA:227,0
DA:228,0
LF:58
LH:0
BRDA:21,0,0,0
BRDA:21,0,1,0
BRDA:25,1,0,0
BRDA:25,1,1,0
BRDA:28,2,0,0
BRDA:28,2,1,0
BRDA:28,3,0,0
BRDA:28,3,1,0
BRDA:40,4,0,0
BRDA:40,4,1,0
BRDA:40,5,0,0
BRDA:40,5,1,0
BRDA:45,6,0,0
BRDA:45,6,1,0
BRDA:52,7,0,0
BRDA:52,7,1,0
BRDA:52,8,0,0
BRDA:52,8,1,0
BRDA:59,9,0,0
BRDA:59,9,1,0
BRDA:66,10,0,0
BRDA:66,10,1,0
BRDA:72,11,0,0
BRDA:72,11,1,0
BRDA:76,12,0,0
BRDA:76,12,1,0
BRDA:98,13,0,0
BRDA:98,13,1,0
BRDA:127,14,0,0
BRDA:127,14,1,0
BRDA:134,15,0,0
BRDA:134,15,1,0
BRDA:142,16,0,0
BRDA:142,16,1,0
BRDA:147,17,0,0
BRDA:147,17,1,0
BRDA:151,18,0,0
BRDA:151,18,1,0
BRDA:154,19,0,0
BRDA:154,19,1,0
BRDA:162,20,0,0
BRDA:162,20,1,0
BRDA:187,21,0,0
BRDA:187,21,1,0
BRDA:212,22,0,0
BRDA:212,22,1,0
BRF:46
BRH:0
end_of_record
TN:
SF:resources/js/components/notification/notificationHelpers.js
FN:4,formatTimeAgo
FN:18,getNotificationIcon
FN:36,getNotificationMessage
FNF:3
FNH:0
FNDA:0,formatTimeAgo
FNDA:0,getNotificationIcon
FNDA:0,getNotificationMessage
DA:5,0
DA:6,0
DA:7,0
DA:9,0
DA:10,0
DA:11,0
DA:12,0
DA:19,0
DA:21,0
DA:23,0
DA:25,0
DA:27,0
DA:29,0
DA:37,0
DA:39,0
DA:41,0
DA:43,0
DA:45,0
DA:47,0
LF:19
LH:0
BRDA:9,0,0,0
BRDA:9,0,1,0
BRDA:10,1,0,0
BRDA:10,1,1,0
BRDA:11,2,0,0
BRDA:11,2,1,0
BRDA:19,3,0,0
BRDA:19,3,1,0
BRDA:19,3,2,0
BRDA:19,3,3,0
BRDA:19,3,4,0
BRDA:37,4,0,0
BRDA:37,4,1,0
BRDA:37,4,2,0
BRDA:37,4,3,0
BRDA:37,4,4,0
BRF:16
BRH:0
end_of_record
TN:
SF:resources/js/components/posts/EditPostModal.jsx
FN:10,(anonymous_0)
FN:24,EditPostModal
FN:41,(anonymous_2)
FN:61,(anonymous_3)
FN:62,(anonymous_4)
FN:66,(anonymous_5)
FN:70,(anonymous_6)
FN:78,(anonymous_7)
FN:107,(anonymous_8)
FN:126,(anonymous_9)
FN:163,(anonymous_10)
FN:184,(anonymous_11)
FN:190,(anonymous_12)
FN:194,(anonymous_13)
FN:238,(anonymous_14)
FN:245,(anonymous_15)
FN:257,(anonymous_16)
FN:278,(anonymous_17)
FN:342,(anonymous_18)
FN:343,(anonymous_19)
FN:357,(anonymous_20)
FN:357,(anonymous_21)
FN:369,(anonymous_22)
FN:373,(anonymous_23)
FN:397,(anonymous_24)
FN:397,(anonymous_25)
FN:421,(anonymous_26)
FN:421,(anonymous_27)
FN:456,(anonymous_28)
FN:457,(anonymous_29)
FN:478,(anonymous_30)
FN:484,(anonymous_31)
FN:488,(anonymous_32)
FNF:33
FNH:0
FNDA:0,(anonymous_0)
FNDA:0,EditPostModal
FNDA:0,(anonymous_2)
FNDA:0,(anonymous_3)
FNDA:0,(anonymous_4)
FNDA:0,(anonymous_5)
FNDA:0,(anonymous_6)
FNDA:0,(anonymous_7)
FNDA:0,(anonymous_8)
FNDA:0,(anonymous_9)
FNDA:0,(anonymous_10)
FNDA:0,(anonymous_11)
FNDA:0,(anonymous_12)
FNDA:0,(anonymous_13)
FNDA:0,(anonymous_14)
FNDA:0,(anonymous_15)
FNDA:0,(anonymous_16)
FNDA:0,(anonymous_17)
FNDA:0,(anonymous_18)
FNDA:0,(anonymous_19)
FNDA:0,(anonymous_20)
FNDA:0,(anonymous_21)
FNDA:0,(anonymous_22)
FNDA:0,(anonymous_23)
FNDA:0,(anonymous_24)
FNDA:0,(anonymous_25)
FNDA:0,(anonymous_26)
FNDA:0,(anonymous_27)
FNDA:0,(anonymous_28)
FNDA:0,(anonymous_29)
FNDA:0,(anonymous_30)
FNDA:0,(anonymous_31)
FNDA:0,(anonymous_32)
DA:10,0
DA:11,0
DA:12,0
DA:13,0
DA:14,0
DA:16,0
DA:31,0
DA:32,0
DA:33,0
DA:34,0
DA:35,0
DA:38,0
DA:39,0
DA:41,0
DA:46,0
DA:49,0
DA:50,0
DA:53,0
DA:54,0
DA:55,0
DA:56,0
DA:57,0
DA:60,0
DA:61,0
DA:62,0
DA:66,0
DA:67,0
DA:68,0
DA:70,0
DA:71,0
DA:78,0
DA:79,0
DA:80,0
DA:81,0
DA:85,0
DA:86,0
DA:87,0
DA:90,0
DA:91,0
DA:92,0
DA:95,0
DA:96,0
DA:97,0
DA:100,0
DA:101,0
DA:103,0
DA:105,0
DA:107,0
DA:111,0
DA:114,0
DA:115,0
DA:118,0
DA:119,0
DA:120,0
DA:121,0
DA:122,0
DA:125,0
DA:126,0
DA:127,0
DA:132,0
DA:133,0
DA:137,0
DA:142,0
DA:145,0
DA:146,0
DA:150,0
DA:152,0
DA:153,0
DA:154,0
DA:156,0
DA:163,0
DA:164,0
DA:165,0
DA:168,0
DA:169,0
DA:170,0
DA:174,0
DA:175,0
DA:176,0
DA:179,0
DA:180,0
DA:183,0
DA:184,0
DA:185,0
DA:187,0
DA:190,0
DA:191,0
DA:194,0
DA:195,0
DA:197,0
DA:198,0
DA:200,0
DA:201,0
DA:205,0
DA:238,0
DA:245,0
DA:257,0
DA:278,0
DA:343,0
DA:344,0
DA:357,0
DA:370,0
DA:374,0
DA:375,0
DA:397,0
DA:421,0
DA:457,0
DA:458,0
DA:478,0
DA:485,0
DA:489,0
DA:490,0
LF:112
LH:0
BRDA:11,0,0,0
BRDA:11,0,1,0
BRDA:12,1,0,0
BRDA:12,1,1,0
BRDA:13,2,0,0
BRDA:13,2,1,0
BRDA:14,3,0,0
BRDA:14,3,1,0
BRDA:26,4,0,0
BRDA:31,5,0,0
BRDA:31,5,1,0
BRDA:32,6,0,0
BRDA:32,6,1,0
BRDA:33,7,0,0
BRDA:33,7,1,0
BRDA:34,8,0,0
BRDA:34,8,1,0
BRDA:36,9,0,0
BRDA:36,9,1,0
BRDA:38,10,0,0
BRDA:38,10,1,0
BRDA:40,11,0,0
BRDA:40,11,1,0
BRDA:41,12,0,0
BRDA:41,12,1,0
BRDA:47,13,0,0
BRDA:47,13,1,0
BRDA:60,14,0,0
BRDA:60,14,1,0
BRDA:62,15,0,0
BRDA:62,15,1,0
BRDA:79,16,0,0
BRDA:79,16,1,0
BRDA:85,17,0,0
BRDA:85,17,1,0
BRDA:85,18,0,0
BRDA:85,18,1,0
BRDA:90,19,0,0
BRDA:90,19,1,0
BRDA:95,20,0,0
BRDA:95,20,1,0
BRDA:95,21,0,0
BRDA:95,21,1,0
BRDA:114,22,0,0
BRDA:114,22,1,0
BRDA:114,23,0,0
BRDA:114,23,1,0
BRDA:114,23,2,0
BRDA:114,23,3,0
BRDA:121,24,0,0
BRDA:121,24,1,0
BRDA:122,25,0,0
BRDA:122,25,1,0
BRDA:125,26,0,0
BRDA:125,26,1,0
BRDA:132,27,0,0
BRDA:132,27,1,0
BRDA:138,28,0,0
BRDA:138,28,1,0
BRDA:145,29,0,0
BRDA:145,29,1,0
BRDA:152,30,0,0
BRDA:152,30,1,0
BRDA:165,31,0,0
BRDA:165,31,1,0
BRDA:168,32,0,0
BRDA:168,32,1,0
BRDA:174,33,0,0
BRDA:174,33,1,0
BRDA:197,34,0,0
BRDA:197,34,1,0
BRDA:200,35,0,0
BRDA:200,35,1,0
BRDA:212,36,0,0
BRDA:212,36,1,0
BRDA:212,37,0,0
BRDA:212,37,1,0
BRDA:219,38,0,0
BRDA:219,38,1,0
BRDA:230,39,0,0
BRDA:230,39,1,0
BRDA:251,40,0,0
BRDA:251,40,1,0
BRDA:270,41,0,0
BRDA:270,41,1,0
BRDA:291,42,0,0
BRDA:291,42,1,0
BRDA:309,43,0,0
BRDA:309,43,1,0
BRDA:331,44,0,0
BRDA:331,44,1,0
BRDA:333,45,0,0
BRDA:333,45,1,0
BRDA:352,46,0,0
BRDA:352,46,1,0
BRDA:367,47,0,0
BRDA:367,47,1,0
BRDA:378,48,0,0
BRDA:378,48,1,0
BRDA:384,49,0,0
BRDA:384,49,1,0
BRDA:387,50,0,0
BRDA:387,50,1,0
BRDA:403,51,0,0
BRDA:403,51,1,0
BRDA:410,52,0,0
BRDA:410,52,1,0
BRDA:427,53,0,0
BRDA:427,53,1,0
BRDA:434,54,0,0
BRDA:434,54,1,0
BRDA:446,55,0,0
BRDA:446,55,1,0
BRDA:462,56,0,0
BRDA:462,56,1,0
BRDA:465,57,0,0
BRDA:465,57,1,0
BRDA:468,58,0,0
BRDA:468,58,1,0
BRDA:481,59,0,0
BRDA:481,59,1,0
BRDA:493,60,0,0
BRDA:493,60,1,0
BRDA:523,61,0,0
BRDA:523,61,1,0
BRF:125
BRH:0
end_of_record
TN:
SF:resources/js/components/posts/PostCard.jsx
FN:10,RecentJournalCard
FN:38,PostCard
FN:66,(anonymous_2)
FN:70,(anonymous_3)
FN:76,(anonymous_4)
FN:81,(anonymous_5)
FN:87,(anonymous_6)
FN:93,(anonymous_7)
FN:97,(anonymous_8)
FN:104,(anonymous_9)
FN:105,(anonymous_10)
FN:109,(anonymous_11)
FN:112,(anonymous_12)
FN:120,(anonymous_13)
FN:123,(anonymous_14)
FN:140,(anonymous_15)
FN:144,(anonymous_16)
FN:158,(anonymous_17)
FN:161,(anonymous_18)
FN:178,(anonymous_19)
FN:182,(anonymous_20)
FN:183,(anonymous_21)
FN:209,(anonymous_22)
FN:212,(anonymous_23)
FN:213,(anonymous_24)
FN:238,(anonymous_25)
FN:249,(anonymous_26)
FN:259,(anonymous_27)
FN:264,(anonymous_28)
FN:269,(anonymous_29)
FN:275,(anonymous_30)
FN:281,(anonymous_31)
FN:286,(anonymous_32)
FN:300,(anonymous_33)
FN:304,(anonymous_34)
FN:304,(anonymous_35)
FN:305,(anonymous_36)
FN:309,(anonymous_37)
FN:309,(anonymous_38)
FN:313,(anonymous_39)
FN:317,(anonymous_40)
FN:333,(anonymous_41)
FN:337,(anonymous_42)
FN:342,(anonymous_43)
FN:343,(anonymous_44)
FN:377,(anonymous_45)
FN:377,(anonymous_46)
FN:392,(anonymous_47)
FN:410,(anonymous_48)
FN:417,(anonymous_49)
FN:418,(anonymous_50)
FN:429,(anonymous_51)
FN:436,(anonymous_52)
FN:452,(anonymous_53)
FN:460,(anonymous_54)
FN:462,(anonymous_55)
FNF:56
FNH:0
FNDA:0,RecentJournalCard
FNDA:0,PostCard
FNDA:0,(anonymous_2)
FNDA:0,(anonymous_3)
FNDA:0,(anonymous_4)
FNDA:0,(anonymous_5)
FNDA:0,(anonymous_6)
FNDA:0,(anonymous_7)
FNDA:0,(anonymous_8)
FNDA:0,(anonymous_9)
FNDA:0,(anonymous_10)
FNDA:0,(anonymous_11)
FNDA:0,(anonymous_12)
FNDA:0,(anonymous_13)
FNDA:0,(anonymous_14)
FNDA:0,(anonymous_15)
FNDA:0,(anonymous_16)
FNDA:0,(anonymous_17)
FNDA:0,(anonymous_18)
FNDA:0,(anonymous_19)
FNDA:0,(anonymous_20)
FNDA:0,(anonymous_21)
FNDA:0,(anonymous_22)
FNDA:0,(anonymous_23)
FNDA:0,(anonymous_24)
FNDA:0,(anonymous_25)
FNDA:0,(anonymous_26)
FNDA:0,(anonymous_27)
FNDA:0,(anonymous_28)
FNDA:0,(anonymous_29)
FNDA:0,(anonymous_30)
FNDA:0,(anonymous_31)
FNDA:0,(anonymous_32)
FNDA:0,(anonymous_33)
FNDA:0,(anonymous_34)
FNDA:0,(anonymous_35)
FNDA:0,(anonymous_36)
FNDA:0,(anonymous_37)
FNDA:0,(anonymous_38)
FNDA:0,(anonymous_39)
FNDA:0,(anonymous_40)
FNDA:0,(anonymous_41)
FNDA:0,(anonymous_42)
FNDA:0,(anonymous_43)
FNDA:0,(anonymous_44)
FNDA:0,(anonymous_45)
FNDA:0,(anonymous_46)
FNDA:0,(anonymous_47)
FNDA:0,(anonymous_48)
FNDA:0,(anonymous_49)
FNDA:0,(anonymous_50)
FNDA:0,(anonymous_51)
FNDA:0,(anonymous_52)
FNDA:0,(anonymous_53)
FNDA:0,(anonymous_54)
FNDA:0,(anonymous_55)
DA:11,0
DA:39,0
DA:40,0
DA:41,0
DA:42,0
DA:43,0
DA:44,0
DA:45,0
DA:46,0
DA:47,0
DA:48,0
DA:49,0
DA:50,0
DA:51,0
DA:52,0
DA:53,0
DA:54,0
DA:55,0
DA:57,0
DA:60,0
DA:61,0
DA:62,0
DA:63,0
DA:64,0
DA:65,0
DA:66,0
DA:67,0
DA:68,0
DA:70,0
DA:71,0
DA:72,0
DA:73,0
DA:76,0
DA:77,0
DA:78,0
DA:79,0
DA:80,0
DA:81,0
DA:83,0
DA:87,0
DA:88,0
DA:89,0
DA:90,0
DA:91,0
DA:92,0
DA:93,0
DA:95,0
DA:96,0
DA:97,0
DA:104,0
DA:105,0
DA:109,0
DA:110,0
DA:112,0
DA:113,0
DA:114,0
DA:115,0
DA:116,0
DA:118,0
DA:120,0
DA:123,0
DA:128,0
DA:130,0
DA:133,0
DA:137,0
DA:140,0
DA:141,0
DA:142,0
DA:143,0
DA:144,0
DA:158,0
DA:161,0
DA:178,0
DA:179,0
DA:180,0
DA:181,0
DA:182,0
DA:183,0
DA:184,0
DA:185,0
DA:206,0
DA:209,0
DA:212,0
DA:213,0
DA:214,0
DA:215,0
DA:232,0
DA:238,0
DA:239,0
DA:240,0
DA:241,0
DA:242,0
DA:243,0
DA:249,0
DA:250,0
DA:251,0
DA:252,0
DA:253,0
DA:259,0
DA:260,0
DA:261,0
DA:264,0
DA:265,0
DA:266,0
DA:269,0
DA:270,0
DA:271,0
DA:272,0
DA:275,0
DA:276,0
DA:279,0
DA:280,0
DA:281,0
DA:282,0
DA:286,0
DA:287,0
DA:289,0
DA:290,0
DA:291,0
DA:292,0
DA:293,0
DA:296,0
DA:300,0
DA:301,0
DA:302,0
DA:303,0
DA:304,0
DA:305,0
DA:307,0
DA:309,0
DA:313,0
DA:314,0
DA:317,0
DA:318,0
DA:319,0
DA:320,0
DA:322,0
DA:323,0
DA:325,0
DA:327,0
DA:329,0
DA:333,0
DA:334,0
DA:337,0
DA:338,0
DA:339,0
DA:340,0
DA:341,0
DA:342,0
DA:343,0
DA:344,0
DA:345,0
DA:347,0
DA:350,0
DA:352,0
DA:354,0
DA:358,0
DA:359,0
DA:361,0
DA:362,0
DA:365,0
DA:377,0
DA:392,0
DA:410,0
DA:417,0
DA:418,0
DA:429,0
DA:436,0
DA:452,0
DA:460,0
DA:462,0
LF:171
LH:0
BRDA:15,0,0,0
BRDA:15,0,1,0
BRDA:15,0,2,0
BRDA:16,1,0,0
BRDA:16,1,1,0
BRDA:16,1,2,0
BRDA:20,2,0,0
BRDA:20,2,1,0
BRDA:20,2,2,0
BRDA:20,3,0,0
BRDA:20,3,1,0
BRDA:20,3,2,0
BRDA:25,4,0,0
BRDA:25,4,1,0
BRDA:25,4,2,0
BRDA:26,5,0,0
BRDA:26,5,1,0
BRDA:38,6,0,0
BRDA:38,7,0,0
BRDA:42,8,0,0
BRDA:42,8,1,0
BRDA:43,9,0,0
BRDA:43,9,1,0
BRDA:43,9,2,0
BRDA:44,10,0,0
BRDA:44,10,1,0
BRDA:44,10,2,0
BRDA:47,11,0,0
BRDA:47,11,1,0
BRDA:60,12,0,0
BRDA:60,12,1,0
BRDA:60,12,2,0
BRDA:61,13,0,0
BRDA:61,13,1,0
BRDA:61,13,2,0
BRDA:62,14,0,0
BRDA:62,14,1,0
BRDA:62,14,2,0
BRDA:63,15,0,0
BRDA:63,15,1,0
BRDA:63,15,2,0
BRDA:64,16,0,0
BRDA:64,16,1,0
BRDA:65,17,0,0
BRDA:65,17,1,0
BRDA:65,17,2,0
BRDA:66,18,0,0
BRDA:66,18,1,0
BRDA:66,19,0,0
BRDA:66,19,1,0
BRDA:67,20,0,0
BRDA:67,20,1,0
BRDA:68,21,0,0
BRDA:68,21,1,0
BRDA:71,22,0,0
BRDA:71,22,1,0
BRDA:72,23,0,0
BRDA:72,23,1,0
BRDA:72,24,0,0
BRDA:72,24,1,0
BRDA:77,25,0,0
BRDA:77,25,1,0
BRDA:77,26,0,0
BRDA:77,26,1,0
BRDA:88,27,0,0
BRDA:88,27,1,0
BRDA:90,28,0,0
BRDA:90,28,1,0
BRDA:93,29,0,0
BRDA:93,29,1,0
BRDA:97,30,0,0
BRDA:97,30,1,0
BRDA:110,31,0,0
BRDA:110,31,1,0
BRDA:113,32,0,0
BRDA:113,32,1,0
BRDA:118,33,0,0
BRDA:118,33,1,0
BRDA:118,33,2,0
BRDA:120,34,0,0
BRDA:120,34,1,0
BRDA:122,35,0,0
BRDA:122,35,1,0
BRDA:123,36,0,0
BRDA:123,36,1,0
BRDA:125,37,0,0
BRDA:125,37,1,0
BRDA:141,38,0,0
BRDA:141,38,1,0
BRDA:153,39,0,0
BRDA:153,39,1,0
BRDA:158,40,0,0
BRDA:158,40,1,0
BRDA:179,41,0,0
BRDA:179,41,1,0
BRDA:184,42,0,0
BRDA:184,42,1,0
BRDA:184,43,0,0
BRDA:184,43,1,0
BRDA:188,44,0,0
BRDA:188,44,1,0
BRDA:200,45,0,0
BRDA:200,45,1,0
BRDA:209,46,0,0
BRDA:209,46,1,0
BRDA:214,47,0,0
BRDA:214,47,1,0
BRDA:214,48,0,0
BRDA:214,48,1,0
BRDA:218,49,0,0
BRDA:218,49,1,0
BRDA:239,50,0,0
BRDA:239,50,1,0
BRDA:243,51,0,0
BRDA:243,51,1,0
BRDA:250,52,0,0
BRDA:250,52,1,0
BRDA:270,53,0,0
BRDA:270,53,1,0
BRDA:279,54,0,0
BRDA:279,54,1,0
BRDA:280,55,0,0
BRDA:280,55,1,0
BRDA:290,56,0,0
BRDA:290,56,1,0
BRDA:292,57,0,0
BRDA:292,57,1,0
BRDA:301,58,0,0
BRDA:301,58,1,0
BRDA:304,59,0,0
BRDA:304,59,1,0
BRDA:305,60,0,0
BRDA:305,60,1,0
BRDA:309,61,0,0
BRDA:309,61,1,0
BRDA:318,62,0,0
BRDA:318,62,1,0
BRDA:338,63,0,0
BRDA:338,63,1,0
BRDA:344,64,0,0
BRDA:344,64,1,0
BRDA:344,65,0,0
BRDA:344,65,1,0
BRDA:359,66,0,0
BRDA:359,66,1,0
BRDA:359,67,0,0
BRDA:359,67,1,0
BRDA:361,68,0,0
BRDA:361,68,1,0
BRDA:406,69,0,0
BRDA:406,69,1,0
BRDA:409,70,0,0
BRDA:409,70,1,0
BRDA:416,71,0,0
BRDA:416,71,1,0
BRDA:421,72,0,0
BRDA:421,72,1,0
BRDA:437,73,0,0
BRDA:437,73,1,0
BRDA:440,74,0,0
BRDA:440,74,1,0
BRDA:448,75,0,0
BRDA:448,75,1,0
BRDA:458,76,0,0
BRDA:458,76,1,0
BRDA:460,77,0,0
BRDA:460,77,1,0
BRF:167
BRH:0
end_of_record
TN:
SF:resources/js/components/posts/PostContent.jsx
FN:8,(anonymous_0)
FN:21,PostContent
FN:54,(anonymous_2)
FN:85,(anonymous_3)
FN:99,(anonymous_4)
FNF:5
FNH:0
FNDA:0,(anonymous_0)
FNDA:0,PostContent
FNDA:0,(anonymous_2)
FNDA:0,(anonymous_3)
FNDA:0,(anonymous_4)
DA:8,0
DA:9,0
DA:10,0
DA:11,0
DA:12,0
DA:14,0
DA:29,0
DA:30,0
DA:31,0
DA:34,0
DA:36,0
DA:37,0
DA:40,0
DA:41,0
DA:46,0
DA:47,0
DA:54,0
DA:65,0
DA:66,0
DA:76,0
DA:77,0
DA:85,0
DA:100,0
DA:101,0
DA:115,0
LF:25
LH:0
BRDA:9,0,0,0
BRDA:9,0,1,0
BRDA:10,1,0,0
BRDA:10,1,1,0
BRDA:11,2,0,0
BRDA:11,2,1,0
BRDA:12,3,0,0
BRDA:12,3,1,0
BRDA:22,4,0,0
BRDA:23,5,0,0
BRDA:24,6,0,0
BRDA:25,7,0,0
BRDA:26,8,0,0
BRDA:27,9,0,0
BRDA:34,10,0,0
BRDA:34,10,1,0
BRDA:34,11,0,0
BRDA:34,11,1,0
BRDA:36,12,0,0
BRDA:36,12,1,0
BRDA:36,13,0,0
BRDA:36,13,1,0
BRDA:36,13,2,0
BRDA:40,14,0,0
BRDA:40,14,1,0
BRDA:41,15,0,0
BRDA:41,15,1,0
BRDA:41,16,0,0
BRDA:41,16,1,0
BRDA:46,17,0,0
BRDA:46,17,1,0
BRDA:49,18,0,0
BRDA:49,18,1,0
BRDA:49,18,2,0
BRDA:50,19,0,0
BRDA:50,19,1,0
BRDA:51,20,0,0
BRDA:51,20,1,0
BRDA:57,21,0,0
BRDA:57,21,1,0
BRDA:65,22,0,0
BRDA:65,22,1,0
BRDA:76,23,0,0
BRDA:76,23,1,0
BRDA:79,24,0,0
BRDA:79,24,1,0
BRDA:82,25,0,0
BRDA:82,25,1,0
BRDA:88,26,0,0
BRDA:88,26,1,0
BRDA:93,27,0,0
BRDA:93,27,1,0
BRDA:94,28,0,0
BRDA:94,28,1,0
BRDA:117,29,0,0
BRDA:117,29,1,0
BRDA:117,29,2,0
BRDA:118,30,0,0
BRDA:118,30,1,0
BRF:59
BRH:0
end_of_record
TN:
SF:resources/js/components/posts/PostDisplay.jsx
FN:13,(anonymous_0)
FN:27,PostDisplay
FN:53,(anonymous_2)
FN:158,(anonymous_3)
FN:174,(anonymous_4)
FNF:5
FNH:0
FNDA:0,(anonymous_0)
FNDA:0,PostDisplay
FNDA:0,(anonymous_2)
FNDA:0,(anonymous_3)
FNDA:0,(anonymous_4)
DA:13,0
DA:14,0
DA:15,0
DA:16,0
DA:17,0
DA:19,0
DA:47,0
DA:48,0
DA:49,0
DA:50,0
DA:51,0
DA:52,0
DA:53,0
DA:54,0
DA:55,0
DA:56,0
DA:59,0
DA:60,0
DA:61,0
DA:62,0
DA:63,0
DA:65,0
DA:159,0
DA:160,0
DA:175,0
LF:25
LH:0
BRDA:14,0,0,0
BRDA:14,0,1,0
BRDA:15,1,0,0
BRDA:15,1,1,0
BRDA:16,2,0,0
BRDA:16,2,1,0
BRDA:17,3,0,0
BRDA:17,3,1,0
BRDA:29,4,0,0
BRDA:30,5,0,0
BRDA:33,6,0,0
BRDA:34,7,0,0
BRDA:35,8,0,0
BRDA:38,9,0,0
BRDA:39,10,0,0
BRDA:44,11,0,0
BRDA:47,12,0,0
BRDA:47,12,1,0
BRDA:47,12,2,0
BRDA:48,13,0,0
BRDA:48,13,1,0
BRDA:48,13,2,0
BRDA:49,14,0,0
BRDA:49,14,1,0
BRDA:49,14,2,0
BRDA:50,15,0,0
BRDA:50,15,1,0
BRDA:50,15,2,0
BRDA:51,16,0,0
BRDA:51,16,1,0
BRDA:52,17,0,0
BRDA:52,17,1,0
BRDA:52,17,2,0
BRDA:53,18,0,0
BRDA:53,18,1,0
BRDA:53,19,0,0
BRDA:53,19,1,0
BRDA:54,20,0,0
BRDA:54,20,1,0
BRDA:55,21,0,0
BRDA:55,21,1,0
BRDA:56,22,0,0
BRDA:56,22,1,0
BRDA:56,22,2,0
BRDA:59,23,0,0
BRDA:59,23,1,0
BRDA:60,24,0,0
BRDA:60,24,1,0
BRDA:61,25,0,0
BRDA:61,25,1,0
BRDA:62,26,0,0
BRDA:62,26,1,0
BRDA:63,27,0,0
BRDA:63,27,1,0
BRDA:63,27,2,0
BRDA:71,28,0,0
BRDA:71,28,1,0
BRDA:76,29,0,0
BRDA:76,29,1,0
BRDA:101,30,0,0
BRDA:101,30,1,0
BRDA:112,31,0,0
BRDA:112,31,1,0
BRDA:114,32,0,0
BRDA:114,32,1,0
BRDA:157,33,0,0
BRDA:157,33,1,0
BRDA:168,34,0,0
BRDA:168,34,1,0
BRDA:186,35,0,0
BRDA:186,35,1,0
BRDA:189,36,0,0
BRDA:189,36,1,0
BRDA:190,37,0,0
BRDA:190,37,1,0
BRDA:208,38,0,0
BRDA:208,38,1,0
BRDA:212,39,0,0
BRDA:212,39,1,0
BRF:79
BRH:0
end_of_record
TN:
SF:resources/js/components/posts/comments/CommentFloatingModal.jsx
FN:8,CommentFloatingModal
FN:31,(anonymous_1)
FN:34,(anonymous_2)
FN:38,(anonymous_3)
FN:41,(anonymous_4)
FN:48,(anonymous_5)
FN:51,(anonymous_6)
FN:52,(anonymous_7)
FN:60,(anonymous_8)
FN:64,(anonymous_9)
FN:71,(anonymous_10)
FN:78,(anonymous_11)
FN:83,(anonymous_12)
FN:92,(anonymous_13)
FN:108,(anonymous_14)
FN:109,(anonymous_15)
FN:138,(anonymous_16)
FN:144,(anonymous_17)
FN:150,(anonymous_18)
FN:154,(anonymous_19)
FN:179,(anonymous_20)
FN:180,(anonymous_21)
FNF:22
FNH:0
FNDA:0,CommentFloatingModal
FNDA:0,(anonymous_1)
FNDA:0,(anonymous_2)
FNDA:0,(anonymous_3)
FNDA:0,(anonymous_4)
FNDA:0,(anonymous_5)
FNDA:0,(anonymous_6)
FNDA:0,(anonymous_7)
FNDA:0,(anonymous_8)
FNDA:0,(anonymous_9)
FNDA:0,(anonymous_10)
FNDA:0,(anonymous_11)
FNDA:0,(anonymous_12)
FNDA:0,(anonymous_13)
FNDA:0,(anonymous_14)
FNDA:0,(anonymous_15)
FNDA:0,(anonymous_16)
FNDA:0,(anonymous_17)
FNDA:0,(anonymous_18)
FNDA:0,(anonymous_19)
FNDA:0,(anonymous_20)
FNDA:0,(anonymous_21)
DA:24,0
DA:25,0
DA:26,0
DA:27,0
DA:28,0
DA:29,0
DA:31,0
DA:32,0
DA:33,0
DA:34,0
DA:38,0
DA:39,0
DA:41,0
DA:42,0
DA:43,0
DA:47,0
DA:48,0
DA:51,0
DA:52,0
DA:53,0
DA:54,0
DA:55,0
DA:56,0
DA:60,0
DA:61,0
DA:64,0
DA:65,0
DA:66,0
DA:67,0
DA:68,0
DA:71,0
DA:72,0
DA:73,0
DA:74,0
DA:78,0
DA:79,0
DA:83,0
DA:84,0
DA:85,0
DA:86,0
DA:89,0
DA:91,0
DA:93,0
DA:138,0
DA:144,0
DA:151,0
DA:154,0
DA:179,0
DA:180,0
LF:49
LH:0
BRDA:10,0,0,0
BRDA:20,1,0,0
BRDA:21,2,0,0
BRDA:22,3,0,0
BRDA:32,4,0,0
BRDA:32,4,1,0
BRDA:39,5,0,0
BRDA:39,5,1,0
BRDA:42,6,0,0
BRDA:42,6,1,0
BRDA:54,7,0,0
BRDA:54,7,1,0
BRDA:65,8,0,0
BRDA:65,8,1,0
BRDA:72,9,0,0
BRDA:72,9,1,0
BRDA:79,10,0,0
BRDA:79,10,1,0
BRDA:84,11,0,0
BRDA:84,11,1,0
BRDA:85,12,0,0
BRDA:85,12,1,0
BRDA:86,13,0,0
BRDA:86,13,1,0
BRDA:89,14,0,0
BRDA:89,14,1,0
BRDA:93,15,0,0
BRDA:93,15,1,0
BRDA:120,16,0,0
BRDA:120,16,1,0
BRDA:124,17,0,0
BRDA:124,17,1,0
BRDA:137,18,0,0
BRDA:137,18,1,0
BRDA:143,19,0,0
BRDA:143,19,1,0
BRDA:159,20,0,0
BRDA:159,20,1,0
BRDA:170,21,0,0
BRDA:170,21,1,0
BRDA:170,21,2,0
BRDA:180,22,0,0
BRDA:180,22,1,0
BRDA:187,23,0,0
BRDA:187,23,1,0
BRF:45
BRH:0
end_of_record
TN:
SF:resources/js/components/posts/comments/CommentSection.jsx
FN:4,CommentSection
FN:17,(anonymous_1)
FNF:2
FNH:0
FNDA:0,CommentSection
FNDA:0,(anonymous_1)
DA:5,0
DA:6,0
DA:15,0
DA:18,0
LF:4
LH:0
BRDA:4,0,0,0
BRDA:5,1,0,0
BRDA:5,1,1,0
BRF:3
BRH:0
end_of_record
TN:
SF:resources/js/components/posts/comments/CommentThread.jsx
FN:6,ReplyItem
FN:11,(anonymous_1)
FN:12,(anonymous_2)
FN:20,(anonymous_3)
FN:47,(anonymous_4)
FN:60,(anonymous_5)
FN:70,(anonymous_6)
FN:83,(anonymous_7)
FN:90,(anonymous_8)
FN:112,CommentThread
FN:131,(anonymous_10)
FN:132,(anonymous_11)
FN:140,(anonymous_12)
FN:144,(anonymous_13)
FN:149,(anonymous_14)
FN:154,(anonymous_15)
FN:159,(anonymous_16)
FN:166,(anonymous_17)
FN:200,(anonymous_18)
FN:230,(anonymous_19)
FN:252,(anonymous_20)
FN:288,(anonymous_21)
FN:298,(anonymous_22)
FN:316,(anonymous_23)
FN:320,(anonymous_24)
FN:328,(anonymous_25)
FNF:26
FNH:0
FNDA:0,ReplyItem
FNDA:0,(anonymous_1)
FNDA:0,(anonymous_2)
FNDA:0,(anonymous_3)
FNDA:0,(anonymous_4)
FNDA:0,(anonymous_5)
FNDA:0,(anonymous_6)
FNDA:0,(anonymous_7)
FNDA:0,(anonymous_8)
FNDA:0,CommentThread
FNDA:0,(anonymous_10)
FNDA:0,(anonymous_11)
FNDA:0,(anonymous_12)
FNDA:0,(anonymous_13)
FNDA:0,(anonymous_14)
FNDA:0,(anonymous_15)
FNDA:0,(anonymous_16)
FNDA:0,(anonymous_17)
FNDA:0,(anonymous_18)
FNDA:0,(anonymous_19)
FNDA:0,(anonymous_20)
FNDA:0,(anonymous_21)
FNDA:0,(anonymous_22)
FNDA:0,(anonymous_23)
FNDA:0,(anonymous_24)
FNDA:0,(anonymous_25)
DA:7,0
DA:8,0
DA:9,0
DA:11,0
DA:12,0
DA:13,0
DA:14,0
DA:18,0
DA:19,0
DA:20,0
DA:24,0
DA:47,0
DA:61,0
DA:62,0
DA:71,0
DA:72,0
DA:83,0
DA:91,0
DA:92,0
DA:121,0
DA:122,0
DA:123,0
DA:124,0
DA:125,0
DA:126,0
DA:128,0
DA:129,0
DA:131,0
DA:132,0
DA:133,0
DA:134,0
DA:138,0
DA:139,0
DA:140,0
DA:144,0
DA:145,0
DA:146,0
DA:149,0
DA:150,0
DA:151,0
DA:154,0
DA:155,0
DA:156,0
DA:159,0
DA:160,0
DA:161,0
DA:162,0
DA:166,0
DA:167,0
DA:168,0
DA:171,0
DA:200,0
DA:230,0
DA:252,0
DA:288,0
DA:298,0
DA:317,0
DA:318,0
DA:320,0
DA:329,0
LF:60
LH:0
BRDA:13,0,0,0
BRDA:13,0,1,0
BRDA:13,1,0,0
BRDA:13,1,1,0
BRDA:18,2,0,0
BRDA:18,2,1,0
BRDA:27,3,0,0
BRDA:27,3,1,0
BRDA:53,4,0,0
BRDA:53,4,1,0
BRDA:55,5,0,0
BRDA:55,5,1,0
BRDA:62,6,0,0
BRDA:62,6,1,0
BRDA:105,7,0,0
BRDA:105,7,1,0
BRDA:125,8,0,0
BRDA:125,8,1,0
BRDA:128,9,0,0
BRDA:128,9,1,0
BRDA:133,10,0,0
BRDA:133,10,1,0
BRDA:133,11,0,0
BRDA:133,11,1,0
BRDA:138,12,0,0
BRDA:138,12,1,0
BRDA:160,13,0,0
BRDA:160,13,1,0
BRDA:167,14,0,0
BRDA:167,14,1,0
BRDA:176,15,0,0
BRDA:176,15,1,0
BRDA:206,16,0,0
BRDA:206,16,1,0
BRDA:208,17,0,0
BRDA:208,17,1,0
BRDA:249,18,0,0
BRDA:249,18,1,0
BRDA:258,19,0,0
BRDA:258,19,1,0
BRDA:265,20,0,0
BRDA:265,20,1,0
BRDA:283,21,0,0
BRDA:283,21,1,0
BRDA:294,22,0,0
BRDA:294,22,1,0
BRDA:301,23,0,0
BRDA:301,23,1,0
BRDA:303,24,0,0
BRDA:303,24,1,0
BRDA:303,25,0,0
BRDA:303,25,1,0
BRDA:313,26,0,0
BRDA:313,26,1,0
BRDA:326,27,0,0
BRDA:326,27,1,0
BRDA:326,27,2,0
BRF:57
BRH:0
end_of_record
TN:
SF:resources/js/components/posts/comments/ReplyInput.jsx
FN:5,ReplyInput
FN:11,(anonymous_1)
FN:15,(anonymous_2)
FN:26,(anonymous_3)
FN:46,(anonymous_4)
FNF:5
FNH:0
FNDA:0,ReplyInput
FNDA:0,(anonymous_1)
FNDA:0,(anonymous_2)
FNDA:0,(anonymous_3)
FNDA:0,(anonymous_4)
DA:6,0
DA:7,0
DA:8,0
DA:9,0
DA:11,0
DA:12,0
DA:15,0
DA:16,0
DA:17,0
DA:18,0
DA:19,0
DA:20,0
DA:22,0
DA:26,0
DA:27,0
DA:28,0
DA:29,0
DA:33,0
DA:46,0
LF:19
LH:0
BRDA:5,0,0,0
BRDA:12,1,0,0
BRDA:12,1,1,0
BRDA:12,2,0,0
BRDA:12,2,1,0
BRDA:16,3,0,0
BRDA:16,3,1,0
BRDA:27,4,0,0
BRDA:27,4,1,0
BRDA:27,5,0,0
BRDA:27,5,1,0
BRDA:36,6,0,0
BRDA:36,6,1,0
BRDA:36,6,2,0
BRDA:54,7,0,0
BRDA:54,7,1,0
BRDA:55,8,0,0
BRDA:55,8,1,0
BRF:18
BRH:0
end_of_record
TN:
SF:resources/js/components/posts/comments/ReportModal.jsx
FN:8,ReportModal
FN:18,(anonymous_1)
FN:19,(anonymous_2)
FN:26,(anonymous_3)
FN:37,(anonymous_4)
FN:48,(anonymous_5)
FN:67,(anonymous_6)
FN:79,(anonymous_7)
FN:93,(anonymous_8)
FNF:9
FNH:0
FNDA:0,ReportModal
FNDA:0,(anonymous_1)
FNDA:0,(anonymous_2)
FNDA:0,(anonymous_3)
FNDA:0,(anonymous_4)
FNDA:0,(anonymous_5)
FNDA:0,(anonymous_6)
FNDA:0,(anonymous_7)
FNDA:0,(anonymous_8)
DA:14,0
DA:15,0
DA:18,0
DA:19,0
DA:20,0
DA:21,0
DA:25,0
DA:26,0
DA:29,0
DA:37,0
DA:38,0
DA:40,0
DA:46,0
DA:48,0
DA:68,0
DA:79,0
DA:93,0
LF:17
LH:0
BRDA:12,0,0,0
BRDA:20,1,0,0
BRDA:20,1,1,0
BRDA:38,2,0,0
BRDA:38,2,1,0
BRDA:71,3,0,0
BRDA:71,3,1,0
BRDA:88,4,0,0
BRDA:88,4,1,0
BRDA:113,5,0,0
BRDA:113,5,1,0
BRDA:115,6,0,0
BRDA:115,6,1,0
BRF:13
BRH:0
end_of_record
TN:
SF:resources/js/components/posts/modals/EditPostModal.jsx
FN:9,(anonymous_0)
FN:21,EditPostModal
FN:38,(anonymous_2)
FN:58,(anonymous_3)
FN:59,(anonymous_4)
FN:63,(anonymous_5)
FN:67,(anonymous_6)
FN:75,(anonymous_7)
FN:104,(anonymous_8)
FN:118,(anonymous_9)
FN:150,(anonymous_10)
FN:171,(anonymous_11)
FN:177,(anonymous_12)
FN:181,(anonymous_13)
FN:224,(anonymous_14)
FN:231,(anonymous_15)
FN:243,(anonymous_16)
FN:264,(anonymous_17)
FN:330,(anonymous_18)
FN:331,(anonymous_19)
FN:345,(anonymous_20)
FN:345,(anonymous_21)
FN:357,(anonymous_22)
FN:361,(anonymous_23)
FN:385,(anonymous_24)
FN:385,(anonymous_25)
FN:409,(anonymous_26)
FN:409,(anonymous_27)
FN:437,(anonymous_28)
FN:438,(anonymous_29)
FN:459,(anonymous_30)
FN:465,(anonymous_31)
FN:469,(anonymous_32)
FNF:33
FNH:0
FNDA:0,(anonymous_0)
FNDA:0,EditPostModal
FNDA:0,(anonymous_2)
FNDA:0,(anonymous_3)
FNDA:0,(anonymous_4)
FNDA:0,(anonymous_5)
FNDA:0,(anonymous_6)
FNDA:0,(anonymous_7)
FNDA:0,(anonymous_8)
FNDA:0,(anonymous_9)
FNDA:0,(anonymous_10)
FNDA:0,(anonymous_11)
FNDA:0,(anonymous_12)
FNDA:0,(anonymous_13)
FNDA:0,(anonymous_14)
FNDA:0,(anonymous_15)
FNDA:0,(anonymous_16)
FNDA:0,(anonymous_17)
FNDA:0,(anonymous_18)
FNDA:0,(anonymous_19)
FNDA:0,(anonymous_20)
FNDA:0,(anonymous_21)
FNDA:0,(anonymous_22)
FNDA:0,(anonymous_23)
FNDA:0,(anonymous_24)
FNDA:0,(anonymous_25)
FNDA:0,(anonymous_26)
FNDA:0,(anonymous_27)
FNDA:0,(anonymous_28)
FNDA:0,(anonymous_29)
FNDA:0,(anonymous_30)
FNDA:0,(anonymous_31)
FNDA:0,(anonymous_32)
DA:9,0
DA:10,0
DA:11,0
DA:12,0
DA:13,0
DA:28,0
DA:29,0
DA:30,0
DA:31,0
DA:32,0
DA:35,0
DA:36,0
DA:38,0
DA:43,0
DA:46,0
DA:47,0
DA:50,0
DA:51,0
DA:52,0
DA:53,0
DA:54,0
DA:57,0
DA:58,0
DA:59,0
DA:63,0
DA:64,0
DA:65,0
DA:67,0
DA:68,0
DA:75,0
DA:76,0
DA:77,0
DA:78,0
DA:82,0
DA:83,0
DA:84,0
DA:87,0
DA:88,0
DA:89,0
DA:92,0
DA:93,0
DA:94,0
DA:97,0
DA:98,0
DA:100,0
DA:102,0
DA:104,0
DA:108,0
DA:109,0
DA:110,0
DA:111,0
DA:112,0
DA:113,0
DA:114,0
DA:117,0
DA:118,0
DA:119,0
DA:124,0
DA:125,0
DA:129,0
DA:134,0
DA:135,0
DA:138,0
DA:140,0
DA:141,0
DA:143,0
DA:150,0
DA:151,0
DA:152,0
DA:155,0
DA:156,0
DA:157,0
DA:161,0
DA:162,0
DA:163,0
DA:166,0
DA:167,0
DA:170,0
DA:171,0
DA:172,0
DA:174,0
DA:177,0
DA:178,0
DA:181,0
DA:182,0
DA:184,0
DA:185,0
DA:187,0
DA:188,0
DA:192,0
DA:224,0
DA:231,0
DA:243,0
DA:264,0
DA:331,0
DA:332,0
DA:345,0
DA:358,0
DA:362,0
DA:363,0
DA:385,0
DA:409,0
DA:438,0
DA:439,0
DA:459,0
DA:466,0
DA:470,0
DA:471,0
LF:108
LH:0
BRDA:10,0,0,0
BRDA:10,0,1,0
BRDA:11,1,0,0
BRDA:11,1,1,0
BRDA:12,2,0,0
BRDA:12,2,1,0
BRDA:23,3,0,0
BRDA:28,4,0,0
BRDA:28,4,1,0
BRDA:29,5,0,0
BRDA:29,5,1,0
BRDA:30,6,0,0
BRDA:30,6,1,0
BRDA:31,7,0,0
BRDA:31,7,1,0
BRDA:33,8,0,0
BRDA:33,8,1,0
BRDA:35,9,0,0
BRDA:35,9,1,0
BRDA:37,10,0,0
BRDA:37,10,1,0
BRDA:38,11,0,0
BRDA:38,11,1,0
BRDA:44,12,0,0
BRDA:44,12,1,0
BRDA:57,13,0,0
BRDA:57,13,1,0
BRDA:59,14,0,0
BRDA:59,14,1,0
BRDA:76,15,0,0
BRDA:76,15,1,0
BRDA:82,16,0,0
BRDA:82,16,1,0
BRDA:82,17,0,0
BRDA:82,17,1,0
BRDA:87,18,0,0
BRDA:87,18,1,0
BRDA:92,19,0,0
BRDA:92,19,1,0
BRDA:92,20,0,0
BRDA:92,20,1,0
BRDA:109,21,0,0
BRDA:109,21,1,0
BRDA:113,22,0,0
BRDA:113,22,1,0
BRDA:114,23,0,0
BRDA:114,23,1,0
BRDA:117,24,0,0
BRDA:117,24,1,0
BRDA:124,25,0,0
BRDA:124,25,1,0
BRDA:130,26,0,0
BRDA:130,26,1,0
BRDA:134,27,0,0
BRDA:134,27,1,0
BRDA:140,28,0,0
BRDA:140,28,1,0
BRDA:152,29,0,0
BRDA:152,29,1,0
BRDA:155,30,0,0
BRDA:155,30,1,0
BRDA:161,31,0,0
BRDA:161,31,1,0
BRDA:184,32,0,0
BRDA:184,32,1,0
BRDA:187,33,0,0
BRDA:187,33,1,0
BRDA:199,34,0,0
BRDA:199,34,1,0
BRDA:199,35,0,0
BRDA:199,35,1,0
BRDA:206,36,0,0
BRDA:206,36,1,0
BRDA:216,37,0,0
BRDA:216,37,1,0
BRDA:237,38,0,0
BRDA:237,38,1,0
BRDA:256,39,0,0
BRDA:256,39,1,0
BRDA:277,40,0,0
BRDA:277,40,1,0
BRDA:295,41,0,0
BRDA:295,41,1,0
BRDA:340,42,0,0
BRDA:340,42,1,0
BRDA:355,43,0,0
BRDA:355,43,1,0
BRDA:366,44,0,0
BRDA:366,44,1,0
BRDA:372,45,0,0
BRDA:372,45,1,0
BRDA:375,46,0,0
BRDA:375,46,1,0
BRDA:391,47,0,0
BRDA:391,47,1,0
BRDA:398,48,0,0
BRDA:398,48,1,0
BRDA:415,49,0,0
BRDA:415,49,1,0
BRDA:422,50,0,0
BRDA:422,50,1,0
BRDA:443,51,0,0
BRDA:443,51,1,0
BRDA:446,52,0,0
BRDA:446,52,1,0
BRDA:449,53,0,0
BRDA:449,53,1,0
BRDA:462,54,0,0
BRDA:462,54,1,0
BRDA:474,55,0,0
BRDA:474,55,1,0
BRDA:489,56,0,0
BRDA:489,56,1,0
BRDA:511,57,0,0
BRDA:511,57,1,0
BRF:115
BRH:0
end_of_record
TN:
SF:resources/js/components/posts/modals/PostDetailModal.jsx
FN:7,PostDetailModal
FN:15,(anonymous_1)
FN:23,(anonymous_2)
FN:24,(anonymous_3)
FN:32,(anonymous_4)
FN:38,(anonymous_5)
FN:44,(anonymous_6)
FN:60,(anonymous_7)
FN:66,(anonymous_8)
FN:75,(anonymous_9)
FN:80,(anonymous_10)
FN:87,(anonymous_11)
FN:202,(anonymous_12)
FNF:13
FNH:0
FNDA:0,PostDetailModal
FNDA:0,(anonymous_1)
FNDA:0,(anonymous_2)
FNDA:0,(anonymous_3)
FNDA:0,(anonymous_4)
FNDA:0,(anonymous_5)
FNDA:0,(anonymous_6)
FNDA:0,(anonymous_7)
FNDA:0,(anonymous_8)
FNDA:0,(anonymous_9)
FNDA:0,(anonymous_10)
FNDA:0,(anonymous_11)
FNDA:0,(anonymous_12)
DA:8,0
DA:9,0
DA:10,0
DA:11,0
DA:12,0
DA:15,0
DA:16,0
DA:17,0
DA:18,0
DA:23,0
DA:24,0
DA:25,0
DA:26,0
DA:30,0
DA:31,0
DA:32,0
DA:36,0
DA:38,0
DA:39,0
DA:40,0
DA:44,0
DA:45,0
DA:46,0
DA:47,0
DA:48,0
DA:49,0
DA:51,0
DA:52,0
DA:54,0
DA:56,0
DA:60,0
DA:61,0
DA:62,0
DA:66,0
DA:67,0
DA:68,0
DA:69,0
DA:70,0
DA:71,0
DA:75,0
DA:76,0
DA:77,0
DA:80,0
DA:81,0
DA:83,0
DA:84,0
DA:87,0
DA:88,0
DA:89,0
DA:90,0
DA:91,0
DA:92,0
DA:94,0
DA:97,0
DA:100,0
DA:101,0
DA:102,0
DA:103,0
DA:104,0
DA:105,0
DA:106,0
DA:108,0
DA:204,0
DA:207,0
DA:208,0
LF:65
LH:0
BRDA:16,0,0,0
BRDA:16,0,1,0
BRDA:17,1,0,0
BRDA:17,1,1,0
BRDA:18,2,0,0
BRDA:18,2,1,0
BRDA:18,2,2,0
BRDA:25,3,0,0
BRDA:25,3,1,0
BRDA:25,4,0,0
BRDA:25,4,1,0
BRDA:30,5,0,0
BRDA:30,5,1,0
BRDA:36,6,0,0
BRDA:36,6,1,0
BRDA:36,7,0,0
BRDA:36,7,1,0
BRDA:39,8,0,0
BRDA:39,8,1,0
BRDA:47,9,0,0
BRDA:47,9,1,0
BRDA:68,10,0,0
BRDA:68,10,1,0
BRDA:89,11,0,0
BRDA:89,11,1,0
BRDA:100,12,0,0
BRDA:100,12,1,0
BRDA:100,12,2,0
BRDA:101,13,0,0
BRDA:101,13,1,0
BRDA:101,13,2,0
BRDA:102,14,0,0
BRDA:102,14,1,0
BRDA:102,14,2,0
BRDA:103,15,0,0
BRDA:103,15,1,0
BRDA:104,16,0,0
BRDA:104,16,1,0
BRDA:105,17,0,0
BRDA:105,17,1,0
BRDA:105,17,2,0
BRDA:106,18,0,0
BRDA:106,18,1,0
BRDA:106,18,2,0
BRDA:131,19,0,0
BRDA:131,19,1,0
BRDA:131,19,2,0
BRDA:132,20,0,0
BRDA:132,20,1,0
BRDA:132,20,2,0
BRDA:137,21,0,0
BRDA:137,21,1,0
BRDA:137,21,2,0
BRDA:144,22,0,0
BRDA:144,22,1,0
BRDA:154,23,0,0
BRDA:154,23,1,0
BRDA:179,24,0,0
BRDA:179,24,1,0
BRDA:189,25,0,0
BRDA:189,25,1,0
BRDA:200,26,0,0
BRDA:200,26,1,0
BRDA:200,26,2,0
BRDA:204,27,0,0
BRDA:204,27,1,0
BRDA:206,28,0,0
BRDA:206,28,1,0
BRDA:206,28,2,0
BRDA:207,29,0,0
BRDA:207,29,1,0
BRDA:227,30,0,0
BRDA:227,30,1,0
BRDA:230,31,0,0
BRDA:230,31,1,0
BRDA:241,32,0,0
BRDA:241,32,1,0
BRDA:245,33,0,0
BRDA:245,33,1,0
BRDA:257,34,0,0
BRDA:257,34,1,0
BRF:81
BRH:0
end_of_record
TN:
SF:resources/js/components/profile/ProfileCommunityPanel.jsx
FN:4,ProfileCommunityPanel
FN:7,(anonymous_1)
FN:19,(anonymous_2)
FN:37,(anonymous_3)
FN:37,(anonymous_4)
FNF:5
FNH:0
FNDA:0,ProfileCommunityPanel
FNDA:0,(anonymous_1)
FNDA:0,(anonymous_2)
FNDA:0,(anonymous_3)
FNDA:0,(anonymous_4)
DA:5,0
DA:7,0
DA:8,0
DA:9,0
DA:11,0
DA:14,0
DA:20,0
DA:37,0
LF:8
LH:0
BRDA:8,0,0,0
BRDA:8,0,1,0
BRDA:34,1,0,0
BRDA:34,1,1,0
BRDA:40,2,0,0
BRDA:40,2,1,0
BRDA:41,3,0,0
BRDA:41,3,1,0
BRF:8
BRH:0
end_of_record
TN:
SF:resources/js/components/profile/ProfileEditModal.jsx
FN:6,ProfileEditModal
FN:11,(anonymous_1)
FN:11,(anonymous_2)
FN:12,(anonymous_3)
FN:18,(anonymous_4)
FN:24,(anonymous_5)
FN:30,(anonymous_6)
FN:37,(anonymous_7)
FN:39,(anonymous_8)
FN:47,(anonymous_9)
FN:54,(anonymous_10)
FN:56,(anonymous_11)
FN:156,(anonymous_12)
FN:202,(anonymous_13)
FNF:14
FNH:0
FNDA:0,ProfileEditModal
FNDA:0,(anonymous_1)
FNDA:0,(anonymous_2)
FNDA:0,(anonymous_3)
FNDA:0,(anonymous_4)
FNDA:0,(anonymous_5)
FNDA:0,(anonymous_6)
FNDA:0,(anonymous_7)
FNDA:0,(anonymous_8)
FNDA:0,(anonymous_9)
FNDA:0,(anonymous_10)
FNDA:0,(anonymous_11)
FNDA:0,(anonymous_12)
FNDA:0,(anonymous_13)
DA:7,0
DA:8,0
DA:9,0
DA:11,0
DA:12,0
DA:18,0
DA:19,0
DA:20,0
DA:24,0
DA:25,0
DA:26,0
DA:30,0
DA:31,0
DA:32,0
DA:33,0
DA:36,0
DA:37,0
DA:38,0
DA:39,0
DA:44,0
DA:47,0
DA:48,0
DA:49,0
DA:50,0
DA:53,0
DA:54,0
DA:55,0
DA:56,0
DA:61,0
DA:64,0
DA:157,0
DA:202,0
LF:32
LH:0
BRDA:19,0,0,0
BRDA:19,0,1,0
BRDA:25,1,0,0
BRDA:25,1,1,0
BRDA:32,2,0,0
BRDA:32,2,1,0
BRDA:49,3,0,0
BRDA:49,3,1,0
BRDA:72,4,0,0
BRDA:72,4,1,0
BRDA:91,5,0,0
BRDA:91,5,1,0
BRDA:91,5,2,0
BRF:13
BRH:0
end_of_record
TN:
SF:resources/js/components/profile/ProfilePostTile.jsx
FN:4,formatRelativeTime
FN:29,ProfilePostTile
FN:31,(anonymous_2)
FNF:3
FNH:0
FNDA:0,formatRelativeTime
FNDA:0,ProfilePostTile
FNDA:0,(anonymous_2)
DA:5,0
DA:6,0
DA:7,0
DA:10,0
DA:11,0
DA:12,0
DA:15,0
DA:16,0
DA:17,0
DA:20,0
DA:21,0
DA:22,0
DA:25,0
DA:26,0
DA:30,0
DA:31,0
DA:45,0
LF:17
LH:0
BRDA:6,0,0,0
BRDA:6,0,1,0
BRDA:11,1,0,0
BRDA:11,1,1,0
BRDA:12,2,0,0
BRDA:12,2,1,0
BRDA:16,3,0,0
BRDA:16,3,1,0
BRDA:17,4,0,0
BRDA:17,4,1,0
BRDA:21,5,0,0
BRDA:21,5,1,0
BRDA:22,6,0,0
BRDA:22,6,1,0
BRDA:26,7,0,0
BRDA:26,7,1,0
BRDA:33,8,0,0
BRDA:33,8,1,0
BRDA:34,9,0,0
BRDA:34,9,1,0
BRDA:35,10,0,0
BRDA:35,10,1,0
BRDA:36,11,0,0
BRDA:36,11,1,0
BRDA:37,12,0,0
BRDA:37,12,1,0
BRDA:38,13,0,0
BRDA:38,13,1,0
BRF:28
BRH:0
end_of_record
TN:
SF:resources/js/components/profile/ProfilePosts.jsx
FN:10,formatRelativeTime
FN:35,toPostCardData
FN:53,ProfilePostsPage
FN:58,(anonymous_3)
FN:60,(anonymous_4)
FN:61,(anonymous_5)
FN:74,(anonymous_6)
FN:83,(anonymous_7)
FN:83,(anonymous_8)
FN:94,(anonymous_9)
FN:104,(anonymous_10)
FN:118,(anonymous_11)
FNF:12
FNH:0
FNDA:0,formatRelativeTime
FNDA:0,toPostCardData
FNDA:0,ProfilePostsPage
FNDA:0,(anonymous_3)
FNDA:0,(anonymous_4)
FNDA:0,(anonymous_5)
FNDA:0,(anonymous_6)
FNDA:0,(anonymous_7)
FNDA:0,(anonymous_8)
FNDA:0,(anonymous_9)
FNDA:0,(anonymous_10)
FNDA:0,(anonymous_11)
DA:11,0
DA:12,0
DA:13,0
DA:16,0
DA:17,0
DA:18,0
DA:21,0
DA:22,0
DA:23,0
DA:26,0
DA:27,0
DA:28,0
DA:31,0
DA:32,0
DA:36,0
DA:40,0
DA:54,0
DA:55,0
DA:56,0
DA:58,0
DA:59,0
DA:60,0
DA:62,0
DA:63,0
DA:64,0
DA:68,0
DA:74,0
DA:83,0
DA:95,0
DA:96,0
DA:105,0
DA:106,0
DA:119,0
LF:33
LH:0
BRDA:12,0,0,0
BRDA:12,0,1,0
BRDA:17,1,0,0
BRDA:17,1,1,0
BRDA:18,2,0,0
BRDA:18,2,1,0
BRDA:22,3,0,0
BRDA:22,3,1,0
BRDA:23,4,0,0
BRDA:23,4,1,0
BRDA:27,5,0,0
BRDA:27,5,1,0
BRDA:28,6,0,0
BRDA:28,6,1,0
BRDA:32,7,0,0
BRDA:32,7,1,0
BRDA:36,8,0,0
BRDA:36,8,1,0
BRDA:36,9,0,0
BRDA:36,9,1,0
BRDA:42,10,0,0
BRDA:42,10,1,0
BRDA:43,11,0,0
BRDA:43,11,1,0
BRDA:44,12,0,0
BRDA:44,12,1,0
BRDA:45,13,0,0
BRDA:45,13,1,0
BRDA:47,14,0,0
BRDA:47,14,1,0
BRDA:64,15,0,0
BRDA:64,15,1,0
BRDA:90,16,0,0
BRDA:90,16,1,0
BRF:34
BRH:0
end_of_record
TN:
SF:resources/js/components/profile/ProfileShared.jsx
FN:25,formatBirthday
FN:41,getCountryLabel
FN:42,(anonymous_2)
FN:46,trimPostText
FN:58,getPublicJournalPosts
FN:60,(anonymous_5)
FN:61,(anonymous_6)
FN:75,ProfilePostFeedCard
FNF:8
FNH:0
FNDA:0,formatBirthday
FNDA:0,getCountryLabel
FNDA:0,(anonymous_2)
FNDA:0,trimPostText
FNDA:0,getPublicJournalPosts
FNDA:0,(anonymous_5)
FNDA:0,(anonymous_6)
FNDA:0,ProfilePostFeedCard
DA:4,0
DA:18,0
DA:26,0
DA:27,0
DA:30,0
DA:31,0
DA:32,0
DA:35,0
DA:36,0
DA:37,0
DA:38,0
DA:42,0
DA:43,0
DA:47,0
DA:48,0
DA:51,0
DA:52,0
DA:55,0
DA:59,0
DA:60,0
DA:61,0
DA:76,0
DA:78,0
LF:23
LH:0
BRDA:26,0,0,0
BRDA:26,0,1,0
BRDA:31,1,0,0
BRDA:31,1,1,0
BRDA:43,2,0,0
BRDA:43,2,1,0
BRDA:47,3,0,0
BRDA:47,3,1,0
BRDA:51,4,0,0
BRDA:51,4,1,0
BRDA:63,5,0,0
BRDA:63,5,1,0
BRDA:65,6,0,0
BRDA:65,6,1,0
BRDA:71,7,0,0
BRDA:71,7,1,0
BRDA:76,8,0,0
BRDA:76,8,1,0
BRDA:97,9,0,0
BRDA:97,9,1,0
BRDA:99,10,0,0
BRDA:99,10,1,0
BRDA:104,11,0,0
BRDA:104,11,1,0
BRDA:113,12,0,0
BRDA:113,12,1,0
BRDA:117,13,0,0
BRDA:117,13,1,0
BRF:28
BRH:0
end_of_record
TN:
SF:resources/js/components/profile/ProfileUser.jsx
FN:19,formatBirthday
FN:35,getCountryLabel
FN:36,(anonymous_2)
FN:42,trimPostText
FN:54,getPublicJournalPosts
FN:56,(anonymous_5)
FN:57,(anonymous_6)
FN:71,ProfilePostFeedCard
FNF:8
FNH:0
FNDA:0,formatBirthday
FNDA:0,getCountryLabel
FNDA:0,(anonymous_2)
FNDA:0,trimPostText
FNDA:0,getPublicJournalPosts
FNDA:0,(anonymous_5)
FNDA:0,(anonymous_6)
FNDA:0,ProfilePostFeedCard
DA:5,0
DA:20,0
DA:21,0
DA:24,0
DA:25,0
DA:26,0
DA:29,0
DA:30,0
DA:31,0
DA:32,0
DA:36,0
DA:37,0
DA:43,0
DA:44,0
DA:47,0
DA:48,0
DA:51,0
DA:55,0
DA:56,0
DA:57,0
DA:72,0
DA:74,0
LF:22
LH:0
BRDA:20,0,0,0
BRDA:20,0,1,0
BRDA:25,1,0,0
BRDA:25,1,1,0
BRDA:37,2,0,0
BRDA:37,2,1,0
BRDA:43,3,0,0
BRDA:43,3,1,0
BRDA:47,4,0,0
BRDA:47,4,1,0
BRDA:59,5,0,0
BRDA:59,5,1,0
BRDA:61,6,0,0
BRDA:61,6,1,0
BRDA:67,7,0,0
BRDA:67,7,1,0
BRDA:72,8,0,0
BRDA:72,8,1,0
BRDA:93,9,0,0
BRDA:93,9,1,0
BRDA:95,10,0,0
BRDA:95,10,1,0
BRDA:100,11,0,0
BRDA:100,11,1,0
BRDA:109,12,0,0
BRDA:109,12,1,0
BRDA:113,13,0,0
BRDA:113,13,1,0
BRF:28
BRH:0
end_of_record
TN:
SF:resources/js/components/profile/countries.js
FNF:0
FNH:0
DA:1,0
LF:1
LH:0
BRF:0
BRH:0
end_of_record
TN:
SF:resources/js/components/settings/SettingsLayout.jsx
FN:4,SettingsTabsNav
FN:7,(anonymous_1)
FN:11,(anonymous_2)
FN:22,SettingsLayout
FNF:4
FNH:0
FNDA:0,SettingsTabsNav
FNDA:0,(anonymous_1)
FNDA:0,(anonymous_2)
FNDA:0,SettingsLayout
DA:5,0
DA:8,0
DA:11,0
DA:23,0
LF:4
LH:0
BRDA:12,0,0,0
BRDA:12,0,1,0
BRF:2
BRH:0
end_of_record
TN:
SF:resources/js/components/settings/TwoFactorAuth.jsx
FN:10,TwoFactorAuth
FN:21,(anonymous_1)
FN:36,(anonymous_2)
FN:57,(anonymous_3)
FN:63,(anonymous_4)
FN:72,(anonymous_5)
FN:120,(anonymous_6)
FN:140,(anonymous_7)
FN:141,(anonymous_8)
FN:144,(anonymous_9)
FN:178,(anonymous_10)
FN:201,(anonymous_11)
FN:208,(anonymous_12)
FN:214,(anonymous_13)
FNF:14
FNH:0
FNDA:0,TwoFactorAuth
FNDA:0,(anonymous_1)
FNDA:0,(anonymous_2)
FNDA:0,(anonymous_3)
FNDA:0,(anonymous_4)
FNDA:0,(anonymous_5)
FNDA:0,(anonymous_6)
FNDA:0,(anonymous_7)
FNDA:0,(anonymous_8)
FNDA:0,(anonymous_9)
FNDA:0,(anonymous_10)
FNDA:0,(anonymous_11)
FNDA:0,(anonymous_12)
FNDA:0,(anonymous_13)
DA:11,0
DA:12,0
DA:13,0
DA:14,0
DA:15,0
DA:16,0
DA:17,0
DA:18,0
DA:19,0
DA:21,0
DA:22,0
DA:23,0
DA:24,0
DA:26,0
DA:27,0
DA:28,0
DA:30,0
DA:32,0
DA:36,0
DA:37,0
DA:38,0
DA:39,0
DA:42,0
DA:43,0
DA:44,0
DA:45,0
DA:48,0
DA:49,0
DA:51,0
DA:53,0
DA:57,0
DA:58,0
DA:59,0
DA:60,0
DA:61,0
DA:62,0
DA:63,0
DA:64,0
DA:65,0
DA:68,0
DA:72,0
DA:73,0
DA:74,0
DA:77,0
DA:78,0
DA:79,0
DA:80,0
DA:81,0
DA:82,0
DA:83,0
DA:85,0
DA:87,0
DA:91,0
DA:120,0
DA:140,0
DA:141,0
DA:144,0
DA:178,0
DA:202,0
DA:208,0
DA:215,0
DA:216,0
LF:62
LH:0
BRDA:12,0,0,0
BRDA:12,0,1,0
BRDA:30,1,0,0
BRDA:30,1,1,0
BRDA:37,2,0,0
BRDA:37,2,1,0
BRDA:37,3,0,0
BRDA:37,3,1,0
BRDA:48,4,0,0
BRDA:48,4,1,0
BRDA:51,5,0,0
BRDA:51,5,1,0
BRDA:73,6,0,0
BRDA:73,6,1,0
BRDA:85,7,0,0
BRDA:85,7,1,0
BRDA:105,8,0,0
BRDA:105,8,1,0
BRDA:106,9,0,0
BRDA:106,9,1,0
BRDA:118,10,0,0
BRDA:118,10,1,0
BRDA:124,11,0,0
BRDA:124,11,1,0
BRDA:132,12,0,0
BRDA:132,12,1,0
BRDA:139,13,0,0
BRDA:139,13,1,0
BRDA:150,14,0,0
BRDA:150,14,1,0
BRDA:161,15,0,0
BRDA:161,15,1,0
BRDA:167,16,0,0
BRDA:167,16,1,0
BRDA:182,17,0,0
BRDA:182,17,1,0
BRDA:186,18,0,0
BRDA:186,18,1,0
BRDA:188,19,0,0
BRDA:188,19,1,0
BRDA:194,20,0,0
BRDA:194,20,1,0
BRDA:211,21,0,0
BRDA:211,21,1,0
BRDA:227,22,0,0
BRDA:227,22,1,0
BRDA:233,23,0,0
BRDA:233,23,1,0
BRF:48
BRH:0
end_of_record
TN:
SF:resources/js/components/settings/constants.js
FNF:0
FNH:0
DA:1,0
DA:8,0
LF:2
LH:0
BRF:0
BRH:0
end_of_record
TN:
SF:resources/js/components/settings/controls.jsx
FN:3,Switch
FN:18,Label
FN:22,Input
FNF:3
FNH:0
FNDA:0,Switch
FNDA:0,Label
FNDA:0,Input
DA:4,0
DA:19,0
DA:23,0
LF:3
LH:0
BRDA:8,0,0,0
BRDA:8,0,1,0
BRDA:12,1,0,0
BRDA:12,1,1,0
BRDA:22,2,0,0
BRDA:22,3,0,0
BRF:6
BRH:0
end_of_record
TN:
SF:resources/js/components/settings/modals/DeactivateAccountModal.jsx
FN:4,DeactivateAccountModal
FN:5,(anonymous_1)
FN:11,(anonymous_2)
FN:24,(anonymous_3)
FNF:4
FNH:0
FNDA:0,DeactivateAccountModal
FNDA:0,(anonymous_1)
FNDA:0,(anonymous_2)
FNDA:0,(anonymous_3)
DA:5,0
DA:6,0
DA:7,0
DA:9,0
DA:11,0
DA:12,0
DA:16,0
DA:18,0
DA:24,0
LF:9
LH:0
BRDA:6,0,0,0
BRDA:6,0,1,0
BRDA:16,1,0,0
BRDA:16,1,1,0
BRF:4
BRH:0
end_of_record
TN:
SF:resources/js/components/settings/modals/TwoFactorModal.jsx
FN:4,TwoFactorModal
FN:12,(anonymous_1)
FN:18,(anonymous_2)
FN:23,(anonymous_3)
FN:29,(anonymous_4)
FN:51,(anonymous_5)
FNF:6
FNH:0
FNDA:0,TwoFactorModal
FNDA:0,(anonymous_1)
FNDA:0,(anonymous_2)
FNDA:0,(anonymous_3)
FNDA:0,(anonymous_4)
FNDA:0,(anonymous_5)
DA:9,0
DA:10,0
DA:12,0
DA:13,0
DA:14,0
DA:16,0
DA:18,0
DA:19,0
DA:23,0
DA:24,0
DA:26,0
DA:29,0
DA:31,0
DA:32,0
DA:33,0
DA:34,0
DA:37,0
DA:39,0
DA:51,0
LF:19
LH:0
BRDA:13,0,0,0
BRDA:13,0,1,0
BRDA:24,1,0,0
BRDA:24,1,1,0
BRDA:37,2,0,0
BRDA:37,2,1,0
BRDA:44,3,0,0
BRDA:44,3,1,0
BRF:8
BRH:0
end_of_record
TN:
SF:resources/js/components/settings/tabs/AccountTab.jsx
FN:5,AccountTab
FN:27,(anonymous_1)
FN:32,(anonymous_2)
FN:41,(anonymous_3)
FN:41,(anonymous_4)
FN:50,(anonymous_5)
FN:54,(anonymous_6)
FN:64,(anonymous_7)
FNF:8
FNH:0
FNDA:0,AccountTab
FNDA:0,(anonymous_1)
FNDA:0,(anonymous_2)
FNDA:0,(anonymous_3)
FNDA:0,(anonymous_4)
FNDA:0,(anonymous_5)
FNDA:0,(anonymous_6)
FNDA:0,(anonymous_7)
DA:22,0
DA:27,0
DA:32,0
DA:41,0
DA:51,0
DA:54,0
DA:64,0
LF:7
LH:0
BRDA:19,0,0,0
BRDA:48,1,0,0
BRDA:48,1,1,0
BRDA:80,2,0,0
BRDA:80,2,1,0
BRF:5
BRH:0
end_of_record
TN:
SF:resources/js/components/settings/tabs/NotificationTab.jsx
FN:4,NotificationTab
FN:17,(anonymous_1)
FN:17,(anonymous_2)
FN:22,(anonymous_3)
FN:22,(anonymous_4)
FN:27,(anonymous_5)
FN:27,(anonymous_6)
FNF:7
FNH:0
FNDA:0,NotificationTab
FNDA:0,(anonymous_1)
FNDA:0,(anonymous_2)
FNDA:0,(anonymous_3)
FNDA:0,(anonymous_4)
FNDA:0,(anonymous_5)
FNDA:0,(anonymous_6)
DA:12,0
DA:17,0
DA:22,0
DA:27,0
LF:4
LH:0
BRF:0
BRH:0
end_of_record
TN:
SF:resources/js/components/settings/tabs/PrivacyTab.jsx
FN:4,PrivacyTab
FN:14,(anonymous_1)
FN:23,(anonymous_2)
FN:32,(anonymous_3)
FN:32,(anonymous_4)
FN:37,(anonymous_5)
FN:37,(anonymous_6)
FNF:7
FNH:0
FNDA:0,PrivacyTab
FNDA:0,(anonymous_1)
FNDA:0,(anonymous_2)
FNDA:0,(anonymous_3)
FNDA:0,(anonymous_4)
FNDA:0,(anonymous_5)
FNDA:0,(anonymous_6)
DA:5,0
DA:14,0
DA:23,0
DA:32,0
DA:37,0
LF:5
LH:0
BRF:0
BRH:0
end_of_record
TN:
SF:resources/js/components/settings/tabs/SecurityTab.jsx
FN:5,SecurityTab
FN:25,(anonymous_1)
FN:43,(anonymous_2)
FN:52,(anonymous_3)
FN:61,(anonymous_4)
FN:71,(anonymous_5)
FNF:6
FNH:0
FNDA:0,SecurityTab
FNDA:0,(anonymous_1)
FNDA:0,(anonymous_2)
FNDA:0,(anonymous_3)
FNDA:0,(anonymous_4)
FNDA:0,(anonymous_5)
DA:19,0
DA:25,0
DA:43,0
DA:52,0
DA:61,0
DA:72,0
DA:73,0
DA:74,0
DA:75,0
LF:9
LH:0
BRDA:16,0,0,0
BRDA:21,1,0,0
BRDA:21,1,1,0
BRDA:67,2,0,0
BRDA:67,2,1,0
BRDA:87,3,0,0
BRDA:87,3,1,0
BRF:7
BRH:0
end_of_record
TN:
SF:resources/js/components/ui/FormMessage.jsx
FN:4,FormMessage
FNF:1
FNH:0
FNDA:0,FormMessage
DA:5,0
LF:1
LH:0
BRDA:4,0,0,0
BRF:1
BRH:0
end_of_record
TN:
SF:resources/js/components/ui/LoadingSpinner.jsx
FN:4,LoadingSpinner
FNF:1
FNH:0
FNDA:0,LoadingSpinner
DA:5,0
LF:1
LH:0
BRDA:4,0,0,0
BRF:1
BRH:0
end_of_record
TN:
SF:resources/js/components/ui/PrimaryButton.jsx
FN:5,PrimaryButton
FNF:1
FNH:0
FNDA:0,PrimaryButton
DA:6,0
LF:1
LH:0
BRDA:5,0,0,0
BRDA:5,1,0,0
BRDA:12,2,0,0
BRDA:12,2,1,0
BRF:4
BRH:0
end_of_record
TN:
SF:resources/js/components/ui/TextField.jsx
FN:4,TextField
FNF:1
FNH:0
FNDA:0,TextField
DA:13,0
LF:1
LH:0
BRDA:7,0,0,0
BRDA:10,1,0,0
BRDA:11,2,0,0
BRDA:27,3,0,0
BRDA:27,3,1,0
BRF:5
BRH:0
end_of_record
TN:
SF:resources/js/constants/communitiesData.js
FN:312,(anonymous_0)
FN:313,(anonymous_1)
FN:321,(anonymous_2)
FN:322,(anonymous_3)
FN:330,(anonymous_4)
FN:331,(anonymous_5)
FN:340,(anonymous_6)
FN:341,(anonymous_7)
FNF:8
FNH:0
FNDA:0,(anonymous_0)
FNDA:0,(anonymous_1)
FNDA:0,(anonymous_2)
FNDA:0,(anonymous_3)
FNDA:0,(anonymous_4)
FNDA:0,(anonymous_5)
FNDA:0,(anonymous_6)
FNDA:0,(anonymous_7)
DA:7,0
DA:311,0
DA:313,0
DA:320,0
DA:322,0
DA:330,0
DA:331,0
DA:340,0
DA:341,0
DA:350,0
LF:10
LH:0
BRF:0
BRH:0
end_of_record
TN:
SF:resources/js/context/AuthContext.jsx
FN:11,AuthProvider
FN:13,(anonymous_1)
FN:17,(anonymous_2)
FN:23,(anonymous_3)
FN:24,(anonymous_4)
FN:30,(anonymous_5)
FN:34,(anonymous_6)
FN:40,(anonymous_7)
FN:50,(anonymous_8)
FN:59,(anonymous_9)
FN:71,(anonymous_10)
FN:77,(anonymous_11)
FN:96,useAuth
FNF:13
FNH:0
FNDA:0,AuthProvider
FNDA:0,(anonymous_1)
FNDA:0,(anonymous_2)
FNDA:0,(anonymous_3)
FNDA:0,(anonymous_4)
FNDA:0,(anonymous_5)
FNDA:0,(anonymous_6)
FNDA:0,(anonymous_7)
FNDA:0,(anonymous_8)
FNDA:0,(anonymous_9)
FNDA:0,(anonymous_10)
FNDA:0,(anonymous_11)
FNDA:0,useAuth
DA:9,0
DA:12,0
DA:13,0
DA:14,0
DA:17,0
DA:18,0
DA:19,0
DA:20,0
DA:22,0
DA:23,0
DA:26,0
DA:27,0
DA:28,0
DA:30,0
DA:34,0
DA:35,0
DA:36,0
DA:40,0
DA:41,0
DA:42,0
DA:44,0
DA:45,0
DA:46,0
DA:50,0
DA:51,0
DA:52,0
DA:53,0
DA:54,0
DA:55,0
DA:59,0
DA:60,0
DA:61,0
DA:65,0
DA:66,0
DA:67,0
DA:71,0
DA:72,0
DA:73,0
DA:74,0
DA:77,0
DA:88,0
DA:97,0
DA:98,0
DA:99,0
DA:101,0
LF:45
LH:0
BRDA:18,0,0,0
BRDA:18,0,1,0
BRDA:81,1,0,0
BRDA:81,1,1,0
BRDA:98,2,0,0
BRDA:98,2,1,0
BRF:6
BRH:0
end_of_record
TN:
SF:resources/js/hooks/useCommunity.js
FN:12,useCommunities
FN:21,(anonymous_1)
FN:47,(anonymous_2)
FN:50,(anonymous_3)
FN:64,(anonymous_4)
FN:65,(anonymous_5)
FN:72,useCommunity
FN:77,(anonymous_7)
FN:83,(anonymous_8)
FN:106,useCategories
FN:111,(anonymous_10)
FN:112,(anonymous_11)
FN:135,useMyCommunities
FN:140,(anonymous_13)
FN:154,(anonymous_14)
FN:164,useCommunityActions
FN:169,(anonymous_16)
FN:186,(anonymous_17)
FN:203,(anonymous_18)
FN:221,useCommunityPosts
FN:228,(anonymous_20)
FN:249,(anonymous_21)
FN:261,(anonymous_22)
FN:268,useCommunityMembers
FN:276,(anonymous_24)
FN:298,(anonymous_25)
FN:311,(anonymous_26)
FNF:27
FNH:0
FNDA:0,useCommunities
FNDA:0,(anonymous_1)
FNDA:0,(anonymous_2)
FNDA:0,(anonymous_3)
FNDA:0,(anonymous_4)
FNDA:0,(anonymous_5)
FNDA:0,useCommunity
FNDA:0,(anonymous_7)
FNDA:0,(anonymous_8)
FNDA:0,useCategories
FNDA:0,(anonymous_10)
FNDA:0,(anonymous_11)
FNDA:0,useMyCommunities
FNDA:0,(anonymous_13)
FNDA:0,(anonymous_14)
FNDA:0,useCommunityActions
FNDA:0,(anonymous_16)
FNDA:0,(anonymous_17)
FNDA:0,(anonymous_18)
FNDA:0,useCommunityPosts
FNDA:0,(anonymous_20)
FNDA:0,(anonymous_21)
FNDA:0,(anonymous_22)
FNDA:0,useCommunityMembers
FNDA:0,(anonymous_24)
FNDA:0,(anonymous_25)
FNDA:0,(anonymous_26)
DA:13,0
DA:14,0
DA:15,0
DA:16,0
DA:17,0
DA:18,0
DA:19,0
DA:21,0
DA:23,0
[...]
DA:92,0
DA:93,0
DA:94,0
DA:96,0
DA:98,0
DA:104,0
DA:105,0
DA:106,0
DA:107,0
DA:114,0
DA:115,0
DA:116,0
DA:117,0
DA:118,0
DA:119,0
DA:121,0
DA:125,0
DA:126,0
DA:127,0
DA:128,0
DA:132,0
DA:133,0
DA:134,0
DA:135,0
DA:136,0
DA:137,0
DA:141,0
DA:145,0
DA:148,0
DA:149,0
DA:150,0
DA:153,0
DA:154,0
DA:155,0
DA:158,0
DA:159,0
DA:162,0
DA:177,0
DA:185,0
DA:193,0
DA:211,0
DA:225,0
LF:52
LH:0
BRDA:93,0,0,0
BRDA:93,0,1,0
BRDA:93,0,2,0
BRDA:94,1,0,0
BRDA:94,1,1,0
BRDA:107,2,0,0
BRDA:107,2,1,0
BRDA:117,3,0,0
BRDA:117,3,1,0
BRDA:117,3,2,0
BRDA:118,4,0,0
BRDA:118,4,1,0
BRDA:136,5,0,0
BRDA:136,5,1,0
BRDA:154,6,0,0
BRDA:154,6,1,0
BRDA:155,7,0,0
BRDA:155,7,1,0
BRDA:203,8,0,0
BRDA:203,8,1,0
BRDA:207,9,0,0
BRDA:207,9,1,0
BRDA:212,10,0,0
BRDA:212,10,1,0
BRDA:222,11,0,0
BRDA:222,11,1,0
BRF:26
BRH:0
end_of_record
TN:
SF:resources/js/pages/JournalPage.jsx
FN:13,JournalPage
FN:22,(anonymous_1)
FN:34,(anonymous_2)
FN:41,(anonymous_3)
FN:94,(anonymous_4)
FN:98,(anonymous_5)
FN:99,(anonymous_6)
FN:101,(anonymous_7)
FN:108,(anonymous_8)
FN:109,(anonymous_9)
FN:116,(anonymous_10)
FN:116,(anonymous_11)
FN:119,(anonymous_12)
FN:119,(anonymous_13)
FN:123,(anonymous_14)
FN:133,(anonymous_15)
FN:154,(anonymous_16)
FN:158,(anonymous_17)
FN:170,(anonymous_18)
FN:179,(anonymous_19)
FNF:20
FNH:0
FNDA:0,JournalPage
FNDA:0,(anonymous_1)
FNDA:0,(anonymous_2)
FNDA:0,(anonymous_3)
FNDA:0,(anonymous_4)
FNDA:0,(anonymous_5)
FNDA:0,(anonymous_6)
FNDA:0,(anonymous_7)
FNDA:0,(anonymous_8)
FNDA:0,(anonymous_9)
FNDA:0,(anonymous_10)
FNDA:0,(anonymous_11)
FNDA:0,(anonymous_12)
FNDA:0,(anonymous_13)
FNDA:0,(anonymous_14)
FNDA:0,(anonymous_15)
FNDA:0,(anonymous_16)
FNDA:0,(anonymous_17)
FNDA:0,(anonymous_18)
FNDA:0,(anonymous_19)
DA:14,0
DA:15,0
DA:16,0
DA:17,0
DA:18,0
DA:19,0
DA:22,0
DA:23,0
DA:24,0
DA:27,0
DA:28,0
DA:30,0
DA:32,0
DA:34,0
DA:37,0
DA:38,0
DA:41,0
DA:42,0
DA:43,0
DA:44,0
DA:45,0
DA:47,0
DA:48,0
DA:49,0
DA:50,0
DA:51,0
DA:52,0
DA:53,0
DA:54,0
DA:56,0
DA:57,0
DA:60,0
DA:84,0
DA:85,0
DA:87,0
DA:88,0
DA:90,0
DA:94,0
DA:95,0
DA:98,0
DA:99,0
DA:101,0
DA:102,0
DA:103,0
DA:104,0
DA:108,0
DA:109,0
DA:110,0
DA:112,0
DA:113,0
DA:116,0
DA:119,0
DA:123,0
DA:124,0
DA:125,0
DA:126,0
DA:127,0
DA:129,0
DA:133,0
DA:134,0
DA:137,0
DA:155,0
DA:158,0
DA:170,0
DA:179,0
LF:65
LH:0
BRDA:27,0,0,0
BRDA:27,0,1,0
BRDA:34,1,0,0
BRDA:34,1,1,0
BRDA:34,1,2,0
BRDA:37,2,0,0
BRDA:37,2,1,0
BRDA:37,2,2,0
BRDA:47,3,0,0
BRDA:47,3,1,0
BRDA:48,4,0,0
BRDA:48,4,1,0
BRDA:49,5,0,0
BRDA:49,5,1,0
BRDA:51,6,0,0
BRDA:51,6,1,0
BRDA:52,7,0,0
BRDA:52,7,1,0
BRDA:54,8,0,0
BRDA:54,8,1,0
BRDA:57,9,0,0
BRDA:57,9,1,0
BRDA:61,10,0,0
BRDA:61,10,1,0
BRDA:63,11,0,0
BRDA:63,11,1,0
BRDA:65,12,0,0
BRDA:65,12,1,0
BRDA:66,13,0,0
BRDA:66,13,1,0
BRDA:67,14,0,0
BRDA:67,14,1,0
BRDA:68,15,0,0
BRDA:68,15,1,0
BRDA:69,16,0,0
BRDA:69,16,1,0
BRDA:70,17,0,0
BRDA:70,17,1,0
BRDA:71,18,0,0
BRDA:71,18,1,0
BRDA:72,19,0,0
BRDA:72,19,1,0
BRDA:73,20,0,0
BRDA:73,20,1,0
BRDA:74,21,0,0
BRDA:74,21,1,0
BRDA:75,22,0,0
BRDA:75,22,1,0
BRDA:76,23,0,0
BRDA:76,23,1,0
BRDA:80,24,0,0
BRDA:80,24,1,0
BRDA:99,25,0,0
BRDA:99,25,1,0
BRDA:104,26,0,0
BRDA:104,26,1,0
BRDA:110,27,0,0
BRDA:110,27,1,0
BRDA:114,28,0,0
BRDA:114,28,1,0
BRDA:116,29,0,0
BRDA:116,29,1,0
BRDA:119,30,0,0
BRDA:119,30,1,0
BRDA:124,31,0,0
BRDA:124,31,1,0
BRDA:147,32,0,0
BRDA:147,32,1,0
BRDA:151,33,0,0
BRDA:151,33,1,0
BRDA:167,34,0,0
BRDA:167,34,1,0
BRDA:169,35,0,0
BRDA:169,35,1,0
BRF:74
BRH:0
end_of_record
TN:
SF:resources/js/pages/Login.jsx
FN:6,Login
FN:20,(anonymous_1)
FN:63,(anonymous_2)
FN:80,(anonymous_3)
FNF:4
FNH:0
FNDA:0,Login
FNDA:0,(anonymous_1)
FNDA:0,(anonymous_2)
FNDA:0,(anonymous_3)
DA:7,0
DA:8,0
DA:9,0
DA:10,0
DA:11,0
DA:12,0
DA:15,0
DA:16,0
DA:17,0
DA:20,0
DA:21,0
DA:22,0
DA:23,0
DA:24,0
DA:25,0
DA:26,0
DA:28,0
DA:29,0
DA:31,0
DA:35,0
DA:63,0
DA:80,0
LF:22
LH:0
BRDA:15,0,0,0
BRDA:15,0,1,0
BRDA:28,1,0,0
BRDA:28,1,1,0
BRDA:45,2,0,0
BRDA:45,2,1,0
BRF:6
BRH:0
end_of_record
TN:
SF:resources/js/pages/MyCommunityPage.jsx
FN:10,MyCommunityPage
FN:28,(anonymous_1)
FN:29,(anonymous_2)
FN:42,(anonymous_3)
FN:43,(anonymous_4)
FN:61,(anonymous_5)
FN:67,(anonymous_6)
FN:69,(anonymous_7)
FN:76,(anonymous_8)
FN:78,(anonymous_9)
FN:83,(anonymous_10)
FN:90,(anonymous_11)
FN:99,(anonymous_12)
FN:104,(anonymous_13)
FN:113,(anonymous_14)
FN:117,(anonymous_15)
FN:166,(anonymous_16)
FN:167,(anonymous_17)
FNF:18
FNH:0
FNDA:0,MyCommunityPage
FNDA:0,(anonymous_1)
FNDA:0,(anonymous_2)
FNDA:0,(anonymous_3)
FNDA:0,(anonymous_4)
FNDA:0,(anonymous_5)
FNDA:0,(anonymous_6)
FNDA:0,(anonymous_7)
FNDA:0,(anonymous_8)
FNDA:0,(anonymous_9)
FNDA:0,(anonymous_10)
FNDA:0,(anonymous_11)
FNDA:0,(anonymous_12)
FNDA:0,(anonymous_13)
FNDA:0,(anonymous_14)
FNDA:0,(anonymous_15)
FNDA:0,(anonymous_16)
FNDA:0,(anonymous_17)
DA:11,0
DA:12,0
DA:15,0
DA:17,0
DA:18,0
DA:22,0
DA:23,0
DA:24,0
DA:25,0
DA:28,0
DA:29,0
DA:30,0
DA:31,0
DA:32,0
DA:34,0
DA:38,0
DA:42,0
DA:43,0
DA:44,0
DA:45,0
DA:46,0
DA:47,0
DA:48,0
DA:50,0
DA:51,0
DA:53,0
DA:57,0
DA:61,0
DA:67,0
DA:69,0
DA:76,0
DA:77,0
DA:78,0
DA:79,0
DA:83,0
DA:84,0
DA:86,0
DA:87,0
DA:90,0
DA:91,0
DA:94,0
DA:99,0
DA:100,0
DA:101,0
DA:102,0
DA:104,0
DA:105,0
DA:108,0
DA:114,0
DA:117,0
DA:167,0
DA:168,0
DA:170,0
LF:53
LH:0
BRDA:15,0,0,0
BRDA:15,0,1,0
BRDA:32,1,0,0
BRDA:32,1,1,0
BRDA:48,2,0,0
BRDA:48,2,1,0
BRDA:50,3,0,0
BRDA:50,3,1,0
BRDA:77,4,0,0
BRDA:77,4,1,0
BRDA:79,5,0,0
BRDA:79,5,1,0
BRDA:84,6,0,0
BRDA:84,6,1,0
BRDA:86,7,0,0
BRDA:86,7,1,0
BRDA:91,8,0,0
BRDA:91,8,1,0
BRDA:100,9,0,0
BRDA:100,9,1,0
BRDA:101,10,0,0
BRDA:101,10,1,0
BRDA:119,11,0,0
BRDA:119,11,1,0
BRDA:137,12,0,0
BRDA:137,12,1,0
BRDA:141,13,0,0
BRDA:141,13,1,0
BRDA:150,14,0,0
BRDA:150,14,1,0
BRDA:155,15,0,0
BRDA:155,15,1,0
BRDA:162,16,0,0
BRDA:162,16,1,0
BRDA:168,17,0,0
BRDA:168,17,1,0
BRDA:176,18,0,0
BRDA:176,18,1,0
BRDA:177,19,0,0
BRDA:177,19,1,0
BRDA:178,20,0,0
BRDA:178,20,1,0
BRDA:179,21,0,0
BRDA:179,21,1,0
BRDA:181,22,0,0
BRDA:181,22,1,0
BRF:46
BRH:0
end_of_record
TN:
SF:resources/js/pages/ProfilePage.jsx
FN:18,ProfilePage
FN:26,(anonymous_1)
FN:39,(anonymous_2)
FN:46,(anonymous_3)
FN:47,(anonymous_4)
FN:68,(anonymous_5)
FN:72,(anonymous_6)
FN:82,(anonymous_7)
FN:87,(anonymous_8)
FN:89,(anonymous_9)
FN:90,(anonymous_10)
FN:94,(anonymous_11)
FN:132,(anonymous_12)
FN:172,(anonymous_13)
FN:176,(anonymous_14)
FN:177,(anonymous_15)
FN:178,(anonymous_16)
FN:179,(anonymous_17)
FN:193,(anonymous_18)
FNF:19
FNH:0
FNDA:0,ProfilePage
FNDA:0,(anonymous_1)
FNDA:0,(anonymous_2)
FNDA:0,(anonymous_3)
FNDA:0,(anonymous_4)
FNDA:0,(anonymous_5)
FNDA:0,(anonymous_6)
FNDA:0,(anonymous_7)
FNDA:0,(anonymous_8)
FNDA:0,(anonymous_9)
FNDA:0,(anonymous_10)
FNDA:0,(anonymous_11)
FNDA:0,(anonymous_12)
FNDA:0,(anonymous_13)
FNDA:0,(anonymous_14)
FNDA:0,(anonymous_15)
FNDA:0,(anonymous_16)
FNDA:0,(anonymous_17)
FNDA:0,(anonymous_18)
DA:19,0
DA:20,0
DA:21,0
DA:22,0
DA:23,0
DA:26,0
DA:39,0
DA:40,0
DA:41,0
DA:42,0
DA:43,0
DA:45,0
DA:46,0
DA:47,0
DA:59,0
DA:61,0
DA:63,0
DA:68,0
DA:69,0
DA:70,0
DA:71,0
DA:72,0
DA:78,0
DA:82,0
DA:83,0
DA:84,0
DA:87,0
DA:88,0
DA:89,0
DA:90,0
DA:94,0
DA:95,0
DA:96,0
DA:105,0
DA:109,0
DA:112,0
DA:132,0
DA:173,0
DA:193,0
LF:39
LH:0
BRDA:27,0,0,0
BRDA:27,0,1,0
BRDA:28,1,0,0
BRDA:28,1,1,0
BRDA:29,2,0,0
BRDA:29,2,1,0
BRDA:30,3,0,0
BRDA:30,3,1,0
BRDA:31,4,0,0
BRDA:31,4,1,0
BRDA:32,5,0,0
BRDA:32,5,1,0
BRDA:33,6,0,0
BRDA:33,6,1,0
BRDA:35,7,0,0
BRDA:35,7,1,0
BRDA:43,8,0,0
BRDA:43,8,1,0
BRDA:43,8,2,0
BRDA:46,9,0,0
BRDA:46,9,1,0
BRDA:48,10,0,0
BRDA:48,10,1,0
BRDA:49,11,0,0
BRDA:49,11,1,0
BRDA:50,12,0,0
BRDA:50,12,1,0
BRDA:51,13,0,0
BRDA:51,13,1,0
BRDA:53,14,0,0
BRDA:53,14,1,0
BRDA:54,15,0,0
BRDA:54,15,1,0
BRDA:55,16,0,0
BRDA:55,16,1,0
BRDA:56,17,0,0
BRDA:56,17,1,0
BRDA:57,18,0,0
BRDA:57,18,1,0
BRDA:71,19,0,0
BRDA:71,19,1,0
BRDA:71,19,2,0
BRDA:73,20,0,0
BRDA:73,20,1,0
BRDA:165,21,0,0
BRDA:165,21,1,0
BRDA:169,22,0,0
BRDA:169,22,1,0
BRDA:189,23,0,0
BRDA:189,23,1,0
BRF:50
BRH:0
end_of_record
TN:
SF:resources/js/pages/SettingsPage.jsx
FN:16,SettingsPage
FN:51,(anonymous_1)
FN:56,(anonymous_2)
FN:62,(anonymous_3)
FN:80,(anonymous_4)
FN:87,(anonymous_5)
FN:98,(anonymous_6)
FN:103,(anonymous_7)
FN:125,(anonymous_8)
FN:130,(anonymous_9)
FN:143,(anonymous_10)
FN:156,(anonymous_11)
FN:159,(anonymous_12)
FN:165,(anonymous_13)
FN:228,(anonymous_14)
FN:230,(anonymous_15)
FN:232,(anonymous_16)
FN:239,(anonymous_17)
FN:241,(anonymous_18)
FN:243,(anonymous_19)
FN:250,(anonymous_20)
FNF:21
FNH:0
FNDA:0,SettingsPage
FNDA:0,(anonymous_1)
FNDA:0,(anonymous_2)
FNDA:0,(anonymous_3)
FNDA:0,(anonymous_4)
FNDA:0,(anonymous_5)
FNDA:0,(anonymous_6)
FNDA:0,(anonymous_7)
FNDA:0,(anonymous_8)
FNDA:0,(anonymous_9)
FNDA:0,(anonymous_10)
FNDA:0,(anonymous_11)
FNDA:0,(anonymous_12)
FNDA:0,(anonymous_13)
FNDA:0,(anonymous_14)
FNDA:0,(anonymous_15)
FNDA:0,(anonymous_16)
FNDA:0,(anonymous_17)
FNDA:0,(anonymous_18)
FNDA:0,(anonymous_19)
FNDA:0,(anonymous_20)
DA:17,0
DA:18,0
DA:19,0
DA:20,0
DA:21,0
DA:22,0
DA:25,0
DA:26,0
DA:27,0
DA:28,0
DA:29,0
DA:32,0
DA:33,0
DA:34,0
DA:35,0
DA:37,0
DA:38,0
DA:41,0
DA:42,0
DA:43,0
DA:46,0
DA:47,0
DA:48,0
DA:51,0
DA:52,0
DA:56,0
DA:57,0
DA:58,0
DA:62,0
DA:63,0
DA:64,0
DA:65,0
DA:66,0
DA:68,0
DA:69,0
DA:70,0
DA:71,0
DA:72,0
DA:73,0
DA:74,0
DA:75,0
DA:80,0
DA:81,0
DA:82,0
DA:83,0
DA:87,0
DA:88,0
DA:89,0
DA:90,0
DA:91,0
DA:92,0
DA:93,0
DA:95,0
DA:97,0
DA:98,0
DA:103,0
DA:104,0
DA:105,0
DA:106,0
DA:108,0
DA:109,0
DA:110,0
DA:111,0
DA:116,0
DA:117,0
DA:118,0
DA:119,0
DA:120,0
DA:122,0
DA:124,0
DA:125,0
DA:130,0
DA:131,0
DA:132,0
DA:143,0
DA:144,0
DA:145,0
DA:156,0
DA:157,0
DA:158,0
DA:159,0
DA:160,0
DA:162,0
DA:165,0
DA:166,0
DA:167,0
DA:171,0
DA:172,0
DA:175,0
DA:228,0
DA:230,0
DA:232,0
DA:239,0
DA:241,0
DA:243,0
DA:250,0
LF:96
LH:0
BRDA:18,0,0,0
BRDA:63,1,0,0
BRDA:63,1,1,0
BRDA:64,2,0,0
BRDA:64,2,1,0
BRDA:65,3,0,0
BRDA:65,3,1,0
BRDA:66,4,0,0
BRDA:66,4,1,0
BRDA:68,5,0,0
BRDA:68,5,1,0
BRDA:69,6,0,0
BRDA:69,6,1,0
BRDA:70,7,0,0
BRDA:70,7,1,0
BRDA:71,8,0,0
BRDA:71,8,1,0
BRDA:95,9,0,0
BRDA:95,9,1,0
BRDA:104,10,0,0
BRDA:104,10,1,0
BRDA:122,11,0,0
BRDA:122,11,1,0
BRDA:133,12,0,0
BRDA:133,12,1,0
BRDA:134,13,0,0
BRDA:134,13,1,0
BRDA:135,14,0,0
BRDA:135,14,1,0
BRDA:146,15,0,0
BRDA:146,15,1,0
BRDA:147,16,0,0
BRDA:147,16,1,0
BRDA:148,17,0,0
BRDA:148,17,1,0
BRDA:157,18,0,0
BRDA:157,18,1,0
BRDA:177,19,0,0
BRDA:177,19,1,0
BRDA:183,20,0,0
BRDA:183,20,1,0
BRDA:183,21,0,0
BRDA:183,21,1,0
BRDA:184,22,0,0
BRDA:184,22,1,0
BRDA:184,23,0,0
BRDA:184,23,1,0
BRDA:190,24,0,0
BRDA:190,24,1,0
BRDA:208,25,0,0
BRDA:208,25,1,0
BRDA:225,26,0,0
BRDA:225,26,1,0
BRDA:236,27,0,0
BRDA:236,27,1,0
BRF:55
BRH:0
end_of_record
TN:
SF:resources/js/pages/SignUp.jsx
FN:6,SignUp
FN:24,(anonymous_1)
FN:83,(anonymous_2)
FN:100,(anonymous_3)
FN:115,(anonymous_4)
FN:132,(anonymous_5)
FN:149,(anonymous_6)
FNF:7
FNH:0
FNDA:0,SignUp
FNDA:0,(anonymous_1)
FNDA:0,(anonymous_2)
FNDA:0,(anonymous_3)
FNDA:0,(anonymous_4)
FNDA:0,(anonymous_5)
FNDA:0,(anonymous_6)
DA:7,0
DA:8,0
DA:9,0
DA:10,0
DA:11,0
DA:13,0
DA:14,0
DA:15,0
DA:16,0
DA:17,0
DA:19,0
DA:20,0
DA:21,0
DA:24,0
DA:25,0
DA:26,0
DA:27,0
DA:28,0
DA:29,0
DA:30,0
DA:37,0
DA:39,0
DA:40,0
DA:42,0
DA:43,0
DA:45,0
DA:49,0
DA:83,0
DA:100,0
DA:115,0
DA:132,0
DA:149,0
LF:32
LH:0
BRDA:19,0,0,0
BRDA:19,0,1,0
BRDA:35,1,0,0
BRDA:35,1,1,0
BRDA:39,2,0,0
BRDA:39,2,1,0
BRDA:42,3,0,0
BRDA:42,3,1,0
BRDA:68,4,0,0
BRDA:68,4,1,0
BRDA:86,5,0,0
BRDA:86,5,1,0
BRDA:118,6,0,0
BRDA:118,6,1,0
BRDA:135,7,0,0
BRDA:135,7,1,0
BRF:16
BRH:0
end_of_record
TN:
SF:resources/js/services/api.js
FN:34,(anonymous_0)
FN:53,(anonymous_1)
FN:54,(anonymous_2)
FNF:3
FNH:0
FNDA:0,(anonymous_0)
FNDA:0,(anonymous_1)
FNDA:0,(anonymous_2)
DA:10,2
DA:11,2
DA:13,2
DA:16,0
DA:18,0
DA:19,0
DA:21,0
DA:25,2
DA:34,2
DA:35,0
DA:36,0
DA:37,0
DA:41,0
DA:43,0
DA:45,0
DA:48,0
DA:52,2
DA:53,0
DA:55,0
DA:56,0
DA:58,0
DA:59,0
DA:62,0
LF:23
LH:6
BRDA:11,0,0,2
BRDA:11,0,1,0
BRDA:13,1,0,2
BRDA:13,1,1,2
BRDA:19,2,0,0
BRDA:19,2,1,0
BRDA:36,3,0,0
BRDA:36,3,1,0
BRDA:41,4,0,0
BRDA:41,4,1,0
BRDA:55,5,0,0
BRDA:55,5,1,0
BRDA:58,6,0,0
BRDA:58,6,1,0
BRF:14
BRH:3
end_of_record
TN:
SF:resources/js/services/authService.js
FN:12,(anonymous_0)
FN:21,(anonymous_1)
FN:29,(anonymous_2)
FN:38,(anonymous_3)
FN:47,(anonymous_4)
FN:56,(anonymous_5)
FNF:6
FNH:4
FNDA:2,(anonymous_0)
FNDA:1,(anonymous_1)
FNDA:1,(anonymous_2)
FNDA:0,(anonymous_3)
FNDA:0,(anonymous_4)
FNDA:1,(anonymous_5)
DA:7,1
DA:13,2
DA:14,1
DA:22,1
DA:23,1
DA:30,1
DA:31,1
DA:39,0
DA:40,0
DA:48,0
DA:49,0
DA:57,1
DA:58,1
LF:13
LH:9
BRF:0
BRH:0
end_of_record
TN:
SF:resources/js/services/communityService.js
FN:9,(anonymous_0)
FN:15,(anonymous_1)
FN:21,(anonymous_2)
FN:27,(anonymous_3)
FN:36,(anonymous_4)
FN:46,(anonymous_5)
FN:58,(anonymous_6)
FN:68,(anonymous_7)
FN:74,(anonymous_8)
FN:80,(anonymous_9)
FN:86,(anonymous_10)
FN:92,(anonymous_11)
FN:104,(anonymous_12)
FNF:13
FNH:0
FNDA:0,(anonymous_0)
FNDA:0,(anonymous_1)
FNDA:0,(anonymous_2)
FNDA:0,(anonymous_3)
FNDA:0,(anonymous_4)
FNDA:0,(anonymous_5)
FNDA:0,(anonymous_6)
FNDA:0,(anonymous_7)
FNDA:0,(anonymous_8)
FNDA:0,(anonymous_9)
FNDA:0,(anonymous_10)
FNDA:0,(anonymous_11)
FNDA:0,(anonymous_12)
DA:7,0
DA:10,0
DA:11,0
DA:16,0
DA:17,0
DA:22,0
DA:23,0
DA:28,0
DA:29,0
DA:37,0
DA:38,0
DA:48,0
DA:49,0
DA:50,0
DA:51,0
DA:52,0
DA:53,0
DA:54,0
DA:56,0
DA:58,0
DA:59,0
DA:63,0
DA:64,0
DA:69,0
DA:70,0
DA:75,0
DA:76,0
DA:81,0
DA:82,0
DA:87,0
DA:88,0
DA:93,0
DA:94,0
DA:105,0
DA:106,0
DA:107,0
DA:108,0
DA:114,0
DA:115,0
DA:122,0
DA:123,0
LF:41
LH:0
BRDA:21,0,0,0
BRDA:53,1,0,0
BRDA:53,1,1,0
BRDA:56,2,0,0
BRDA:56,2,1,0
BRDA:56,3,0,0
BRDA:56,3,1,0
BRDA:68,4,0,0
BRDA:74,5,0,0
BRDA:80,6,0,0
BRDA:106,7,0,0
BRDA:106,7,1,0
BRF:12
BRH:0
end_of_record
TN:
SF:resources/js/services/emailNotificationService.js
FN:12,(anonymous_0)
FN:26,(anonymous_1)
FN:35,(anonymous_2)
FN:44,(anonymous_3)
FNF:4
FNH:0
FNDA:0,(anonymous_0)
FNDA:0,(anonymous_1)
FNDA:0,(anonymous_2)
FNDA:0,(anonymous_3)
DA:7,0
DA:13,0
DA:14,0
DA:15,0
DA:17,0
DA:18,0
DA:27,0
DA:28,0
DA:36,0
DA:37,0
DA:45,0
DA:46,0
LF:12
LH:0
BRF:0
BRH:0
end_of_record
TN:
SF:resources/js/services/notificationService.js
FN:9,(anonymous_0)
FN:15,(anonymous_1)
FN:21,(anonymous_2)
FN:27,(anonymous_3)
FN:33,(anonymous_4)
FNF:5
FNH:0
FNDA:0,(anonymous_0)
FNDA:0,(anonymous_1)
FNDA:0,(anonymous_2)
FNDA:0,(anonymous_3)
FNDA:0,(anonymous_4)
DA:7,0
DA:10,0
DA:11,0
DA:16,0
DA:17,0
DA:22,0
DA:23,0
DA:28,0
DA:29,0
DA:34,0
DA:35,0
LF:11
LH:0
BRDA:9,0,0,0
BRF:1
BRH:0
end_of_record
TN:
SF:resources/js/services/postService.js
FN:10,(anonymous_0)
FN:16,(anonymous_1)
FN:22,(anonymous_2)
FN:31,(anonymous_3)
FN:40,(anonymous_4)
FN:62,(anonymous_5)
FN:77,(anonymous_6)
FN:84,(anonymous_7)
FN:90,(anonymous_8)
FN:99,(anonymous_9)
FN:105,(anonymous_10)
FN:112,(anonymous_11)
FN:118,(anonymous_12)
FN:124,(anonymous_13)
FN:131,(anonymous_14)
FN:137,(anonymous_15)
FN:143,(anonymous_16)
FNF:17
FNH:5
FNDA:1,(anonymous_0)
FNDA:0,(anonymous_1)
FNDA:0,(anonymous_2)
FNDA:1,(anonymous_3)
FNDA:0,(anonymous_4)
FNDA:0,(anonymous_5)
FNDA:1,(anonymous_6)
FNDA:0,(anonymous_7)
FNDA:0,(anonymous_8)
FNDA:0,(anonymous_9)
FNDA:0,(anonymous_10)
FNDA:0,(anonymous_11)
FNDA:1,(anonymous_12)
FNDA:1,(anonymous_13)
FNDA:0,(anonymous_14)
FNDA:0,(anonymous_15)
FNDA:0,(anonymous_16)
DA:7,1
DA:11,1
DA:12,1
DA:17,0
DA:18,0
DA:23,0
DA:24,0
DA:32,1
DA:33,1
DA:41,0
DA:42,0
DA:44,0
DA:50,0
DA:52,0
DA:53,0
DA:54,0
DA:56,0
DA:57,0
DA:64,0
DA:65,0
DA:66,0
DA:69,0
DA:72,0
DA:73,0
DA:78,1
DA:79,1
DA:85,0
DA:86,0
DA:91,0
DA:95,0
DA:100,0
DA:101,0
DA:106,0
DA:107,0
DA:113,0
DA:114,0
DA:119,1
DA:120,1
DA:125,1
DA:126,1
DA:132,0
DA:133,0
DA:138,0
DA:139,0
DA:144,0
DA:145,0
LF:46
LH:11
BRDA:10,0,0,0
BRDA:16,1,0,0
BRDA:64,2,0,0
BRDA:64,2,1,0
BRDA:84,3,0,0
BRDA:90,4,0,0
BRDA:143,5,0,0
BRF:7
BRH:0
end_of_record
TN:
SF:resources/js/services/profileService.js
FN:12,(anonymous_0)
FNF:1
FNH:0
FNDA:0,(anonymous_0)
DA:7,0
DA:13,0
DA:14,0
LF:3
LH:0
BRF:0
BRH:0
end_of_record
TN:
SF:resources/js/services/searchService.js
FN:12,(anonymous_0)
FN:26,(anonymous_1)
FN:33,(anonymous_2)
FN:40,(anonymous_3)
FN:48,(anonymous_4)
FNF:5
FNH:0
FNDA:0,(anonymous_0)
FNDA:0,(anonymous_1)
FNDA:0,(anonymous_2)
FNDA:0,(anonymous_3)
FNDA:0,(anonymous_4)
DA:7,0
DA:13,0
DA:19,0
DA:20,0
DA:27,0
DA:34,0
DA:41,0
DA:49,0
DA:50,0
DA:53,0
DA:56,0
LF:11
LH:0
BRDA:12,0,0,0
BRDA:12,1,0,0
BRDA:26,2,0,0
BRDA:33,3,0,0
BRDA:40,4,0,0
BRDA:49,5,0,0
BRDA:49,5,1,0
BRDA:49,6,0,0
BRDA:49,6,1,0
BRF:9
BRH:0
end_of_record
TN:
SF:resources/js/services/settingsService.js
FN:12,(anonymous_0)
FN:21,(anonymous_1)
FN:30,(anonymous_2)
FN:39,(anonymous_3)
FN:48,(anonymous_4)
FN:54,(anonymous_5)
FNF:6
FNH:0
FNDA:0,(anonymous_0)
FNDA:0,(anonymous_1)
FNDA:0,(anonymous_2)
FNDA:0,(anonymous_3)
FNDA:0,(anonymous_4)
FNDA:0,(anonymous_5)
DA:7,0
DA:13,0
DA:14,0
DA:22,0
DA:23,0
DA:31,0
DA:32,0
DA:40,0
DA:41,0
DA:49,0
DA:50,0
DA:55,0
DA:56,0
LF:13
LH:0
BRF:0
BRH:0
end_of_record
TN:
SF:resources/js/services/socketService.js
FN:15,(anonymous_0)
FN:22,(anonymous_1)
FN:23,(anonymous_2)
FN:34,(anonymous_3)
FN:37,(anonymous_4)
FN:48,(anonymous_5)
FN:54,(anonymous_6)
FN:58,(anonymous_7)
FN:63,(anonymous_8)
FN:79,(anonymous_9)
FN:89,(anonymous_10)
FN:100,(anonymous_11)
FN:108,(anonymous_12)
FN:119,(anonymous_13)
FN:126,(anonymous_14)
FNF:15
FNH:0
FNDA:0,(anonymous_0)
FNDA:0,(anonymous_1)
FNDA:0,(anonymous_2)
FNDA:0,(anonymous_3)
FNDA:0,(anonymous_4)
FNDA:0,(anonymous_5)
FNDA:0,(anonymous_6)
FNDA:0,(anonymous_7)
FNDA:0,(anonymous_8)
FNDA:0,(anonymous_9)
FNDA:0,(anonymous_10)
FNDA:0,(anonymous_11)
FNDA:0,(anonymous_12)
FNDA:0,(anonymous_13)
FNDA:0,(anonymous_14)
DA:7,0
DA:8,0
DA:16,0
DA:17,0
DA:18,0
DA:21,0
DA:22,0
DA:23,0
DA:24,0
DA:25,0
DA:26,0
DA:32,0
DA:34,0
DA:35,0
DA:37,0
DA:38,0
DA:48,0
DA:49,0
DA:50,0
DA:51,0
DA:54,0
DA:55,0
DA:58,0
DA:59,0
DA:60,0
DA:61,0
DA:64,0
DA:65,0
DA:66,0
DA:69,0
DA:70,0
DA:71,0
DA:80,0
DA:81,0
DA:82,0
DA:90,0
DA:91,0
DA:92,0
DA:94,0
DA:101,0
DA:102,0
DA:109,0
DA:110,0
DA:111,0
DA:113,0
DA:120,0
DA:127,0
LF:47
LH:0
BRDA:15,0,0,0
BRDA:16,1,0,0
BRDA:16,1,1,0
BRDA:21,2,0,0
BRDA:21,2,1,0
BRDA:24,3,0,0
BRDA:24,3,1,0
BRDA:80,4,0,0
BRDA:80,4,1,0
BRDA:90,5,0,0
BRDA:90,5,1,0
BRDA:101,6,0,0
BRDA:101,6,1,0
BRDA:109,7,0,0
BRDA:109,7,1,0
BRDA:127,8,0,0
BRDA:127,8,1,0
BRF:17
BRH:0
end_of_record
TN:
SF:resources/js/types/community.js
FNF:0
FNH:0
LF:0
LH:0
BRF:0
BRH:0
end_of_record
TN:
SF:resources/js/utils/authMockData.js
FNF:0
FNH:0
DA:1,0
DA:16,0
LF:2
LH:0
BRF:0
BRH:0
end_of_record
TN:
SF:resources/js/utils/moodColorMapper.js
FN:8,(anonymous_0)
FN:17,(anonymous_1)
FN:39,(anonymous_2)
FN:41,(anonymous_3)
FNF:4
FNH:0
FNDA:0,(anonymous_0)
FNDA:0,(anonymous_1)
FNDA:0,(anonymous_2)
FNDA:0,(anonymous_3)
DA:8,0
DA:9,0
DA:10,0
DA:16,0
DA:17,0
DA:20,0
DA:21,0
DA:29,0
DA:39,0
DA:40,0
DA:41,0
DA:43,0
LF:12
LH:0
BRDA:9,0,0,0
BRDA:9,0,1,0
BRDA:20,1,0,0
BRDA:20,1,1,0
BRDA:43,2,0,0
BRDA:43,2,1,0
BRF:6
BRH:0
end_of_record
TN:
SF:resources/js/utils/slugify.js
FN:10,slugify
FNF:1
FNH:0
FNDA:0,slugify
DA:11,0
DA:12,0
LF:2
LH:0
BRDA:11,0,0,0
BRDA:11,0,1,0
BRF:2
BRH:0
end_of_record
TN:
SF:resources/js/utils/socialMockData.js
FNF:0
FNH:0
DA:1,0
DA:7,0
DA:13,0
DA:97,0
DA:142,0
DA:166,0
DA:206,0
LF:7
LH:0
BRF:0
BRH:0
end_of_record
TN:
SF:resources/js/utils/textUtils.js
FN:7,truncateToWords
FNF:1
FNH:0
FNDA:0,truncateToWords
DA:8,0
DA:9,0
DA:12,0
DA:14,0
DA:15,0
DA:18,0
LF:6
LH:0
BRDA:7,0,0,0
BRDA:8,1,0,0
BRDA:8,1,1,0
BRDA:8,2,0,0
BRDA:8,2,1,0
BRDA:14,3,0,0
BRDA:14,3,1,0
BRF:7
BRH:0
end_of_record
TN:
SF:resources/js/utils/timeFormatter.js
FN:7,formatRelativeTime
FNF:1
FNH:0
FNDA:0,formatRelativeTime
DA:8,0
DA:10,0
DA:11,0
DA:12,0
DA:15,0
DA:16,0
DA:20,0
DA:21,0
DA:22,0
DA:26,0
DA:27,0
DA:28,0
DA:32,0
DA:33,0
DA:34,0
DA:38,0
DA:39,0
DA:40,0
DA:44,0
DA:45,0
DA:46,0
DA:47,0
DA:48,0
DA:49,0
DA:53,0
DA:54,0
DA:55,0
DA:56,0
DA:57,0
LF:29
LH:0
BRDA:8,0,0,0
BRDA:8,0,1,0
BRDA:15,1,0,0
BRDA:15,1,1,0
BRDA:16,2,0,0
BRDA:16,2,1,0
BRDA:21,3,0,0
BRDA:21,3,1,0
BRDA:22,4,0,0
BRDA:22,4,1,0
BRDA:27,5,0,0
BRDA:27,5,1,0
BRDA:28,6,0,0
BRDA:28,6,1,0
BRDA:33,7,0,0
BRDA:33,7,1,0
BRDA:34,8,0,0
BRDA:34,8,1,0
BRDA:39,9,0,0
BRDA:39,9,1,0
BRDA:40,10,0,0
BRDA:40,10,1,0
BRDA:45,11,0,0
BRDA:45,11,1,0
BRDA:48,12,0,0
BRDA:48,12,1,0
BRDA:56,13,0,0
BRDA:56,13,1,0
BRF:28
BRH:0
end_of_record
